11:31:35.035  [INFO ] StartupInfoLogger.java: Starting DemoApplication on lee with PID 10644 (D:\java\workspace2\springboot-demo\target\classes started by lee in D:\java\workspace2\springboot-demo)
11:31:35.035  [DEBUG] StartupInfoLogger.java: Running with Spring Boot v2.1.4.RELEASE, Spring v5.1.6.RELEASE
11:31:35.035  [INFO ] SpringApplication.java: The following profiles are active: dev
11:31:39.039  [INFO ] CommonFilter.java: [commonFilter] init...
11:31:41.041  [INFO ] StartupInfoLogger.java: Started DemoApplication in 6.667 seconds (JVM running for 8.56)
11:31:55.055 7F6CA492DB625A7AABFDEA06B8B0420E [INFO ] LogInterceptor.java: GET for '/springboot-demo/exception/m1' start... ip:0:0:0:0:0:0:0:1
11:31:55.055 7F6CA492DB625A7AABFDEA06B8B0420E [INFO ] LogInterceptor.java: input params: null
11:31:55.055 7F6CA492DB625A7AABFDEA06B8B0420E [INFO ] LogInterceptor.java: output results: {"code":501,"msg":"Required String parameter 'str' is not present"}
11:31:55.055 7F6CA492DB625A7AABFDEA06B8B0420E [INFO ] LogInterceptor.java: GET for '/springboot-demo/exception/m1' end, cost 156ms
11:40:31.031  [INFO ] CommonFilter.java: [commonFilter] destroy...
11:48:18.018  [INFO ] StartupInfoLogger.java: Starting DemoApplication on lee with PID 3584 (D:\java\workspace2\springboot-demo\target\classes started by lee in D:\java\workspace2\springboot-demo)
11:48:18.018  [DEBUG] StartupInfoLogger.java: Running with Spring Boot v2.1.4.RELEASE, Spring v5.1.6.RELEASE
11:48:18.018  [INFO ] SpringApplication.java: The following profiles are active: dev
11:48:22.022  [INFO ] CommonFilter.java: [commonFilter] init...
11:48:25.025  [INFO ] StartupInfoLogger.java: Started DemoApplication in 7.619 seconds (JVM running for 9.451)
11:48:35.035 777B2457FF323429C343E775C3AE2E44 [INFO ] LogInterceptor.java: GET for '/springboot-demo/exception/m1' start... ip:0:0:0:0:0:0:0:1
11:48:35.035 777B2457FF323429C343E775C3AE2E44 [INFO ] LogInterceptor.java: input params: null
11:48:35.035 777B2457FF323429C343E775C3AE2E44 [INFO ] LogInterceptor.java: output results: {"code":501,"msg":"Required String parameter 'str' is not present"}
11:48:35.035 777B2457FF323429C343E775C3AE2E44 [INFO ] LogInterceptor.java: GET for '/springboot-demo/exception/m1' end, cost 156ms
11:49:17.017  [INFO ] CommonFilter.java: [commonFilter] destroy...
