03:50:39.039 [restartedMain] [INFO ] StartupInfoLogger.java: Starting DemoApplication on lee with PID 10232 (D:\java\workspace2\springboot-demo\target\classes started by lee in D:\java\workspace2\springboot-demo)
03:50:39.039 [restartedMain] [DEBUG] StartupInfoLogger.java: Running with Spring Boot v2.1.4.RELEASE, Spring v5.1.6.RELEASE
03:50:39.039 [restartedMain] [INFO ] SpringApplication.java: The following profiles are active: dev
03:50:49.049 [restartedMain] [INFO ] StartupInfoLogger.java: Started DemoApplication in 11.289 seconds (JVM running for 14.872)
03:52:13.013 [http-nio-8080-exec-7] [INFO ] AppExceptionHandler.java: [uri]/springboot-demo/exception/m1 [res]ModelAndView [view="404.html"; model={code=500, message=Required String parameter 'str' is not present}]
03:54:24.024 [http-nio-8080-exec-10] [ERROR] AppExceptionHandler.java: system error: 
java.lang.ArithmeticException: / by zero
	at com.example.demo.controller.ExceptionController.m1(ExceptionController.java:27)
	at sun.reflect.NativeMethodAccessorImpl.invoke0(Native Method)
	at sun.reflect.NativeMethodAccessorImpl.invoke(NativeMethodAccessorImpl.java:62)
	at sun.reflect.DelegatingMethodAccessorImpl.invoke(DelegatingMethodAccessorImpl.java:43)
	at java.lang.reflect.Method.invoke(Method.java:497)
	at org.springframework.web.method.support.InvocableHandlerMethod.doInvoke(InvocableHandlerMethod.java:189)
	at org.springframework.web.method.support.InvocableHandlerMethod.invokeForRequest(InvocableHandlerMethod.java:138)
	at org.springframework.web.servlet.mvc.method.annotation.ServletInvocableHandlerMethod.invokeAndHandle(ServletInvocableHandlerMethod.java:102)
	at org.springframework.web.servlet.mvc.method.annotation.RequestMappingHandlerAdapter.invokeHandlerMethod(RequestMappingHandlerAdapter.java:892)
	at org.springframework.web.servlet.mvc.method.annotation.RequestMappingHandlerAdapter.handleInternal(RequestMappingHandlerAdapter.java:797)
	at org.springframework.web.servlet.mvc.method.AbstractHandlerMethodAdapter.handle(AbstractHandlerMethodAdapter.java:87)
	at org.springframework.web.servlet.DispatcherServlet.doDispatch(DispatcherServlet.java:1038)
	at org.springframework.web.servlet.DispatcherServlet.doService(DispatcherServlet.java:942)
	at org.springframework.web.servlet.FrameworkServlet.processRequest(FrameworkServlet.java:1005)
	at org.springframework.web.servlet.FrameworkServlet.doGet(FrameworkServlet.java:897)
	at javax.servlet.http.HttpServlet.service(HttpServlet.java:634)
	at org.springframework.web.servlet.FrameworkServlet.service(FrameworkServlet.java:882)
	at javax.servlet.http.HttpServlet.service(HttpServlet.java:741)
	at org.apache.catalina.core.ApplicationFilterChain.internalDoFilter(ApplicationFilterChain.java:231)
	at org.apache.catalina.core.ApplicationFilterChain.doFilter(ApplicationFilterChain.java:166)
	at org.apache.tomcat.websocket.server.WsFilter.doFilter(WsFilter.java:53)
	at org.apache.catalina.core.ApplicationFilterChain.internalDoFilter(ApplicationFilterChain.java:193)
	at org.apache.catalina.core.ApplicationFilterChain.doFilter(ApplicationFilterChain.java:166)
	at org.springframework.web.filter.RequestContextFilter.doFilterInternal(RequestContextFilter.java:99)
	at org.springframework.web.filter.OncePerRequestFilter.doFilter(OncePerRequestFilter.java:107)
	at org.apache.catalina.core.ApplicationFilterChain.internalDoFilter(ApplicationFilterChain.java:193)
	at org.apache.catalina.core.ApplicationFilterChain.doFilter(ApplicationFilterChain.java:166)
	at org.springframework.web.filter.FormContentFilter.doFilterInternal(FormContentFilter.java:92)
	at org.springframework.web.filter.OncePerRequestFilter.doFilter(OncePerRequestFilter.java:107)
	at org.apache.catalina.core.ApplicationFilterChain.internalDoFilter(ApplicationFilterChain.java:193)
	at org.apache.catalina.core.ApplicationFilterChain.doFilter(ApplicationFilterChain.java:166)
	at org.springframework.web.filter.HiddenHttpMethodFilter.doFilterInternal(HiddenHttpMethodFilter.java:93)
	at org.springframework.web.filter.OncePerRequestFilter.doFilter(OncePerRequestFilter.java:107)
	at org.apache.catalina.core.ApplicationFilterChain.internalDoFilter(ApplicationFilterChain.java:193)
	at org.apache.catalina.core.ApplicationFilterChain.doFilter(ApplicationFilterChain.java:166)
	at org.springframework.web.filter.CharacterEncodingFilter.doFilterInternal(CharacterEncodingFilter.java:200)
	at org.springframework.web.filter.OncePerRequestFilter.doFilter(OncePerRequestFilter.java:107)
	at org.apache.catalina.core.ApplicationFilterChain.internalDoFilter(ApplicationFilterChain.java:193)
	at org.apache.catalina.core.ApplicationFilterChain.doFilter(ApplicationFilterChain.java:166)
	at org.apache.catalina.core.StandardWrapperValve.invoke(StandardWrapperValve.java:200)
	at org.apache.catalina.core.StandardContextValve.invoke(StandardContextValve.java:96)
	at org.apache.catalina.authenticator.AuthenticatorBase.invoke(AuthenticatorBase.java:490)
	at org.apache.catalina.core.StandardHostValve.invoke(StandardHostValve.java:139)
	at org.apache.catalina.valves.ErrorReportValve.invoke(ErrorReportValve.java:92)
	at org.apache.catalina.core.StandardEngineValve.invoke(StandardEngineValve.java:74)
	at org.apache.catalina.connector.CoyoteAdapter.service(CoyoteAdapter.java:343)
	at org.apache.coyote.http11.Http11Processor.service(Http11Processor.java:408)
	at org.apache.coyote.AbstractProcessorLight.process(AbstractProcessorLight.java:66)
	at org.apache.coyote.AbstractProtocol$ConnectionHandler.process(AbstractProtocol.java:834)
	at org.apache.tomcat.util.net.NioEndpoint$SocketProcessor.doRun(NioEndpoint.java:1415)
	at org.apache.tomcat.util.net.SocketProcessorBase.run(SocketProcessorBase.java:49)
	at java.util.concurrent.ThreadPoolExecutor.runWorker(ThreadPoolExecutor.java:1142)
	at java.util.concurrent.ThreadPoolExecutor$Worker.run(ThreadPoolExecutor.java:617)
	at org.apache.tomcat.util.threads.TaskThread$WrappingRunnable.run(TaskThread.java:61)
	at java.lang.Thread.run(Thread.java:745)
03:54:24.024 [http-nio-8080-exec-10] [INFO ] AppExceptionHandler.java: [uri]/springboot-demo/exception/m1 [res]ModelAndView [view="error.html"; model={code=9999, message=system error}]
03:55:30.030 [http-nio-8080-exec-3] [INFO ] AppExceptionHandler.java: [uri]/springboot-demo/exception/m2 [res]ModelAndView [view="404.html"; model={code=500, message=Request method 'GET' not supported}]
04:01:47.047 [http-nio-8080-exec-7] [INFO ] AppExceptionHandler.java: [uri]/springboot-demo/exception/m2 [res]APIResponse(code=501, msg=name is missing, data=null)
04:40:57.057 [restartedMain] [INFO ] StartupInfoLogger.java: Starting DemoApplication on lee with PID 10232 (D:\java\workspace2\springboot-demo\target\classes started by lee in D:\java\workspace2\springboot-demo)
04:40:57.057 [restartedMain] [DEBUG] StartupInfoLogger.java: Running with Spring Boot v2.1.4.RELEASE, Spring v5.1.6.RELEASE
04:40:57.057 [restartedMain] [INFO ] SpringApplication.java: The following profiles are active: dev
04:41:00.000 [restartedMain] [INFO ] StartupInfoLogger.java: Started DemoApplication in 3.165 seconds (JVM running for 3026.135)
04:41:12.012 [http-nio-8080-exec-1] [INFO ] AppExceptionHandler.java: [Request]/springboot-demo/exception/m1 [Result]{"code":501,"msg":"Required String parameter 'str' is not present"}
04:42:43.043 [http-nio-8080-exec-4] [ERROR] AppExceptionHandler.java: system error: 
java.lang.ArithmeticException: / by zero
	at com.example.demo.controller.ExceptionController.m1(ExceptionController.java:27)
	at sun.reflect.NativeMethodAccessorImpl.invoke0(Native Method)
	at sun.reflect.NativeMethodAccessorImpl.invoke(NativeMethodAccessorImpl.java:62)
	at sun.reflect.DelegatingMethodAccessorImpl.invoke(DelegatingMethodAccessorImpl.java:43)
	at java.lang.reflect.Method.invoke(Method.java:497)
	at org.springframework.web.method.support.InvocableHandlerMethod.doInvoke(InvocableHandlerMethod.java:189)
	at org.springframework.web.method.support.InvocableHandlerMethod.invokeForRequest(InvocableHandlerMethod.java:138)
	at org.springframework.web.servlet.mvc.method.annotation.ServletInvocableHandlerMethod.invokeAndHandle(ServletInvocableHandlerMethod.java:102)
	at org.springframework.web.servlet.mvc.method.annotation.RequestMappingHandlerAdapter.invokeHandlerMethod(RequestMappingHandlerAdapter.java:892)
	at org.springframework.web.servlet.mvc.method.annotation.RequestMappingHandlerAdapter.handleInternal(RequestMappingHandlerAdapter.java:797)
	at org.springframework.web.servlet.mvc.method.AbstractHandlerMethodAdapter.handle(AbstractHandlerMethodAdapter.java:87)
	at org.springframework.web.servlet.DispatcherServlet.doDispatch(DispatcherServlet.java:1038)
	at org.springframework.web.servlet.DispatcherServlet.doService(DispatcherServlet.java:942)
	at org.springframework.web.servlet.FrameworkServlet.processRequest(FrameworkServlet.java:1005)
	at org.springframework.web.servlet.FrameworkServlet.doGet(FrameworkServlet.java:897)
	at javax.servlet.http.HttpServlet.service(HttpServlet.java:634)
	at org.springframework.web.servlet.FrameworkServlet.service(FrameworkServlet.java:882)
	at javax.servlet.http.HttpServlet.service(HttpServlet.java:741)
	at org.apache.catalina.core.ApplicationFilterChain.internalDoFilter(ApplicationFilterChain.java:231)
	at org.apache.catalina.core.ApplicationFilterChain.doFilter(ApplicationFilterChain.java:166)
	at org.apache.tomcat.websocket.server.WsFilter.doFilter(WsFilter.java:53)
	at org.apache.catalina.core.ApplicationFilterChain.internalDoFilter(ApplicationFilterChain.java:193)
	at org.apache.catalina.core.ApplicationFilterChain.doFilter(ApplicationFilterChain.java:166)
	at org.springframework.web.filter.RequestContextFilter.doFilterInternal(RequestContextFilter.java:99)
	at org.springframework.web.filter.OncePerRequestFilter.doFilter(OncePerRequestFilter.java:107)
	at org.apache.catalina.core.ApplicationFilterChain.internalDoFilter(ApplicationFilterChain.java:193)
	at org.apache.catalina.core.ApplicationFilterChain.doFilter(ApplicationFilterChain.java:166)
	at org.springframework.web.filter.FormContentFilter.doFilterInternal(FormContentFilter.java:92)
	at org.springframework.web.filter.OncePerRequestFilter.doFilter(OncePerRequestFilter.java:107)
	at org.apache.catalina.core.ApplicationFilterChain.internalDoFilter(ApplicationFilterChain.java:193)
	at org.apache.catalina.core.ApplicationFilterChain.doFilter(ApplicationFilterChain.java:166)
	at org.springframework.web.filter.HiddenHttpMethodFilter.doFilterInternal(HiddenHttpMethodFilter.java:93)
	at org.springframework.web.filter.OncePerRequestFilter.doFilter(OncePerRequestFilter.java:107)
	at org.apache.catalina.core.ApplicationFilterChain.internalDoFilter(ApplicationFilterChain.java:193)
	at org.apache.catalina.core.ApplicationFilterChain.doFilter(ApplicationFilterChain.java:166)
	at org.springframework.web.filter.CharacterEncodingFilter.doFilterInternal(CharacterEncodingFilter.java:200)
	at org.springframework.web.filter.OncePerRequestFilter.doFilter(OncePerRequestFilter.java:107)
	at org.apache.catalina.core.ApplicationFilterChain.internalDoFilter(ApplicationFilterChain.java:193)
	at org.apache.catalina.core.ApplicationFilterChain.doFilter(ApplicationFilterChain.java:166)
	at org.apache.catalina.core.StandardWrapperValve.invoke(StandardWrapperValve.java:200)
	at org.apache.catalina.core.StandardContextValve.invoke(StandardContextValve.java:96)
	at org.apache.catalina.authenticator.AuthenticatorBase.invoke(AuthenticatorBase.java:490)
	at org.apache.catalina.core.StandardHostValve.invoke(StandardHostValve.java:139)
	at org.apache.catalina.valves.ErrorReportValve.invoke(ErrorReportValve.java:92)
	at org.apache.catalina.core.StandardEngineValve.invoke(StandardEngineValve.java:74)
	at org.apache.catalina.connector.CoyoteAdapter.service(CoyoteAdapter.java:343)
	at org.apache.coyote.http11.Http11Processor.service(Http11Processor.java:408)
	at org.apache.coyote.AbstractProcessorLight.process(AbstractProcessorLight.java:66)
	at org.apache.coyote.AbstractProtocol$ConnectionHandler.process(AbstractProtocol.java:834)
	at org.apache.tomcat.util.net.NioEndpoint$SocketProcessor.doRun(NioEndpoint.java:1415)
	at org.apache.tomcat.util.net.SocketProcessorBase.run(SocketProcessorBase.java:49)
	at java.util.concurrent.ThreadPoolExecutor.runWorker(ThreadPoolExecutor.java:1142)
	at java.util.concurrent.ThreadPoolExecutor$Worker.run(ThreadPoolExecutor.java:617)
	at org.apache.tomcat.util.threads.TaskThread$WrappingRunnable.run(TaskThread.java:61)
	at java.lang.Thread.run(Thread.java:745)
04:42:43.043 [http-nio-8080-exec-4] [INFO ] AppExceptionHandler.java: [Request]/springboot-demo/exception/m1 [Result]{"code":9999,"msg":"An exception has occurred here. Please contact the service provider."}
04:43:16.016 [http-nio-8080-exec-6] [INFO ] AppExceptionHandler.java: [Request]/springboot-demo/exception/m2 [Result]{"code":500,"msg":"Request method 'GET' not supported"}
04:44:07.007 [http-nio-8080-exec-9] [INFO ] AppExceptionHandler.java: [Request]/springboot-demo/exception/m2 [Result]{"code":501,"msg":"name is missing"}
04:49:17.017 [restartedMain] [INFO ] StartupInfoLogger.java: Starting DemoApplication on lee with PID 10232 (D:\java\workspace2\springboot-demo\target\classes started by lee in D:\java\workspace2\springboot-demo)
04:49:17.017 [restartedMain] [DEBUG] StartupInfoLogger.java: Running with Spring Boot v2.1.4.RELEASE, Spring v5.1.6.RELEASE
04:49:17.017 [restartedMain] [INFO ] SpringApplication.java: The following profiles are active: dev
04:49:19.019 [restartedMain] [INFO ] StartupInfoLogger.java: Started DemoApplication in 2.52 seconds (JVM running for 3525.581)
04:49:36.036 [http-nio-8080-exec-1] [INFO ] AppExceptionHandler.java: [Request-/springboot-demo/exception/m1-Result] {"code":501,"msg":"Required String parameter 'str' is not present"}
04:49:47.047 [http-nio-8080-exec-3] [ERROR] AppExceptionHandler.java: system error: 
java.lang.ArithmeticException: / by zero
	at com.example.demo.controller.ExceptionController.m1(ExceptionController.java:27)
	at sun.reflect.NativeMethodAccessorImpl.invoke0(Native Method)
	at sun.reflect.NativeMethodAccessorImpl.invoke(NativeMethodAccessorImpl.java:62)
	at sun.reflect.DelegatingMethodAccessorImpl.invoke(DelegatingMethodAccessorImpl.java:43)
	at java.lang.reflect.Method.invoke(Method.java:497)
	at org.springframework.web.method.support.InvocableHandlerMethod.doInvoke(InvocableHandlerMethod.java:189)
	at org.springframework.web.method.support.InvocableHandlerMethod.invokeForRequest(InvocableHandlerMethod.java:138)
	at org.springframework.web.servlet.mvc.method.annotation.ServletInvocableHandlerMethod.invokeAndHandle(ServletInvocableHandlerMethod.java:102)
	at org.springframework.web.servlet.mvc.method.annotation.RequestMappingHandlerAdapter.invokeHandlerMethod(RequestMappingHandlerAdapter.java:892)
	at org.springframework.web.servlet.mvc.method.annotation.RequestMappingHandlerAdapter.handleInternal(RequestMappingHandlerAdapter.java:797)
	at org.springframework.web.servlet.mvc.method.AbstractHandlerMethodAdapter.handle(AbstractHandlerMethodAdapter.java:87)
	at org.springframework.web.servlet.DispatcherServlet.doDispatch(DispatcherServlet.java:1038)
	at org.springframework.web.servlet.DispatcherServlet.doService(DispatcherServlet.java:942)
	at org.springframework.web.servlet.FrameworkServlet.processRequest(FrameworkServlet.java:1005)
	at org.springframework.web.servlet.FrameworkServlet.doGet(FrameworkServlet.java:897)
	at javax.servlet.http.HttpServlet.service(HttpServlet.java:634)
	at org.springframework.web.servlet.FrameworkServlet.service(FrameworkServlet.java:882)
	at javax.servlet.http.HttpServlet.service(HttpServlet.java:741)
	at org.apache.catalina.core.ApplicationFilterChain.internalDoFilter(ApplicationFilterChain.java:231)
	at org.apache.catalina.core.ApplicationFilterChain.doFilter(ApplicationFilterChain.java:166)
	at org.apache.tomcat.websocket.server.WsFilter.doFilter(WsFilter.java:53)
	at org.apache.catalina.core.ApplicationFilterChain.internalDoFilter(ApplicationFilterChain.java:193)
	at org.apache.catalina.core.ApplicationFilterChain.doFilter(ApplicationFilterChain.java:166)
	at org.springframework.web.filter.RequestContextFilter.doFilterInternal(RequestContextFilter.java:99)
	at org.springframework.web.filter.OncePerRequestFilter.doFilter(OncePerRequestFilter.java:107)
	at org.apache.catalina.core.ApplicationFilterChain.internalDoFilter(ApplicationFilterChain.java:193)
	at org.apache.catalina.core.ApplicationFilterChain.doFilter(ApplicationFilterChain.java:166)
	at org.springframework.web.filter.FormContentFilter.doFilterInternal(FormContentFilter.java:92)
	at org.springframework.web.filter.OncePerRequestFilter.doFilter(OncePerRequestFilter.java:107)
	at org.apache.catalina.core.ApplicationFilterChain.internalDoFilter(ApplicationFilterChain.java:193)
	at org.apache.catalina.core.ApplicationFilterChain.doFilter(ApplicationFilterChain.java:166)
	at org.springframework.web.filter.HiddenHttpMethodFilter.doFilterInternal(HiddenHttpMethodFilter.java:93)
	at org.springframework.web.filter.OncePerRequestFilter.doFilter(OncePerRequestFilter.java:107)
	at org.apache.catalina.core.ApplicationFilterChain.internalDoFilter(ApplicationFilterChain.java:193)
	at org.apache.catalina.core.ApplicationFilterChain.doFilter(ApplicationFilterChain.java:166)
	at org.springframework.web.filter.CharacterEncodingFilter.doFilterInternal(CharacterEncodingFilter.java:200)
	at org.springframework.web.filter.OncePerRequestFilter.doFilter(OncePerRequestFilter.java:107)
	at org.apache.catalina.core.ApplicationFilterChain.internalDoFilter(ApplicationFilterChain.java:193)
	at org.apache.catalina.core.ApplicationFilterChain.doFilter(ApplicationFilterChain.java:166)
	at org.apache.catalina.core.StandardWrapperValve.invoke(StandardWrapperValve.java:200)
	at org.apache.catalina.core.StandardContextValve.invoke(StandardContextValve.java:96)
	at org.apache.catalina.authenticator.AuthenticatorBase.invoke(AuthenticatorBase.java:490)
	at org.apache.catalina.core.StandardHostValve.invoke(StandardHostValve.java:139)
	at org.apache.catalina.valves.ErrorReportValve.invoke(ErrorReportValve.java:92)
	at org.apache.catalina.core.StandardEngineValve.invoke(StandardEngineValve.java:74)
	at org.apache.catalina.connector.CoyoteAdapter.service(CoyoteAdapter.java:343)
	at org.apache.coyote.http11.Http11Processor.service(Http11Processor.java:408)
	at org.apache.coyote.AbstractProcessorLight.process(AbstractProcessorLight.java:66)
	at org.apache.coyote.AbstractProtocol$ConnectionHandler.process(AbstractProtocol.java:834)
	at org.apache.tomcat.util.net.NioEndpoint$SocketProcessor.doRun(NioEndpoint.java:1415)
	at org.apache.tomcat.util.net.SocketProcessorBase.run(SocketProcessorBase.java:49)
	at java.util.concurrent.ThreadPoolExecutor.runWorker(ThreadPoolExecutor.java:1142)
	at java.util.concurrent.ThreadPoolExecutor$Worker.run(ThreadPoolExecutor.java:617)
	at org.apache.tomcat.util.threads.TaskThread$WrappingRunnable.run(TaskThread.java:61)
	at java.lang.Thread.run(Thread.java:745)
04:49:47.047 [http-nio-8080-exec-3] [INFO ] AppExceptionHandler.java: [Request-/springboot-demo/exception/m1-Result] {"code":9999,"msg":"An exception has occurred here. Please contact the service provider."}
04:53:42.042 [restartedMain] [INFO ] StartupInfoLogger.java: Starting DemoApplication on lee with PID 10232 (D:\java\workspace2\springboot-demo\target\classes started by lee in D:\java\workspace2\springboot-demo)
04:53:42.042 [restartedMain] [DEBUG] StartupInfoLogger.java: Running with Spring Boot v2.1.4.RELEASE, Spring v5.1.6.RELEASE
04:53:42.042 [restartedMain] [INFO ] SpringApplication.java: The following profiles are active: dev
04:53:44.044 [restartedMain] [INFO ] StartupInfoLogger.java: Started DemoApplication in 2.502 seconds (JVM running for 3790.467)
04:53:52.052 [http-nio-8080-exec-1] [INFO ] AppExceptionHandler.java: Request for '/springboot-demo/exception/m1' -Result {"code":501,"msg":"Required String parameter 'str' is not present"}
09:03:57.057 [restartedMain] [INFO ] StartupInfoLogger.java: Starting DemoApplication on lee with PID 9296 (D:\java\workspace2\springboot-demo\target\classes started by lee in D:\java\workspace2\springboot-demo)
09:03:57.057 [restartedMain] [DEBUG] StartupInfoLogger.java: Running with Spring Boot v2.1.4.RELEASE, Spring v5.1.6.RELEASE
09:03:57.057 [restartedMain] [INFO ] SpringApplication.java: The following profiles are active: dev
09:04:08.008 [restartedMain] [INFO ] StartupInfoLogger.java: Started DemoApplication in 11.739 seconds (JVM running for 15.32)
09:04:44.044 [http-nio-8080-exec-1] [INFO ] LogInterceptor.java: Request for '/springboot-demo/exception/m1' start...
09:04:45.045 [http-nio-8080-exec-1] [INFO ] AppExceptionHandler.java: Request for '/springboot-demo/exception/m1' -result {"code":501,"msg":"Required String parameter 'str' is not present"}
09:04:45.045 [http-nio-8080-exec-1] [INFO ] LogInterceptor.java: Request for '/springboot-demo/exception/m1' end, cost 269ms
09:05:27.027 [http-nio-8080-exec-3] [INFO ] LogInterceptor.java: Request for '/springboot-demo/exception/m1' start...
09:05:27.027 [http-nio-8080-exec-3] [ERROR] AppExceptionHandler.java: system error: 
java.lang.ArithmeticException: / by zero
	at com.example.demo.controller.ExceptionController.m1(ExceptionController.java:27)
	at sun.reflect.NativeMethodAccessorImpl.invoke0(Native Method)
	at sun.reflect.NativeMethodAccessorImpl.invoke(NativeMethodAccessorImpl.java:62)
	at sun.reflect.DelegatingMethodAccessorImpl.invoke(DelegatingMethodAccessorImpl.java:43)
	at java.lang.reflect.Method.invoke(Method.java:497)
	at org.springframework.web.method.support.InvocableHandlerMethod.doInvoke(InvocableHandlerMethod.java:189)
	at org.springframework.web.method.support.InvocableHandlerMethod.invokeForRequest(InvocableHandlerMethod.java:138)
	at org.springframework.web.servlet.mvc.method.annotation.ServletInvocableHandlerMethod.invokeAndHandle(ServletInvocableHandlerMethod.java:102)
	at org.springframework.web.servlet.mvc.method.annotation.RequestMappingHandlerAdapter.invokeHandlerMethod(RequestMappingHandlerAdapter.java:892)
	at org.springframework.web.servlet.mvc.method.annotation.RequestMappingHandlerAdapter.handleInternal(RequestMappingHandlerAdapter.java:797)
	at org.springframework.web.servlet.mvc.method.AbstractHandlerMethodAdapter.handle(AbstractHandlerMethodAdapter.java:87)
	at org.springframework.web.servlet.DispatcherServlet.doDispatch(DispatcherServlet.java:1038)
	at org.springframework.web.servlet.DispatcherServlet.doService(DispatcherServlet.java:942)
	at org.springframework.web.servlet.FrameworkServlet.processRequest(FrameworkServlet.java:1005)
	at org.springframework.web.servlet.FrameworkServlet.doGet(FrameworkServlet.java:897)
	at javax.servlet.http.HttpServlet.service(HttpServlet.java:634)
	at org.springframework.web.servlet.FrameworkServlet.service(FrameworkServlet.java:882)
	at javax.servlet.http.HttpServlet.service(HttpServlet.java:741)
	at org.apache.catalina.core.ApplicationFilterChain.internalDoFilter(ApplicationFilterChain.java:231)
	at org.apache.catalina.core.ApplicationFilterChain.doFilter(ApplicationFilterChain.java:166)
	at org.apache.tomcat.websocket.server.WsFilter.doFilter(WsFilter.java:53)
	at org.apache.catalina.core.ApplicationFilterChain.internalDoFilter(ApplicationFilterChain.java:193)
	at org.apache.catalina.core.ApplicationFilterChain.doFilter(ApplicationFilterChain.java:166)
	at org.springframework.web.filter.RequestContextFilter.doFilterInternal(RequestContextFilter.java:99)
	at org.springframework.web.filter.OncePerRequestFilter.doFilter(OncePerRequestFilter.java:107)
	at org.apache.catalina.core.ApplicationFilterChain.internalDoFilter(ApplicationFilterChain.java:193)
	at org.apache.catalina.core.ApplicationFilterChain.doFilter(ApplicationFilterChain.java:166)
	at org.springframework.web.filter.FormContentFilter.doFilterInternal(FormContentFilter.java:92)
	at org.springframework.web.filter.OncePerRequestFilter.doFilter(OncePerRequestFilter.java:107)
	at org.apache.catalina.core.ApplicationFilterChain.internalDoFilter(ApplicationFilterChain.java:193)
	at org.apache.catalina.core.ApplicationFilterChain.doFilter(ApplicationFilterChain.java:166)
	at org.springframework.web.filter.HiddenHttpMethodFilter.doFilterInternal(HiddenHttpMethodFilter.java:93)
	at org.springframework.web.filter.OncePerRequestFilter.doFilter(OncePerRequestFilter.java:107)
	at org.apache.catalina.core.ApplicationFilterChain.internalDoFilter(ApplicationFilterChain.java:193)
	at org.apache.catalina.core.ApplicationFilterChain.doFilter(ApplicationFilterChain.java:166)
	at org.springframework.web.filter.CharacterEncodingFilter.doFilterInternal(CharacterEncodingFilter.java:200)
	at org.springframework.web.filter.OncePerRequestFilter.doFilter(OncePerRequestFilter.java:107)
	at org.apache.catalina.core.ApplicationFilterChain.internalDoFilter(ApplicationFilterChain.java:193)
	at org.apache.catalina.core.ApplicationFilterChain.doFilter(ApplicationFilterChain.java:166)
	at org.apache.catalina.core.StandardWrapperValve.invoke(StandardWrapperValve.java:200)
	at org.apache.catalina.core.StandardContextValve.invoke(StandardContextValve.java:96)
	at org.apache.catalina.authenticator.AuthenticatorBase.invoke(AuthenticatorBase.java:490)
	at org.apache.catalina.core.StandardHostValve.invoke(StandardHostValve.java:139)
	at org.apache.catalina.valves.ErrorReportValve.invoke(ErrorReportValve.java:92)
	at org.apache.catalina.core.StandardEngineValve.invoke(StandardEngineValve.java:74)
	at org.apache.catalina.connector.CoyoteAdapter.service(CoyoteAdapter.java:343)
	at org.apache.coyote.http11.Http11Processor.service(Http11Processor.java:408)
	at org.apache.coyote.AbstractProcessorLight.process(AbstractProcessorLight.java:66)
	at org.apache.coyote.AbstractProtocol$ConnectionHandler.process(AbstractProtocol.java:834)
	at org.apache.tomcat.util.net.NioEndpoint$SocketProcessor.doRun(NioEndpoint.java:1415)
	at org.apache.tomcat.util.net.SocketProcessorBase.run(SocketProcessorBase.java:49)
	at java.util.concurrent.ThreadPoolExecutor.runWorker(ThreadPoolExecutor.java:1142)
	at java.util.concurrent.ThreadPoolExecutor$Worker.run(ThreadPoolExecutor.java:617)
	at org.apache.tomcat.util.threads.TaskThread$WrappingRunnable.run(TaskThread.java:61)
	at java.lang.Thread.run(Thread.java:745)
09:05:27.027 [http-nio-8080-exec-3] [INFO ] AppExceptionHandler.java: Request for '/springboot-demo/exception/m1' -result {"code":9999,"msg":"An exception has occurred here. Please contact the service provider."}
09:05:27.027 [http-nio-8080-exec-3] [INFO ] LogInterceptor.java: Request for '/springboot-demo/exception/m1' end, cost 13ms
09:06:07.007 [http-nio-8080-exec-6] [INFO ] LogInterceptor.java: Request for '/springboot-demo/exception/m2' start...
09:06:07.007 [http-nio-8080-exec-6] [ERROR] AppExceptionHandler.java: system error: 
java.lang.RuntimeException: java.io.IOException: Stream closed
	at com.example.demo.interceptor.RequestWrapper.inputStream2String(RequestWrapper.java:64)
	at com.example.demo.interceptor.LogInterceptor.postHandle(LogInterceptor.java:34)
	at org.springframework.web.servlet.HandlerExecutionChain.applyPostHandle(HandlerExecutionChain.java:156)
	at org.springframework.web.servlet.DispatcherServlet.doDispatch(DispatcherServlet.java:1045)
	at org.springframework.web.servlet.DispatcherServlet.doService(DispatcherServlet.java:942)
	at org.springframework.web.servlet.FrameworkServlet.processRequest(FrameworkServlet.java:1005)
	at org.springframework.web.servlet.FrameworkServlet.doPost(FrameworkServlet.java:908)
	at javax.servlet.http.HttpServlet.service(HttpServlet.java:660)
	at org.springframework.web.servlet.FrameworkServlet.service(FrameworkServlet.java:882)
	at javax.servlet.http.HttpServlet.service(HttpServlet.java:741)
	at org.apache.catalina.core.ApplicationFilterChain.internalDoFilter(ApplicationFilterChain.java:231)
	at org.apache.catalina.core.ApplicationFilterChain.doFilter(ApplicationFilterChain.java:166)
	at org.apache.tomcat.websocket.server.WsFilter.doFilter(WsFilter.java:53)
	at org.apache.catalina.core.ApplicationFilterChain.internalDoFilter(ApplicationFilterChain.java:193)
	at org.apache.catalina.core.ApplicationFilterChain.doFilter(ApplicationFilterChain.java:166)
	at org.springframework.web.filter.RequestContextFilter.doFilterInternal(RequestContextFilter.java:99)
	at org.springframework.web.filter.OncePerRequestFilter.doFilter(OncePerRequestFilter.java:107)
	at org.apache.catalina.core.ApplicationFilterChain.internalDoFilter(ApplicationFilterChain.java:193)
	at org.apache.catalina.core.ApplicationFilterChain.doFilter(ApplicationFilterChain.java:166)
	at org.springframework.web.filter.FormContentFilter.doFilterInternal(FormContentFilter.java:92)
	at org.springframework.web.filter.OncePerRequestFilter.doFilter(OncePerRequestFilter.java:107)
	at org.apache.catalina.core.ApplicationFilterChain.internalDoFilter(ApplicationFilterChain.java:193)
	at org.apache.catalina.core.ApplicationFilterChain.doFilter(ApplicationFilterChain.java:166)
	at org.springframework.web.filter.HiddenHttpMethodFilter.doFilterInternal(HiddenHttpMethodFilter.java:93)
	at org.springframework.web.filter.OncePerRequestFilter.doFilter(OncePerRequestFilter.java:107)
	at org.apache.catalina.core.ApplicationFilterChain.internalDoFilter(ApplicationFilterChain.java:193)
	at org.apache.catalina.core.ApplicationFilterChain.doFilter(ApplicationFilterChain.java:166)
	at org.springframework.web.filter.CharacterEncodingFilter.doFilterInternal(CharacterEncodingFilter.java:200)
	at org.springframework.web.filter.OncePerRequestFilter.doFilter(OncePerRequestFilter.java:107)
	at org.apache.catalina.core.ApplicationFilterChain.internalDoFilter(ApplicationFilterChain.java:193)
	at org.apache.catalina.core.ApplicationFilterChain.doFilter(ApplicationFilterChain.java:166)
	at org.apache.catalina.core.StandardWrapperValve.invoke(StandardWrapperValve.java:200)
	at org.apache.catalina.core.StandardContextValve.invoke(StandardContextValve.java:96)
	at org.apache.catalina.authenticator.AuthenticatorBase.invoke(AuthenticatorBase.java:490)
	at org.apache.catalina.core.StandardHostValve.invoke(StandardHostValve.java:139)
	at org.apache.catalina.valves.ErrorReportValve.invoke(ErrorReportValve.java:92)
	at org.apache.catalina.core.StandardEngineValve.invoke(StandardEngineValve.java:74)
	at org.apache.catalina.connector.CoyoteAdapter.service(CoyoteAdapter.java:343)
	at org.apache.coyote.http11.Http11Processor.service(Http11Processor.java:408)
	at org.apache.coyote.AbstractProcessorLight.process(AbstractProcessorLight.java:66)
	at org.apache.coyote.AbstractProtocol$ConnectionHandler.process(AbstractProtocol.java:834)
	at org.apache.tomcat.util.net.NioEndpoint$SocketProcessor.doRun(NioEndpoint.java:1415)
	at org.apache.tomcat.util.net.SocketProcessorBase.run(SocketProcessorBase.java:49)
	at java.util.concurrent.ThreadPoolExecutor.runWorker(ThreadPoolExecutor.java:1142)
	at java.util.concurrent.ThreadPoolExecutor$Worker.run(ThreadPoolExecutor.java:617)
	at org.apache.tomcat.util.threads.TaskThread$WrappingRunnable.run(TaskThread.java:61)
	at java.lang.Thread.run(Thread.java:745)
Caused by: java.io.IOException: Stream closed
	at org.apache.catalina.connector.InputBuffer.read(InputBuffer.java:359)
	at org.apache.catalina.connector.CoyoteInputStream.read(CoyoteInputStream.java:132)
	at sun.nio.cs.StreamDecoder.readBytes(StreamDecoder.java:284)
	at sun.nio.cs.StreamDecoder.implRead(StreamDecoder.java:326)
	at sun.nio.cs.StreamDecoder.read(StreamDecoder.java:178)
	at java.io.InputStreamReader.read(InputStreamReader.java:184)
	at java.io.BufferedReader.fill(BufferedReader.java:161)
	at java.io.BufferedReader.readLine(BufferedReader.java:324)
	at java.io.BufferedReader.readLine(BufferedReader.java:389)
	at com.example.demo.interceptor.RequestWrapper.inputStream2String(RequestWrapper.java:60)
	... 46 common frames omitted
09:06:07.007 [http-nio-8080-exec-6] [INFO ] AppExceptionHandler.java: Request for '/springboot-demo/exception/m2' -result {"code":9999,"msg":"An exception has occurred here. Please contact the service provider."}
09:06:07.007 [http-nio-8080-exec-6] [INFO ] LogInterceptor.java: Request for '/springboot-demo/exception/m2' end, cost 148ms
09:10:52.052 [restartedMain] [INFO ] StartupInfoLogger.java: Starting DemoApplication on lee with PID 9296 (D:\java\workspace2\springboot-demo\target\classes started by lee in D:\java\workspace2\springboot-demo)
09:10:52.052 [restartedMain] [DEBUG] StartupInfoLogger.java: Running with Spring Boot v2.1.4.RELEASE, Spring v5.1.6.RELEASE
09:10:52.052 [restartedMain] [INFO ] SpringApplication.java: The following profiles are active: dev
09:10:54.054 [restartedMain] [INFO ] StartupInfoLogger.java: Started DemoApplication in 2.716 seconds (JVM running for 421.629)
09:11:03.003 [http-nio-8080-exec-2] [INFO ] LogInterceptor.java: Request for '/springboot-demo/exception/m2' start...
09:11:03.003 [http-nio-8080-exec-2] [INFO ] LogInterceptor.java: body
09:11:03.003 [http-nio-8080-exec-2] [ERROR] AppExceptionHandler.java: system error: 
org.springframework.http.converter.HttpMessageNotReadableException: I/O error while reading input message; nested exception is java.io.IOException: Stream closed
	at org.springframework.web.servlet.mvc.method.annotation.AbstractMessageConverterMethodArgumentResolver.readWithMessageConverters(AbstractMessageConverterMethodArgumentResolver.java:216)
	at org.springframework.web.servlet.mvc.method.annotation.RequestResponseBodyMethodProcessor.readWithMessageConverters(RequestResponseBodyMethodProcessor.java:157)
	at org.springframework.web.servlet.mvc.method.annotation.RequestResponseBodyMethodProcessor.resolveArgument(RequestResponseBodyMethodProcessor.java:130)
	at org.springframework.web.method.support.HandlerMethodArgumentResolverComposite.resolveArgument(HandlerMethodArgumentResolverComposite.java:126)
	at org.springframework.web.method.support.InvocableHandlerMethod.getMethodArgumentValues(InvocableHandlerMethod.java:166)
	at org.springframework.web.method.support.InvocableHandlerMethod.invokeForRequest(InvocableHandlerMethod.java:134)
	at org.springframework.web.servlet.mvc.method.annotation.ServletInvocableHandlerMethod.invokeAndHandle(ServletInvocableHandlerMethod.java:102)
	at org.springframework.web.servlet.mvc.method.annotation.RequestMappingHandlerAdapter.invokeHandlerMethod(RequestMappingHandlerAdapter.java:892)
	at org.springframework.web.servlet.mvc.method.annotation.RequestMappingHandlerAdapter.handleInternal(RequestMappingHandlerAdapter.java:797)
	at org.springframework.web.servlet.mvc.method.AbstractHandlerMethodAdapter.handle(AbstractHandlerMethodAdapter.java:87)
	at org.springframework.web.servlet.DispatcherServlet.doDispatch(DispatcherServlet.java:1038)
	at org.springframework.web.servlet.DispatcherServlet.doService(DispatcherServlet.java:942)
	at org.springframework.web.servlet.FrameworkServlet.processRequest(FrameworkServlet.java:1005)
	at org.springframework.web.servlet.FrameworkServlet.doPost(FrameworkServlet.java:908)
	at javax.servlet.http.HttpServlet.service(HttpServlet.java:660)
	at org.springframework.web.servlet.FrameworkServlet.service(FrameworkServlet.java:882)
	at javax.servlet.http.HttpServlet.service(HttpServlet.java:741)
	at org.apache.catalina.core.ApplicationFilterChain.internalDoFilter(ApplicationFilterChain.java:231)
	at org.apache.catalina.core.ApplicationFilterChain.doFilter(ApplicationFilterChain.java:166)
	at org.apache.tomcat.websocket.server.WsFilter.doFilter(WsFilter.java:53)
	at org.apache.catalina.core.ApplicationFilterChain.internalDoFilter(ApplicationFilterChain.java:193)
	at org.apache.catalina.core.ApplicationFilterChain.doFilter(ApplicationFilterChain.java:166)
	at org.springframework.web.filter.RequestContextFilter.doFilterInternal(RequestContextFilter.java:99)
	at org.springframework.web.filter.OncePerRequestFilter.doFilter(OncePerRequestFilter.java:107)
	at org.apache.catalina.core.ApplicationFilterChain.internalDoFilter(ApplicationFilterChain.java:193)
	at org.apache.catalina.core.ApplicationFilterChain.doFilter(ApplicationFilterChain.java:166)
	at org.springframework.web.filter.FormContentFilter.doFilterInternal(FormContentFilter.java:92)
	at org.springframework.web.filter.OncePerRequestFilter.doFilter(OncePerRequestFilter.java:107)
	at org.apache.catalina.core.ApplicationFilterChain.internalDoFilter(ApplicationFilterChain.java:193)
	at org.apache.catalina.core.ApplicationFilterChain.doFilter(ApplicationFilterChain.java:166)
	at org.springframework.web.filter.HiddenHttpMethodFilter.doFilterInternal(HiddenHttpMethodFilter.java:93)
	at org.springframework.web.filter.OncePerRequestFilter.doFilter(OncePerRequestFilter.java:107)
	at org.apache.catalina.core.ApplicationFilterChain.internalDoFilter(ApplicationFilterChain.java:193)
	at org.apache.catalina.core.ApplicationFilterChain.doFilter(ApplicationFilterChain.java:166)
	at org.springframework.web.filter.CharacterEncodingFilter.doFilterInternal(CharacterEncodingFilter.java:200)
	at org.springframework.web.filter.OncePerRequestFilter.doFilter(OncePerRequestFilter.java:107)
	at org.apache.catalina.core.ApplicationFilterChain.internalDoFilter(ApplicationFilterChain.java:193)
	at org.apache.catalina.core.ApplicationFilterChain.doFilter(ApplicationFilterChain.java:166)
	at org.apache.catalina.core.StandardWrapperValve.invoke(StandardWrapperValve.java:200)
	at org.apache.catalina.core.StandardContextValve.invoke(StandardContextValve.java:96)
	at org.apache.catalina.authenticator.AuthenticatorBase.invoke(AuthenticatorBase.java:490)
	at org.apache.catalina.core.StandardHostValve.invoke(StandardHostValve.java:139)
	at org.apache.catalina.valves.ErrorReportValve.invoke(ErrorReportValve.java:92)
	at org.apache.catalina.core.StandardEngineValve.invoke(StandardEngineValve.java:74)
	at org.apache.catalina.connector.CoyoteAdapter.service(CoyoteAdapter.java:343)
	at org.apache.coyote.http11.Http11Processor.service(Http11Processor.java:408)
	at org.apache.coyote.AbstractProcessorLight.process(AbstractProcessorLight.java:66)
	at org.apache.coyote.AbstractProtocol$ConnectionHandler.process(AbstractProtocol.java:834)
	at org.apache.tomcat.util.net.NioEndpoint$SocketProcessor.doRun(NioEndpoint.java:1415)
	at org.apache.tomcat.util.net.SocketProcessorBase.run(SocketProcessorBase.java:49)
	at java.util.concurrent.ThreadPoolExecutor.runWorker(ThreadPoolExecutor.java:1142)
	at java.util.concurrent.ThreadPoolExecutor$Worker.run(ThreadPoolExecutor.java:617)
	at org.apache.tomcat.util.threads.TaskThread$WrappingRunnable.run(TaskThread.java:61)
	at java.lang.Thread.run(Thread.java:745)
Caused by: java.io.IOException: Stream closed
	at org.apache.catalina.connector.InputBuffer.readByte(InputBuffer.java:347)
	at org.apache.catalina.connector.CoyoteInputStream.read(CoyoteInputStream.java:84)
	at java.io.FilterInputStream.read(FilterInputStream.java:83)
	at java.io.PushbackInputStream.read(PushbackInputStream.java:139)
	at org.springframework.web.servlet.mvc.method.annotation.AbstractMessageConverterMethodArgumentResolver$EmptyBodyCheckingHttpInputMessage.<init>(AbstractMessageConverterMethodArgumentResolver.java:324)
	at org.springframework.web.servlet.mvc.method.annotation.AbstractMessageConverterMethodArgumentResolver.readWithMessageConverters(AbstractMessageConverterMethodArgumentResolver.java:193)
	... 53 common frames omitted
09:11:03.003 [http-nio-8080-exec-2] [INFO ] AppExceptionHandler.java: Request for '/springboot-demo/exception/m2' -result {"code":9999,"msg":"An exception has occurred here. Please contact the service provider."}
09:11:03.003 [http-nio-8080-exec-2] [INFO ] LogInterceptor.java: Request for '/springboot-demo/exception/m2' end, cost 52ms
09:12:53.053 [restartedMain] [INFO ] StartupInfoLogger.java: Starting DemoApplication on lee with PID 9296 (D:\java\workspace2\springboot-demo\target\classes started by lee in D:\java\workspace2\springboot-demo)
09:12:53.053 [restartedMain] [DEBUG] StartupInfoLogger.java: Running with Spring Boot v2.1.4.RELEASE, Spring v5.1.6.RELEASE
09:12:53.053 [restartedMain] [INFO ] SpringApplication.java: The following profiles are active: dev
09:12:54.054 [restartedMain] [INFO ] CommonFilter.java: [commonFilter] init...
09:12:55.055 [restartedMain] [INFO ] StartupInfoLogger.java: Started DemoApplication in 2.661 seconds (JVM running for 542.801)
09:13:47.047 [http-nio-8080-exec-2] [INFO ] LogInterceptor.java: Request for '/springboot-demo/exception/m2' start...
09:13:47.047 [http-nio-8080-exec-2] [INFO ] LogInterceptor.java: body
09:13:47.047 [http-nio-8080-exec-2] [ERROR] AppExceptionHandler.java: system error: 
org.springframework.http.converter.HttpMessageNotReadableException: I/O error while reading input message; nested exception is java.io.IOException: Stream closed
	at org.springframework.web.servlet.mvc.method.annotation.AbstractMessageConverterMethodArgumentResolver.readWithMessageConverters(AbstractMessageConverterMethodArgumentResolver.java:216)
	at org.springframework.web.servlet.mvc.method.annotation.RequestResponseBodyMethodProcessor.readWithMessageConverters(RequestResponseBodyMethodProcessor.java:157)
	at org.springframework.web.servlet.mvc.method.annotation.RequestResponseBodyMethodProcessor.resolveArgument(RequestResponseBodyMethodProcessor.java:130)
	at org.springframework.web.method.support.HandlerMethodArgumentResolverComposite.resolveArgument(HandlerMethodArgumentResolverComposite.java:126)
	at org.springframework.web.method.support.InvocableHandlerMethod.getMethodArgumentValues(InvocableHandlerMethod.java:166)
	at org.springframework.web.method.support.InvocableHandlerMethod.invokeForRequest(InvocableHandlerMethod.java:134)
	at org.springframework.web.servlet.mvc.method.annotation.ServletInvocableHandlerMethod.invokeAndHandle(ServletInvocableHandlerMethod.java:102)
	at org.springframework.web.servlet.mvc.method.annotation.RequestMappingHandlerAdapter.invokeHandlerMethod(RequestMappingHandlerAdapter.java:892)
	at org.springframework.web.servlet.mvc.method.annotation.RequestMappingHandlerAdapter.handleInternal(RequestMappingHandlerAdapter.java:797)
	at org.springframework.web.servlet.mvc.method.AbstractHandlerMethodAdapter.handle(AbstractHandlerMethodAdapter.java:87)
	at org.springframework.web.servlet.DispatcherServlet.doDispatch(DispatcherServlet.java:1038)
	at org.springframework.web.servlet.DispatcherServlet.doService(DispatcherServlet.java:942)
	at org.springframework.web.servlet.FrameworkServlet.processRequest(FrameworkServlet.java:1005)
	at org.springframework.web.servlet.FrameworkServlet.doPost(FrameworkServlet.java:908)
	at javax.servlet.http.HttpServlet.service(HttpServlet.java:660)
	at org.springframework.web.servlet.FrameworkServlet.service(FrameworkServlet.java:882)
	at javax.servlet.http.HttpServlet.service(HttpServlet.java:741)
	at org.apache.catalina.core.ApplicationFilterChain.internalDoFilter(ApplicationFilterChain.java:231)
	at org.apache.catalina.core.ApplicationFilterChain.doFilter(ApplicationFilterChain.java:166)
	at org.apache.tomcat.websocket.server.WsFilter.doFilter(WsFilter.java:53)
	at org.apache.catalina.core.ApplicationFilterChain.internalDoFilter(ApplicationFilterChain.java:193)
	at org.apache.catalina.core.ApplicationFilterChain.doFilter(ApplicationFilterChain.java:166)
	at com.example.demo.filter.CommonFilter.doFilter(CommonFilter.java:42)
	at org.apache.catalina.core.ApplicationFilterChain.internalDoFilter(ApplicationFilterChain.java:193)
	at org.apache.catalina.core.ApplicationFilterChain.doFilter(ApplicationFilterChain.java:166)
	at org.springframework.web.filter.RequestContextFilter.doFilterInternal(RequestContextFilter.java:99)
	at org.springframework.web.filter.OncePerRequestFilter.doFilter(OncePerRequestFilter.java:107)
	at org.apache.catalina.core.ApplicationFilterChain.internalDoFilter(ApplicationFilterChain.java:193)
	at org.apache.catalina.core.ApplicationFilterChain.doFilter(ApplicationFilterChain.java:166)
	at org.springframework.web.filter.FormContentFilter.doFilterInternal(FormContentFilter.java:92)
	at org.springframework.web.filter.OncePerRequestFilter.doFilter(OncePerRequestFilter.java:107)
	at org.apache.catalina.core.ApplicationFilterChain.internalDoFilter(ApplicationFilterChain.java:193)
	at org.apache.catalina.core.ApplicationFilterChain.doFilter(ApplicationFilterChain.java:166)
	at org.springframework.web.filter.HiddenHttpMethodFilter.doFilterInternal(HiddenHttpMethodFilter.java:93)
	at org.springframework.web.filter.OncePerRequestFilter.doFilter(OncePerRequestFilter.java:107)
	at org.apache.catalina.core.ApplicationFilterChain.internalDoFilter(ApplicationFilterChain.java:193)
	at org.apache.catalina.core.ApplicationFilterChain.doFilter(ApplicationFilterChain.java:166)
	at org.springframework.web.filter.CharacterEncodingFilter.doFilterInternal(CharacterEncodingFilter.java:200)
	at org.springframework.web.filter.OncePerRequestFilter.doFilter(OncePerRequestFilter.java:107)
	at org.apache.catalina.core.ApplicationFilterChain.internalDoFilter(ApplicationFilterChain.java:193)
	at org.apache.catalina.core.ApplicationFilterChain.doFilter(ApplicationFilterChain.java:166)
	at org.apache.catalina.core.StandardWrapperValve.invoke(StandardWrapperValve.java:200)
	at org.apache.catalina.core.StandardContextValve.invoke(StandardContextValve.java:96)
	at org.apache.catalina.authenticator.AuthenticatorBase.invoke(AuthenticatorBase.java:490)
	at org.apache.catalina.core.StandardHostValve.invoke(StandardHostValve.java:139)
	at org.apache.catalina.valves.ErrorReportValve.invoke(ErrorReportValve.java:92)
	at org.apache.catalina.core.StandardEngineValve.invoke(StandardEngineValve.java:74)
	at org.apache.catalina.connector.CoyoteAdapter.service(CoyoteAdapter.java:343)
	at org.apache.coyote.http11.Http11Processor.service(Http11Processor.java:408)
	at org.apache.coyote.AbstractProcessorLight.process(AbstractProcessorLight.java:66)
	at org.apache.coyote.AbstractProtocol$ConnectionHandler.process(AbstractProtocol.java:834)
	at org.apache.tomcat.util.net.NioEndpoint$SocketProcessor.doRun(NioEndpoint.java:1415)
	at org.apache.tomcat.util.net.SocketProcessorBase.run(SocketProcessorBase.java:49)
	at java.util.concurrent.ThreadPoolExecutor.runWorker(ThreadPoolExecutor.java:1142)
	at java.util.concurrent.ThreadPoolExecutor$Worker.run(ThreadPoolExecutor.java:617)
	at org.apache.tomcat.util.threads.TaskThread$WrappingRunnable.run(TaskThread.java:61)
	at java.lang.Thread.run(Thread.java:745)
Caused by: java.io.IOException: Stream closed
	at org.apache.catalina.connector.InputBuffer.readByte(InputBuffer.java:347)
	at org.apache.catalina.connector.CoyoteInputStream.read(CoyoteInputStream.java:84)
	at java.io.FilterInputStream.read(FilterInputStream.java:83)
	at java.io.PushbackInputStream.read(PushbackInputStream.java:139)
	at org.springframework.web.servlet.mvc.method.annotation.AbstractMessageConverterMethodArgumentResolver$EmptyBodyCheckingHttpInputMessage.<init>(AbstractMessageConverterMethodArgumentResolver.java:324)
	at org.springframework.web.servlet.mvc.method.annotation.AbstractMessageConverterMethodArgumentResolver.readWithMessageConverters(AbstractMessageConverterMethodArgumentResolver.java:193)
	... 56 common frames omitted
09:13:47.047 [http-nio-8080-exec-2] [INFO ] AppExceptionHandler.java: Request for '/springboot-demo/exception/m2' -result {"code":9999,"msg":"An exception has occurred here. Please contact the service provider."}
09:13:47.047 [http-nio-8080-exec-2] [INFO ] LogInterceptor.java: Request for '/springboot-demo/exception/m2' end, cost 30ms
09:18:27.027 [Thread-24] [INFO ] CommonFilter.java: [commonFilter] destroy...
09:18:28.028 [restartedMain] [INFO ] StartupInfoLogger.java: Starting DemoApplication on lee with PID 9296 (D:\java\workspace2\springboot-demo\target\classes started by lee in D:\java\workspace2\springboot-demo)
09:18:28.028 [restartedMain] [DEBUG] StartupInfoLogger.java: Running with Spring Boot v2.1.4.RELEASE, Spring v5.1.6.RELEASE
09:18:28.028 [restartedMain] [INFO ] SpringApplication.java: The following profiles are active: dev
09:18:30.030 [restartedMain] [INFO ] CommonFilter.java: [commonFilter] init...
09:18:31.031 [restartedMain] [INFO ] StartupInfoLogger.java: Started DemoApplication in 2.569 seconds (JVM running for 878.014)
09:18:41.041 [http-nio-8080-exec-2] [INFO ] LogInterceptor.java: Request for '/springboot-demo/exception/m2' start...
09:18:41.041 [http-nio-8080-exec-2] [INFO ] LogInterceptor.java: body
09:18:41.041 [http-nio-8080-exec-2] [ERROR] AppExceptionHandler.java: system error: 
org.springframework.http.converter.HttpMessageNotReadableException: I/O error while reading input message; nested exception is java.io.IOException: Stream closed
	at org.springframework.web.servlet.mvc.method.annotation.AbstractMessageConverterMethodArgumentResolver.readWithMessageConverters(AbstractMessageConverterMethodArgumentResolver.java:216)
	at org.springframework.web.servlet.mvc.method.annotation.RequestResponseBodyMethodProcessor.readWithMessageConverters(RequestResponseBodyMethodProcessor.java:157)
	at org.springframework.web.servlet.mvc.method.annotation.RequestResponseBodyMethodProcessor.resolveArgument(RequestResponseBodyMethodProcessor.java:130)
	at org.springframework.web.method.support.HandlerMethodArgumentResolverComposite.resolveArgument(HandlerMethodArgumentResolverComposite.java:126)
	at org.springframework.web.method.support.InvocableHandlerMethod.getMethodArgumentValues(InvocableHandlerMethod.java:166)
	at org.springframework.web.method.support.InvocableHandlerMethod.invokeForRequest(InvocableHandlerMethod.java:134)
	at org.springframework.web.servlet.mvc.method.annotation.ServletInvocableHandlerMethod.invokeAndHandle(ServletInvocableHandlerMethod.java:102)
	at org.springframework.web.servlet.mvc.method.annotation.RequestMappingHandlerAdapter.invokeHandlerMethod(RequestMappingHandlerAdapter.java:892)
	at org.springframework.web.servlet.mvc.method.annotation.RequestMappingHandlerAdapter.handleInternal(RequestMappingHandlerAdapter.java:797)
	at org.springframework.web.servlet.mvc.method.AbstractHandlerMethodAdapter.handle(AbstractHandlerMethodAdapter.java:87)
	at org.springframework.web.servlet.DispatcherServlet.doDispatch(DispatcherServlet.java:1038)
	at org.springframework.web.servlet.DispatcherServlet.doService(DispatcherServlet.java:942)
	at org.springframework.web.servlet.FrameworkServlet.processRequest(FrameworkServlet.java:1005)
	at org.springframework.web.servlet.FrameworkServlet.doPost(FrameworkServlet.java:908)
	at javax.servlet.http.HttpServlet.service(HttpServlet.java:660)
	at org.springframework.web.servlet.FrameworkServlet.service(FrameworkServlet.java:882)
	at javax.servlet.http.HttpServlet.service(HttpServlet.java:741)
	at org.apache.catalina.core.ApplicationFilterChain.internalDoFilter(ApplicationFilterChain.java:231)
	at org.apache.catalina.core.ApplicationFilterChain.doFilter(ApplicationFilterChain.java:166)
	at org.apache.tomcat.websocket.server.WsFilter.doFilter(WsFilter.java:53)
	at org.apache.catalina.core.ApplicationFilterChain.internalDoFilter(ApplicationFilterChain.java:193)
	at org.apache.catalina.core.ApplicationFilterChain.doFilter(ApplicationFilterChain.java:166)
	at com.example.demo.filter.CommonFilter.doFilter(CommonFilter.java:43)
	at org.apache.catalina.core.ApplicationFilterChain.internalDoFilter(ApplicationFilterChain.java:193)
	at org.apache.catalina.core.ApplicationFilterChain.doFilter(ApplicationFilterChain.java:166)
	at org.springframework.web.filter.RequestContextFilter.doFilterInternal(RequestContextFilter.java:99)
	at org.springframework.web.filter.OncePerRequestFilter.doFilter(OncePerRequestFilter.java:107)
	at org.apache.catalina.core.ApplicationFilterChain.internalDoFilter(ApplicationFilterChain.java:193)
	at org.apache.catalina.core.ApplicationFilterChain.doFilter(ApplicationFilterChain.java:166)
	at org.springframework.web.filter.FormContentFilter.doFilterInternal(FormContentFilter.java:92)
	at org.springframework.web.filter.OncePerRequestFilter.doFilter(OncePerRequestFilter.java:107)
	at org.apache.catalina.core.ApplicationFilterChain.internalDoFilter(ApplicationFilterChain.java:193)
	at org.apache.catalina.core.ApplicationFilterChain.doFilter(ApplicationFilterChain.java:166)
	at org.springframework.web.filter.HiddenHttpMethodFilter.doFilterInternal(HiddenHttpMethodFilter.java:93)
	at org.springframework.web.filter.OncePerRequestFilter.doFilter(OncePerRequestFilter.java:107)
	at org.apache.catalina.core.ApplicationFilterChain.internalDoFilter(ApplicationFilterChain.java:193)
	at org.apache.catalina.core.ApplicationFilterChain.doFilter(ApplicationFilterChain.java:166)
	at org.springframework.web.filter.CharacterEncodingFilter.doFilterInternal(CharacterEncodingFilter.java:200)
	at org.springframework.web.filter.OncePerRequestFilter.doFilter(OncePerRequestFilter.java:107)
	at org.apache.catalina.core.ApplicationFilterChain.internalDoFilter(ApplicationFilterChain.java:193)
	at org.apache.catalina.core.ApplicationFilterChain.doFilter(ApplicationFilterChain.java:166)
	at org.apache.catalina.core.StandardWrapperValve.invoke(StandardWrapperValve.java:200)
	at org.apache.catalina.core.StandardContextValve.invoke(StandardContextValve.java:96)
	at org.apache.catalina.authenticator.AuthenticatorBase.invoke(AuthenticatorBase.java:490)
	at org.apache.catalina.core.StandardHostValve.invoke(StandardHostValve.java:139)
	at org.apache.catalina.valves.ErrorReportValve.invoke(ErrorReportValve.java:92)
	at org.apache.catalina.core.StandardEngineValve.invoke(StandardEngineValve.java:74)
	at org.apache.catalina.connector.CoyoteAdapter.service(CoyoteAdapter.java:343)
	at org.apache.coyote.http11.Http11Processor.service(Http11Processor.java:408)
	at org.apache.coyote.AbstractProcessorLight.process(AbstractProcessorLight.java:66)
	at org.apache.coyote.AbstractProtocol$ConnectionHandler.process(AbstractProtocol.java:834)
	at org.apache.tomcat.util.net.NioEndpoint$SocketProcessor.doRun(NioEndpoint.java:1415)
	at org.apache.tomcat.util.net.SocketProcessorBase.run(SocketProcessorBase.java:49)
	at java.util.concurrent.ThreadPoolExecutor.runWorker(ThreadPoolExecutor.java:1142)
	at java.util.concurrent.ThreadPoolExecutor$Worker.run(ThreadPoolExecutor.java:617)
	at org.apache.tomcat.util.threads.TaskThread$WrappingRunnable.run(TaskThread.java:61)
	at java.lang.Thread.run(Thread.java:745)
Caused by: java.io.IOException: Stream closed
	at org.apache.catalina.connector.InputBuffer.readByte(InputBuffer.java:347)
	at org.apache.catalina.connector.CoyoteInputStream.read(CoyoteInputStream.java:84)
	at java.io.FilterInputStream.read(FilterInputStream.java:83)
	at java.io.PushbackInputStream.read(PushbackInputStream.java:139)
	at org.springframework.web.servlet.mvc.method.annotation.AbstractMessageConverterMethodArgumentResolver$EmptyBodyCheckingHttpInputMessage.<init>(AbstractMessageConverterMethodArgumentResolver.java:324)
	at org.springframework.web.servlet.mvc.method.annotation.AbstractMessageConverterMethodArgumentResolver.readWithMessageConverters(AbstractMessageConverterMethodArgumentResolver.java:193)
	... 56 common frames omitted
09:18:41.041 [http-nio-8080-exec-2] [INFO ] AppExceptionHandler.java: Request for '/springboot-demo/exception/m2' -result {"code":9999,"msg":"An exception has occurred here. Please contact the service provider."}
09:18:41.041 [http-nio-8080-exec-2] [INFO ] LogInterceptor.java: Request for '/springboot-demo/exception/m2' end, cost 31ms
09:19:48.048 [Thread-32] [INFO ] CommonFilter.java: [commonFilter] destroy...
09:19:48.048 [restartedMain] [INFO ] StartupInfoLogger.java: Starting DemoApplication on lee with PID 9296 (D:\java\workspace2\springboot-demo\target\classes started by lee in D:\java\workspace2\springboot-demo)
09:19:48.048 [restartedMain] [DEBUG] StartupInfoLogger.java: Running with Spring Boot v2.1.4.RELEASE, Spring v5.1.6.RELEASE
09:19:48.048 [restartedMain] [INFO ] SpringApplication.java: The following profiles are active: dev
09:19:50.050 [restartedMain] [INFO ] CommonFilter.java: [commonFilter] init...
09:19:51.051 [restartedMain] [INFO ] StartupInfoLogger.java: Started DemoApplication in 2.482 seconds (JVM running for 958.113)
09:20:09.009 [http-nio-8080-exec-2] [INFO ] LogInterceptor.java: Request for '/springboot-demo/exception/m2' start...
09:20:09.009 [http-nio-8080-exec-2] [INFO ] LogInterceptor.java: body
09:20:09.009 [http-nio-8080-exec-2] [INFO ] LogInterceptor.java: Request for '/springboot-demo/exception/m2' end, cost 21ms
09:21:18.018 [Thread-40] [INFO ] CommonFilter.java: [commonFilter] destroy...
09:21:18.018 [restartedMain] [INFO ] StartupInfoLogger.java: Starting DemoApplication on lee with PID 9296 (D:\java\workspace2\springboot-demo\target\classes started by lee in D:\java\workspace2\springboot-demo)
09:21:18.018 [restartedMain] [DEBUG] StartupInfoLogger.java: Running with Spring Boot v2.1.4.RELEASE, Spring v5.1.6.RELEASE
09:21:18.018 [restartedMain] [INFO ] SpringApplication.java: The following profiles are active: dev
09:21:20.020 [restartedMain] [INFO ] CommonFilter.java: [commonFilter] init...
09:21:21.021 [restartedMain] [INFO ] StartupInfoLogger.java: Started DemoApplication in 2.468 seconds (JVM running for 1047.93)
09:21:28.028 [http-nio-8080-exec-2] [INFO ] LogInterceptor.java: Request for '/springboot-demo/exception/m2' start...
09:21:28.028 [http-nio-8080-exec-2] [INFO ] LogInterceptor.java: body
09:21:28.028 [http-nio-8080-exec-2] [INFO ] LogInterceptor.java: Request for '/springboot-demo/exception/m2' end, cost 17ms
09:22:09.009 [http-nio-8080-exec-3] [INFO ] LogInterceptor.java: Request for '/springboot-demo/get/m1' start...
09:22:09.009 [http-nio-8080-exec-3] [INFO ] AppExceptionHandler.java: Request for '/springboot-demo/get/m1' -result {"code":501,"msg":"Required String parameter 'uid' is not present"}
09:22:09.009 [http-nio-8080-exec-3] [INFO ] LogInterceptor.java: Request for '/springboot-demo/get/m1' end, cost 31ms
09:23:30.030 [http-nio-8080-exec-7] [INFO ] LogInterceptor.java: Request for '/springboot-demo/get/m1' start...
09:23:30.030 [http-nio-8080-exec-7] [INFO ] GetController.java: req1 uid=456
09:23:30.030 [http-nio-8080-exec-7] [INFO ] GetController.java: res1={code=200, data=456, message=success}
09:23:30.030 [http-nio-8080-exec-7] [INFO ] LogInterceptor.java: Request for '/springboot-demo/get/m1' end, cost 34ms
09:24:26.026 [http-nio-8080-exec-10] [INFO ] LogInterceptor.java: Request for '/springboot-demo/exception/m2' start...
09:24:26.026 [http-nio-8080-exec-10] [INFO ] LogInterceptor.java: body
09:24:26.026 [http-nio-8080-exec-10] [INFO ] LogInterceptor.java: Request for '/springboot-demo/exception/m2' end, cost 4ms
09:25:13.013 [http-nio-8080-exec-2] [INFO ] LogInterceptor.java: Request for '/springboot-demo/get/m2/123/456' start...
09:25:13.013 [http-nio-8080-exec-2] [INFO ] GetController.java: req2 depid=123, uid=456
09:25:13.013 [http-nio-8080-exec-2] [INFO ] GetController.java: res2={code=200, data=456, message=success}
09:25:13.013 [http-nio-8080-exec-2] [INFO ] LogInterceptor.java: Request for '/springboot-demo/get/m2/123/456' end, cost 5ms
09:26:17.017 [http-nio-8080-exec-8] [INFO ] LogInterceptor.java: Request for '/springboot-demo/file/upload' start...
09:26:17.017 [http-nio-8080-exec-8] [INFO ] LogInterceptor.java: body
09:26:17.017 [http-nio-8080-exec-8] [INFO ] FileController.java: name=, size=64kb
09:26:17.017 [http-nio-8080-exec-8] [INFO ] FileServiceImpl.java: allowFieTypes:[xls, xlsx, jpg, png, jpeg, txt, mp4, mp3]
09:26:17.017 [http-nio-8080-exec-8] [INFO ] FileServiceImpl.java: map:{uid=zhangsan, pwd=12345}
09:26:17.017 [http-nio-8080-exec-8] [INFO ] FileServiceImpl.java: D:/java/workspace2/springboot-demo/app_temps/796604675b241e246a9c7da190231768.jpg
09:26:17.017 [http-nio-8080-exec-8] [INFO ] LogInterceptor.java: Request for '/springboot-demo/file/upload' end, cost 53ms
09:26:40.040 [RMI TCP Connection(72)-127.0.0.1] [INFO ] CommonFilter.java: [commonFilter] destroy...
09:29:41.041 [restartedMain] [INFO ] StartupInfoLogger.java: Starting DemoApplication on lee with PID 10836 (D:\java\workspace2\springboot-demo\target\classes started by lee in D:\java\workspace2\springboot-demo)
09:29:41.041 [restartedMain] [DEBUG] StartupInfoLogger.java: Running with Spring Boot v2.1.4.RELEASE, Spring v5.1.6.RELEASE
09:29:41.041 [restartedMain] [INFO ] SpringApplication.java: The following profiles are active: dev
09:29:46.046 [restartedMain] [INFO ] CommonFilter.java: [commonFilter] init...
09:29:50.050 [restartedMain] [INFO ] StartupInfoLogger.java: Started DemoApplication in 11.068 seconds (JVM running for 14.72)
09:30:18.018 [http-nio-8080-exec-1] [INFO ] LogInterceptor.java: Request for '/springboot-demo/get/m1' start...
09:30:18.018 [http-nio-8080-exec-1] [INFO ] AppExceptionHandler.java: Request for '/springboot-demo/get/m1' -result {"code":501,"msg":"Required String parameter 'uid' is not present"}
09:30:18.018 [http-nio-8080-exec-1] [INFO ] LogInterceptor.java: Request for '/springboot-demo/get/m1' end, cost 261ms
09:30:42.042 [http-nio-8080-exec-4] [INFO ] LogInterceptor.java: Request for '/springboot-demo/exception/m2' start...
09:30:42.042 [http-nio-8080-exec-4] [INFO ] LogInterceptor.java: body
09:30:42.042 [http-nio-8080-exec-4] [INFO ] LogInterceptor.java: Request for '/springboot-demo/exception/m2' end, cost 190ms
20:52:21.021 [Thread-8] [INFO ] CommonFilter.java: [commonFilter] destroy...
20:52:21.021 [restartedMain] [INFO ] StartupInfoLogger.java: Starting DemoApplication on lee with PID 10836 (D:\java\workspace2\springboot-demo\target\classes started by lee in D:\java\workspace2\springboot-demo)
20:52:21.021 [restartedMain] [DEBUG] StartupInfoLogger.java: Running with Spring Boot v2.1.4.RELEASE, Spring v5.1.6.RELEASE
20:52:21.021 [restartedMain] [INFO ] SpringApplication.java: The following profiles are active: dev
20:52:22.022 [restartedMain] [INFO ] CommonFilter.java: [commonFilter] init...
20:52:22.022 [restartedMain] [INFO ] StartupInfoLogger.java: Started DemoApplication in 1.019 seconds (JVM running for 40978.459)
20:52:45.045 [http-nio-8080-exec-1] [ERROR] AppExceptionHandler.java: system error: 
java.lang.IllegalArgumentException: key parameter cannot be null
	at org.slf4j.MDC.put(MDC.java:142)
	at com.example.demo.interceptor.LogInterceptor.preHandle(LogInterceptor.java:56)
	at org.springframework.web.servlet.HandlerExecutionChain.applyPreHandle(HandlerExecutionChain.java:136)
	at org.springframework.web.servlet.DispatcherServlet.doDispatch(DispatcherServlet.java:1033)
	at org.springframework.web.servlet.DispatcherServlet.doService(DispatcherServlet.java:942)
	at org.springframework.web.servlet.FrameworkServlet.processRequest(FrameworkServlet.java:1005)
	at org.springframework.web.servlet.FrameworkServlet.doGet(FrameworkServlet.java:897)
	at javax.servlet.http.HttpServlet.service(HttpServlet.java:634)
	at org.springframework.web.servlet.FrameworkServlet.service(FrameworkServlet.java:882)
	at javax.servlet.http.HttpServlet.service(HttpServlet.java:741)
	at org.apache.catalina.core.ApplicationFilterChain.internalDoFilter(ApplicationFilterChain.java:231)
	at org.apache.catalina.core.ApplicationFilterChain.doFilter(ApplicationFilterChain.java:166)
	at org.apache.tomcat.websocket.server.WsFilter.doFilter(WsFilter.java:53)
	at org.apache.catalina.core.ApplicationFilterChain.internalDoFilter(ApplicationFilterChain.java:193)
	at org.apache.catalina.core.ApplicationFilterChain.doFilter(ApplicationFilterChain.java:166)
	at com.example.demo.filter.CommonFilter.doFilter(CommonFilter.java:35)
	at org.apache.catalina.core.ApplicationFilterChain.internalDoFilter(ApplicationFilterChain.java:193)
	at org.apache.catalina.core.ApplicationFilterChain.doFilter(ApplicationFilterChain.java:166)
	at org.springframework.web.filter.RequestContextFilter.doFilterInternal(RequestContextFilter.java:99)
	at org.springframework.web.filter.OncePerRequestFilter.doFilter(OncePerRequestFilter.java:107)
	at org.apache.catalina.core.ApplicationFilterChain.internalDoFilter(ApplicationFilterChain.java:193)
	at org.apache.catalina.core.ApplicationFilterChain.doFilter(ApplicationFilterChain.java:166)
	at org.springframework.web.filter.FormContentFilter.doFilterInternal(FormContentFilter.java:92)
	at org.springframework.web.filter.OncePerRequestFilter.doFilter(OncePerRequestFilter.java:107)
	at org.apache.catalina.core.ApplicationFilterChain.internalDoFilter(ApplicationFilterChain.java:193)
	at org.apache.catalina.core.ApplicationFilterChain.doFilter(ApplicationFilterChain.java:166)
	at org.springframework.web.filter.HiddenHttpMethodFilter.doFilterInternal(HiddenHttpMethodFilter.java:93)
	at org.springframework.web.filter.OncePerRequestFilter.doFilter(OncePerRequestFilter.java:107)
	at org.apache.catalina.core.ApplicationFilterChain.internalDoFilter(ApplicationFilterChain.java:193)
	at org.apache.catalina.core.ApplicationFilterChain.doFilter(ApplicationFilterChain.java:166)
	at org.springframework.web.filter.CharacterEncodingFilter.doFilterInternal(CharacterEncodingFilter.java:200)
	at org.springframework.web.filter.OncePerRequestFilter.doFilter(OncePerRequestFilter.java:107)
	at org.apache.catalina.core.ApplicationFilterChain.internalDoFilter(ApplicationFilterChain.java:193)
	at org.apache.catalina.core.ApplicationFilterChain.doFilter(ApplicationFilterChain.java:166)
	at org.apache.catalina.core.StandardWrapperValve.invoke(StandardWrapperValve.java:200)
	at org.apache.catalina.core.StandardContextValve.invoke(StandardContextValve.java:96)
	at org.apache.catalina.authenticator.AuthenticatorBase.invoke(AuthenticatorBase.java:490)
	at org.apache.catalina.core.StandardHostValve.invoke(StandardHostValve.java:139)
	at org.apache.catalina.valves.ErrorReportValve.invoke(ErrorReportValve.java:92)
	at org.apache.catalina.core.StandardEngineValve.invoke(StandardEngineValve.java:74)
	at org.apache.catalina.connector.CoyoteAdapter.service(CoyoteAdapter.java:343)
	at org.apache.coyote.http11.Http11Processor.service(Http11Processor.java:408)
	at org.apache.coyote.AbstractProcessorLight.process(AbstractProcessorLight.java:66)
	at org.apache.coyote.AbstractProtocol$ConnectionHandler.process(AbstractProtocol.java:834)
	at org.apache.tomcat.util.net.NioEndpoint$SocketProcessor.doRun(NioEndpoint.java:1415)
	at org.apache.tomcat.util.net.SocketProcessorBase.run(SocketProcessorBase.java:49)
	at java.util.concurrent.ThreadPoolExecutor.runWorker(ThreadPoolExecutor.java:1142)
	at java.util.concurrent.ThreadPoolExecutor$Worker.run(ThreadPoolExecutor.java:617)
	at org.apache.tomcat.util.threads.TaskThread$WrappingRunnable.run(TaskThread.java:61)
	at java.lang.Thread.run(Thread.java:745)
20:52:45.045 [http-nio-8080-exec-1] [INFO ] AppExceptionHandler.java: Request for '/springboot-demo/get/m1' -result {"code":9999,"msg":"An exception has occurred here. Please contact the service provider."}
20:58:43.043 [Thread-18] [INFO ] CommonFilter.java: [commonFilter] destroy...
20:58:44.044 [restartedMain] [INFO ] StartupInfoLogger.java: Starting DemoApplication on lee with PID 10836 (D:\java\workspace2\springboot-demo\target\classes started by lee in D:\java\workspace2\springboot-demo)
20:58:44.044 [restartedMain] [DEBUG] StartupInfoLogger.java: Running with Spring Boot v2.1.4.RELEASE, Spring v5.1.6.RELEASE
20:58:44.044 [restartedMain] [INFO ] SpringApplication.java: The following profiles are active: dev
20:58:44.044 [restartedMain] [INFO ] CommonFilter.java: [commonFilter] init...
20:58:44.044 [restartedMain] [INFO ] StartupInfoLogger.java: Started DemoApplication in 0.716 seconds (JVM running for 41360.547)
20:59:00.000 [http-nio-8080-exec-1] [INFO ] LogInterceptor.java: Request for '/springboot-demo/get/m1' start...
20:59:00.000 [http-nio-8080-exec-1] [INFO ] AppExceptionHandler.java: Request for '/springboot-demo/get/m1' -result {"code":501,"msg":"Required String parameter 'uid' is not present"}
20:59:00.000 [http-nio-8080-exec-1] [INFO ] LogInterceptor.java: Request for '/springboot-demo/get/m1' end, cost 9ms
21:03:44.044 [Thread-26] [INFO ] CommonFilter.java: [commonFilter] destroy...
21:10:43.043 [restartedMain] [INFO ] StartupInfoLogger.java: Starting DemoApplication on lee with PID 10836 (D:\java\workspace2\springboot-demo\target\classes started by lee in D:\java\workspace2\springboot-demo)
21:10:43.043 [restartedMain] [DEBUG] StartupInfoLogger.java: Running with Spring Boot v2.1.4.RELEASE, Spring v5.1.6.RELEASE
21:10:43.043 [restartedMain] [INFO ] SpringApplication.java: The following profiles are active: dev
21:10:43.043 [restartedMain] [INFO ] CommonFilter.java: [commonFilter] init...
21:10:43.043 [restartedMain] [INFO ] CommonFilter.java: [commonFilter] destroy...
21:12:11.011 [restartedMain] [INFO ] StartupInfoLogger.java: Starting DemoApplication on lee with PID 10836 (D:\java\workspace2\springboot-demo\target\classes started by lee in D:\java\workspace2\springboot-demo)
21:12:11.011 [restartedMain] [DEBUG] StartupInfoLogger.java: Running with Spring Boot v2.1.4.RELEASE, Spring v5.1.6.RELEASE
21:12:11.011 [restartedMain] [INFO ] SpringApplication.java: The following profiles are active: dev
21:12:12.012 [restartedMain] [INFO ] CommonFilter.java: [commonFilter] init...
21:12:12.012 [restartedMain] [INFO ] StartupInfoLogger.java: Started DemoApplication in 0.729 seconds (JVM running for 42168.155)
21:12:27.027 [http-nio-8080-exec-1] [INFO ] LogInterceptor.java: Request for '/springboot-demo/get/m1' start...
21:12:27.027 [http-nio-8080-exec-1] [INFO ] AppExceptionHandler.java: Request for '/springboot-demo/get/m1' -result {"code":501,"msg":"Required String parameter 'uid' is not present"}
21:12:27.027 [http-nio-8080-exec-1] [INFO ] LogInterceptor.java: Request for '/springboot-demo/get/m1' end, cost 9ms
21:51:48.048 [Thread-34] [INFO ] CommonFilter.java: [commonFilter] destroy...
21:56:39.039 [restartedMain] [INFO ] StartupInfoLogger.java: Starting DemoApplication on lee with PID 1380 (D:\java\workspace2\springboot-demo\target\classes started by lee in D:\java\workspace2\springboot-demo)
21:56:39.039 [restartedMain] [DEBUG] StartupInfoLogger.java: Running with Spring Boot v2.1.4.RELEASE, Spring v5.1.6.RELEASE
21:56:39.039 [restartedMain] [INFO ] SpringApplication.java: The following profiles are active: dev
21:56:41.041 [restartedMain] [INFO ] CommonFilter.java: [commonFilter] init...
21:56:42.042 [restartedMain] [INFO ] StartupInfoLogger.java: Started DemoApplication in 3.504 seconds (JVM running for 4.757)
21:57:08.008 [http-nio-8080-exec-1] [INFO ] LogInterceptor.java: Request for '/springboot-demo/get/m1' start...
21:57:08.008 [http-nio-8080-exec-1] [INFO ] AppExceptionHandler.java: Request for '/springboot-demo/get/m1' -result {"code":501,"msg":"Required String parameter 'uid' is not present"}
21:57:08.008 [http-nio-8080-exec-1] [INFO ] LogInterceptor.java: Request for '/springboot-demo/get/m1' end, cost 79ms
21:58:02.002 [http-nio-8080-exec-3] [INFO ] LogInterceptor.java: Request for '/springboot-demo/get/m1' start...
21:58:02.002 [http-nio-8080-exec-3] [INFO ] GetController.java: req1 uid=123
21:58:02.002 [http-nio-8080-exec-3] [INFO ] GetController.java: res1={code=200, data=123, message=success}
21:58:02.002 [http-nio-8080-exec-3] [INFO ] LogInterceptor.java: Request for '/springboot-demo/get/m1' end, cost 18ms
21:59:26.026 [Thread-8] [INFO ] CommonFilter.java: [commonFilter] destroy...
21:59:26.026 [restartedMain] [INFO ] StartupInfoLogger.java: Starting DemoApplication on lee with PID 1380 (D:\java\workspace2\springboot-demo\target\classes started by lee in D:\java\workspace2\springboot-demo)
21:59:26.026 [restartedMain] [DEBUG] StartupInfoLogger.java: Running with Spring Boot v2.1.4.RELEASE, Spring v5.1.6.RELEASE
21:59:26.026 [restartedMain] [INFO ] SpringApplication.java: The following profiles are active: dev
21:59:26.026 [restartedMain] [INFO ] CommonFilter.java: [commonFilter] init...
21:59:27.027 [restartedMain] [INFO ] StartupInfoLogger.java: Started DemoApplication in 0.733 seconds (JVM running for 168.855)
21:59:33.033 [http-nio-8080-exec-1] [INFO ] LogInterceptor.java: Request for '/springboot-demo/get/m1' start...
21:59:33.033 [http-nio-8080-exec-1] [INFO ] GetController.java: req1 uid=123
21:59:33.033 [http-nio-8080-exec-1] [INFO ] GetController.java: res1={code=200, data=123, message=success}
21:59:33.033 [http-nio-8080-exec-1] [INFO ] LogInterceptor.java: Request for '/springboot-demo/get/m1' end, cost 4ms
21:59:54.054 [http-nio-8080-exec-4] [INFO ] LogInterceptor.java: Request for '/springboot-demo/exception/m2' start...
21:59:54.054 [http-nio-8080-exec-4] [INFO ] LogInterceptor.java: Request for '/springboot-demo/exception/m2' end, cost 48ms
22:00:41.041 [Thread-16] [INFO ] CommonFilter.java: [commonFilter] destroy...
22:00:42.042 [restartedMain] [INFO ] StartupInfoLogger.java: Starting DemoApplication on lee with PID 1380 (D:\java\workspace2\springboot-demo\target\classes started by lee in D:\java\workspace2\springboot-demo)
22:00:42.042 [restartedMain] [DEBUG] StartupInfoLogger.java: Running with Spring Boot v2.1.4.RELEASE, Spring v5.1.6.RELEASE
22:00:42.042 [restartedMain] [INFO ] SpringApplication.java: The following profiles are active: dev
22:00:42.042 [restartedMain] [INFO ] CommonFilter.java: [commonFilter] init...
22:00:42.042 [restartedMain] [INFO ] StartupInfoLogger.java: Started DemoApplication in 0.759 seconds (JVM running for 244.597)
22:00:48.048 [http-nio-8080-exec-1] [INFO ] LogInterceptor.java: Request for '/springboot-demo/get/m1' start...
22:00:48.048 [http-nio-8080-exec-1] [INFO ] GetController.java: req1 uid=123
22:00:48.048 [http-nio-8080-exec-1] [INFO ] GetController.java: res1={code=200, data=123, message=success}
22:00:48.048 [http-nio-8080-exec-1] [INFO ] LogInterceptor.java: Request for '/springboot-demo/get/m1' end, cost 4ms
22:03:08.008 [Thread-24] [INFO ] CommonFilter.java: [commonFilter] destroy...
22:03:08.008 [INFO ] StartupInfoLogger.java: Starting DemoApplication on lee with PID 1380 (D:\java\workspace2\springboot-demo\target\classes started by lee in D:\java\workspace2\springboot-demo)
22:03:08.008 [DEBUG] StartupInfoLogger.java: Running with Spring Boot v2.1.4.RELEASE, Spring v5.1.6.RELEASE
22:03:08.008 [INFO ] SpringApplication.java: The following profiles are active: dev
22:03:09.009 [INFO ] CommonFilter.java: [commonFilter] init...
22:03:09.009 [INFO ] StartupInfoLogger.java: Started DemoApplication in 0.685 seconds (JVM running for 391.182)
22:03:17.017 FEFA9C18F7C001A3FB2E6E2F117EFF7C[INFO ] LogInterceptor.java: Request for '/springboot-demo/get/m1' start...
22:03:17.017 FEFA9C18F7C001A3FB2E6E2F117EFF7C[INFO ] GetController.java: req1 uid=123
22:03:17.017 FEFA9C18F7C001A3FB2E6E2F117EFF7C[INFO ] GetController.java: res1={code=200, data=123, message=success}
22:03:17.017 FEFA9C18F7C001A3FB2E6E2F117EFF7C[INFO ] LogInterceptor.java: Request for '/springboot-demo/get/m1' end, cost 6ms
22:05:31.031 [INFO ] CommonFilter.java: [commonFilter] destroy...
22:05:31.031  [INFO ] StartupInfoLogger.java: Starting DemoApplication on lee with PID 1380 (D:\java\workspace2\springboot-demo\target\classes started by lee in D:\java\workspace2\springboot-demo)
22:05:31.031  [DEBUG] StartupInfoLogger.java: Running with Spring Boot v2.1.4.RELEASE, Spring v5.1.6.RELEASE
22:05:31.031  [INFO ] SpringApplication.java: The following profiles are active: dev
22:05:31.031  [INFO ] CommonFilter.java: [commonFilter] init...
22:05:31.031  [INFO ] StartupInfoLogger.java: Started DemoApplication in 0.706 seconds (JVM running for 533.774)
22:05:39.039 6384B9F7A7C2A0F21816E30ED4D4534F [INFO ] LogInterceptor.java: Request for '/springboot-demo/exception/m2' start...
22:05:39.039 6384B9F7A7C2A0F21816E30ED4D4534F [INFO ] LogInterceptor.java: Request for '/springboot-demo/exception/m2' end, cost 10ms
22:05:44.044 68606E8420AD960300E14ABD1E3F796B [INFO ] LogInterceptor.java: Request for '/springboot-demo/get/m1' start...
22:05:44.044 68606E8420AD960300E14ABD1E3F796B [INFO ] GetController.java: req1 uid=123
22:05:44.044 68606E8420AD960300E14ABD1E3F796B [INFO ] GetController.java: res1={code=200, data=123, message=success}
22:05:44.044 68606E8420AD960300E14ABD1E3F796B [INFO ] LogInterceptor.java: Request for '/springboot-demo/get/m1' end, cost 5ms
22:06:52.052  [INFO ] CommonFilter.java: [commonFilter] destroy...
23:25:23.023  [INFO ] StartupInfoLogger.java: Starting DemoApplication on lee with PID 3608 (D:\java\workspace2\springboot-demo\target\classes started by lee in D:\java\workspace2\springboot-demo)
23:25:23.023  [DEBUG] StartupInfoLogger.java: Running with Spring Boot v2.1.4.RELEASE, Spring v5.1.6.RELEASE
23:25:23.023  [INFO ] SpringApplication.java: The following profiles are active: dev
23:25:25.025  [INFO ] CommonFilter.java: [commonFilter] init...
23:25:26.026  [INFO ] StartupInfoLogger.java: Started DemoApplication in 3.197 seconds (JVM running for 4.202)
23:25:38.038 CD0CB287CE6101D96CE5456FF2E28738 [INFO ] LogInterceptor.java: Request for '/springboot-demo/exception/m2' start...
23:25:38.038 CD0CB287CE6101D96CE5456FF2E28738 [INFO ] LogInterceptor.java: input params: {"name":"123"}
23:25:38.038 CD0CB287CE6101D96CE5456FF2E28738 [INFO ] LogInterceptor.java: output results: 
23:25:38.038 CD0CB287CE6101D96CE5456FF2E28738 [INFO ] LogInterceptor.java: Request for '/springboot-demo/exception/m2' end, cost 130ms
23:26:01.001 539112A9E6A16BF7D2D4CFB9B8C2CD9D [INFO ] LogInterceptor.java: Request for '/springboot-demo/get/m1' start...
23:26:01.001 539112A9E6A16BF7D2D4CFB9B8C2CD9D [INFO ] LogInterceptor.java: input params: {"uid":"123"}
23:26:01.001 539112A9E6A16BF7D2D4CFB9B8C2CD9D [INFO ] GetController.java: req1 uid=123
23:26:01.001 539112A9E6A16BF7D2D4CFB9B8C2CD9D [INFO ] GetController.java: res1={code=200, data=123, message=success}
23:26:01.001 539112A9E6A16BF7D2D4CFB9B8C2CD9D [INFO ] LogInterceptor.java: output results: {"code":"200","data":"123","message":"success"}
23:26:01.001 539112A9E6A16BF7D2D4CFB9B8C2CD9D [INFO ] LogInterceptor.java: Request for '/springboot-demo/get/m1' end, cost 21ms
23:28:25.025  [INFO ] CommonFilter.java: [commonFilter] destroy...
23:28:25.025  [INFO ] StartupInfoLogger.java: Starting DemoApplication on lee with PID 3608 (D:\java\workspace2\springboot-demo\target\classes started by lee in D:\java\workspace2\springboot-demo)
23:28:25.025  [DEBUG] StartupInfoLogger.java: Running with Spring Boot v2.1.4.RELEASE, Spring v5.1.6.RELEASE
23:28:25.025  [INFO ] SpringApplication.java: The following profiles are active: dev
23:28:25.025  [INFO ] CommonFilter.java: [commonFilter] init...
23:28:26.026  [INFO ] StartupInfoLogger.java: Started DemoApplication in 0.762 seconds (JVM running for 183.915)
23:28:32.032 979EB809022F74D98E1A9EADD800BA57 [INFO ] LogInterceptor.java: Request for '/springboot-demo/get/m1' start...
23:28:32.032 979EB809022F74D98E1A9EADD800BA57 [INFO ] LogInterceptor.java: input params: {"uid":"123"}
23:28:32.032 979EB809022F74D98E1A9EADD800BA57 [INFO ] GetController.java: req1 uid=123
23:28:32.032 979EB809022F74D98E1A9EADD800BA57 [INFO ] GetController.java: res1={code=200, data=123, message=success}
23:28:32.032 979EB809022F74D98E1A9EADD800BA57 [INFO ] LogInterceptor.java: output results: {"code":"200","data":"123","message":"success"}
23:28:32.032 979EB809022F74D98E1A9EADD800BA57 [INFO ] LogInterceptor.java: Request for '/springboot-demo/get/m1' end, cost 5ms
23:59:38.038  [INFO ] CommonFilter.java: [commonFilter] destroy...
23:59:38.038  [INFO ] StartupInfoLogger.java: Starting DemoApplication on lee with PID 3608 (D:\java\workspace2\springboot-demo\target\classes started by lee in D:\java\workspace2\springboot-demo)
23:59:38.038  [DEBUG] StartupInfoLogger.java: Running with Spring Boot v2.1.4.RELEASE, Spring v5.1.6.RELEASE
23:59:38.038  [INFO ] SpringApplication.java: The following profiles are active: dev
23:59:38.038  [INFO ] CommonFilter.java: [commonFilter] init...
23:59:38.038  [INFO ] StartupInfoLogger.java: Started DemoApplication in 0.702 seconds (JVM running for 2056.725)
23:59:53.053 C4FA58C42880BE1516BAE55465F29945 [INFO ] LogInterceptor.java: Request for '/springboot-demo/get/m1' start...
23:59:53.053 C4FA58C42880BE1516BAE55465F29945 [INFO ] LogInterceptor.java: input params: {"uid":"123"}
23:59:53.053 C4FA58C42880BE1516BAE55465F29945 [INFO ] GetController.java: req1 uid=123
23:59:53.053 C4FA58C42880BE1516BAE55465F29945 [INFO ] GetController.java: res1={code=200, data=123, message=success}
23:59:53.053 C4FA58C42880BE1516BAE55465F29945 [INFO ] LogInterceptor.java: output results: {"code":"200","data":"123","message":"success"}
23:59:53.053 C4FA58C42880BE1516BAE55465F29945 [INFO ] LogInterceptor.java: Request for '/springboot-demo/get/m1' end, cost 4ms
