15:05:42.042  [INFO ] CommonFilter.java: [commonFilter] destroy...
16:09:16.016  [INFO ] StartupInfoLogger.java: Starting DemoApplication on lee with PID 8036 (D:\java\workspace2\springboot-demo\target\classes started by lee in D:\java\workspace2\springboot-demo)
16:09:16.016  [DEBUG] StartupInfoLogger.java: Running with Spring Boot v2.1.4.RELEASE, Spring v5.1.6.RELEASE
16:09:16.016  [INFO ] SpringApplication.java: The following profiles are active: dev
16:09:18.018  [INFO ] CommonFilter.java: [commonFilter] init...
16:09:36.036  [INFO ] CommonFilter.java: [commonFilter] destroy...
17:14:38.038  [INFO ] StartupInfoLogger.java: Starting DemoApplication on lee with PID 4316 (D:\java\workspace2\springboot-demo\target\classes started by lee in D:\java\workspace2\springboot-demo)
17:14:38.038  [DEBUG] StartupInfoLogger.java: Running with Spring Boot v2.1.4.RELEASE, Spring v5.1.6.RELEASE
17:14:38.038  [INFO ] SpringApplication.java: The following profiles are active: dev
17:14:41.041  [INFO ] CommonFilter.java: [commonFilter] init...
17:14:58.058  [INFO ] CommonFilter.java: [commonFilter] destroy...
17:15:38.038  [INFO ] StartupInfoLogger.java: Starting DemoApplication on lee with PID 9616 (D:\java\workspace2\springboot-demo\target\classes started by lee in D:\java\workspace2\springboot-demo)
17:15:38.038  [DEBUG] StartupInfoLogger.java: Running with Spring Boot v2.1.4.RELEASE, Spring v5.1.6.RELEASE
17:15:38.038  [INFO ] SpringApplication.java: The following profiles are active: dev
17:15:40.040  [INFO ] CommonFilter.java: [commonFilter] init...
17:15:43.043  [INFO ] StartupInfoLogger.java: Started DemoApplication in 4.98 seconds (JVM running for 5.997)
17:16:58.058 B52ECE5F35E300B90F2360F6F557B307 [INFO ] LogInterceptor.java: GET for '/springboot-demo/swagger-ui.html' start... ip:0:0:0:0:0:0:0:1
17:16:58.058 B52ECE5F35E300B90F2360F6F557B307 [INFO ] LogInterceptor.java: input params: null
17:16:58.058 B52ECE5F35E300B90F2360F6F557B307 [INFO ] LogInterceptor.java: GET for '/springboot-demo/swagger-ui.html' end, cost 12ms
17:16:58.058 602E8DA0EA9F14EB83E08D23E93A237A [INFO ] LogInterceptor.java: GET for '/springboot-demo/webjars/springfox-swagger-ui/swagger-ui-bundle.js' start... ip:0:0:0:0:0:0:0:1
17:16:58.058 A4784F629469D1B81F9A9F2846D8CFE8 [INFO ] LogInterceptor.java: GET for '/springboot-demo/webjars/springfox-swagger-ui/springfox.js' start... ip:0:0:0:0:0:0:0:1
17:16:58.058 60B3B22B3610F73CEC3EE66118C23645 [INFO ] LogInterceptor.java: GET for '/springboot-demo/webjars/springfox-swagger-ui/swagger-ui.css' start... ip:0:0:0:0:0:0:0:1
17:16:58.058 64B72951C8BD3BCC1A677D487B3F84A3 [INFO ] LogInterceptor.java: GET for '/springboot-demo/webjars/springfox-swagger-ui/swagger-ui-standalone-preset.js' start... ip:0:0:0:0:0:0:0:1
17:16:58.058 80A1B1966AA59C716C1A30B452597AD0 [INFO ] LogInterceptor.java: GET for '/springboot-demo/webjars/springfox-swagger-ui/springfox.css' start... ip:0:0:0:0:0:0:0:1
17:16:58.058 64B72951C8BD3BCC1A677D487B3F84A3 [INFO ] LogInterceptor.java: input params: {"v":"2.9.2"}
17:16:58.058 602E8DA0EA9F14EB83E08D23E93A237A [INFO ] LogInterceptor.java: input params: {"v":"2.9.2"}
17:16:58.058 60B3B22B3610F73CEC3EE66118C23645 [INFO ] LogInterceptor.java: input params: {"v":"2.9.2"}
17:16:58.058 80A1B1966AA59C716C1A30B452597AD0 [INFO ] LogInterceptor.java: input params: {"v":"2.9.2"}
17:16:58.058 A4784F629469D1B81F9A9F2846D8CFE8 [INFO ] LogInterceptor.java: input params: {"v":"2.9.2"}
17:16:58.058 80A1B1966AA59C716C1A30B452597AD0 [INFO ] LogInterceptor.java: GET for '/springboot-demo/webjars/springfox-swagger-ui/springfox.css' end, cost 52ms
17:16:58.058 602E8DA0EA9F14EB83E08D23E93A237A [INFO ] LogInterceptor.java: output results: 
17:16:58.058 A4784F629469D1B81F9A9F2846D8CFE8 [INFO ] LogInterceptor.java: output results: 
17:16:58.058 64B72951C8BD3BCC1A677D487B3F84A3 [INFO ] LogInterceptor.java: output results: 
17:16:58.058 64B72951C8BD3BCC1A677D487B3F84A3 [INFO ] LogInterceptor.java: GET for '/springboot-demo/webjars/springfox-swagger-ui/swagger-ui-standalone-preset.js' end, cost 55ms
17:16:58.058 A4784F629469D1B81F9A9F2846D8CFE8 [INFO ] LogInterceptor.java: GET for '/springboot-demo/webjars/springfox-swagger-ui/springfox.js' end, cost 55ms
17:16:58.058 602E8DA0EA9F14EB83E08D23E93A237A [INFO ] LogInterceptor.java: GET for '/springboot-demo/webjars/springfox-swagger-ui/swagger-ui-bundle.js' end, cost 55ms
17:16:58.058 60B3B22B3610F73CEC3EE66118C23645 [INFO ] LogInterceptor.java: GET for '/springboot-demo/webjars/springfox-swagger-ui/swagger-ui.css' end, cost 65ms
17:16:58.058 D084B9AFBF29D783E35C9CD2C6905191 [INFO ] LogInterceptor.java: GET for '/springboot-demo/swagger-resources/configuration/ui' start... ip:0:0:0:0:0:0:0:1
17:16:58.058 D084B9AFBF29D783E35C9CD2C6905191 [INFO ] LogInterceptor.java: input params: null
17:16:58.058 D084B9AFBF29D783E35C9CD2C6905191 [INFO ] LogInterceptor.java: output results: {"deepLinking":true,"displayOperationId":false,"defaultModelsExpandDepth":1,"defaultModelExpandDepth":1,"defaultModelRendering":"example","displayRequestDuration":false,"docExpansion":"none","filter":false,"operationsSorter":"alpha","showExtensions":false,"tagsSorter":"alpha","validatorUrl":"","apisSorter":"alpha","jsonEditor":false,"showRequestHeaders":false,"supportedSubmitMethods":["get","put","post","delete","options","head","patch","trace"]}
17:16:58.058 D084B9AFBF29D783E35C9CD2C6905191 [INFO ] LogInterceptor.java: GET for '/springboot-demo/swagger-resources/configuration/ui' end, cost 67ms
17:16:58.058 05278C5AD8BC6AE79631E24ECA63F7C3 [INFO ] LogInterceptor.java: GET for '/springboot-demo/swagger-resources/configuration/security' start... ip:0:0:0:0:0:0:0:1
17:16:58.058 05278C5AD8BC6AE79631E24ECA63F7C3 [INFO ] LogInterceptor.java: input params: null
17:16:58.058 05278C5AD8BC6AE79631E24ECA63F7C3 [INFO ] LogInterceptor.java: output results: {}
17:16:58.058 05278C5AD8BC6AE79631E24ECA63F7C3 [INFO ] LogInterceptor.java: GET for '/springboot-demo/swagger-resources/configuration/security' end, cost 8ms
17:16:58.058 2A25A0FF31565CA012A396B0E6EF38BA [INFO ] LogInterceptor.java: GET for '/springboot-demo/swagger-resources' start... ip:0:0:0:0:0:0:0:1
17:16:58.058 2A25A0FF31565CA012A396B0E6EF38BA [INFO ] LogInterceptor.java: input params: null
17:16:58.058 2A25A0FF31565CA012A396B0E6EF38BA [INFO ] LogInterceptor.java: output results: [{"name":"default","url":"/v2/api-docs","swaggerVersion":"2.0","location":"/v2/api-docs"}]
17:16:58.058 2A25A0FF31565CA012A396B0E6EF38BA [INFO ] LogInterceptor.java: GET for '/springboot-demo/swagger-resources' end, cost 10ms
17:16:58.058 E8A4CCD0C76852D349022B41A547707D [INFO ] LogInterceptor.java: GET for '/springboot-demo/webjars/springfox-swagger-ui/fonts/open-sans-v15-latin-regular.woff2' start... ip:0:0:0:0:0:0:0:1
17:16:58.058 E8A4CCD0C76852D349022B41A547707D [INFO ] LogInterceptor.java: input params: null
17:16:58.058 6AB2AD32A69B356C24AA8E9965FEA733 [INFO ] LogInterceptor.java: GET for '/springboot-demo/webjars/springfox-swagger-ui/fonts/titillium-web-v6-latin-700.woff2' start... ip:0:0:0:0:0:0:0:1
17:16:58.058 6AB2AD32A69B356C24AA8E9965FEA733 [INFO ] LogInterceptor.java: input params: null
17:16:58.058 E8A4CCD0C76852D349022B41A547707D [INFO ] LogInterceptor.java: output results: 
17:16:58.058 E8A4CCD0C76852D349022B41A547707D [INFO ] LogInterceptor.java: GET for '/springboot-demo/webjars/springfox-swagger-ui/fonts/open-sans-v15-latin-regular.woff2' end, cost 10ms
17:16:58.058 6AB2AD32A69B356C24AA8E9965FEA733 [INFO ] LogInterceptor.java: output results: 
17:16:58.058 6AB2AD32A69B356C24AA8E9965FEA733 [INFO ] LogInterceptor.java: GET for '/springboot-demo/webjars/springfox-swagger-ui/fonts/titillium-web-v6-latin-700.woff2' end, cost 3ms
17:16:59.059 09D398AF6D8AADE1635B4A7ECE9E1FC4 [INFO ] LogInterceptor.java: GET for '/springboot-demo/webjars/springfox-swagger-ui/fonts/open-sans-v15-latin-700.woff2' start... ip:0:0:0:0:0:0:0:1
17:16:59.059 D39C84BB7CCF34DB9CD3DBEFB0A04424 [INFO ] LogInterceptor.java: GET for '/springboot-demo/webjars/springfox-swagger-ui/fonts/source-code-pro-v7-latin-300.woff2' start... ip:0:0:0:0:0:0:0:1
17:16:59.059 09D398AF6D8AADE1635B4A7ECE9E1FC4 [INFO ] LogInterceptor.java: input params: null
17:16:59.059 D39C84BB7CCF34DB9CD3DBEFB0A04424 [INFO ] LogInterceptor.java: input params: null
17:16:59.059 09D398AF6D8AADE1635B4A7ECE9E1FC4 [INFO ] LogInterceptor.java: output results: 
17:16:59.059 D39C84BB7CCF34DB9CD3DBEFB0A04424 [INFO ] LogInterceptor.java: output results: 
17:16:59.059 09D398AF6D8AADE1635B4A7ECE9E1FC4 [INFO ] LogInterceptor.java: GET for '/springboot-demo/webjars/springfox-swagger-ui/fonts/open-sans-v15-latin-700.woff2' end, cost 2ms
17:16:59.059 D39C84BB7CCF34DB9CD3DBEFB0A04424 [INFO ] LogInterceptor.java: GET for '/springboot-demo/webjars/springfox-swagger-ui/fonts/source-code-pro-v7-latin-300.woff2' end, cost 2ms
17:16:59.059 6FB5A29ABEA2B6235BC9CFF95A38416E [INFO ] LogInterceptor.java: GET for '/springboot-demo/csrf' start... ip:0:0:0:0:0:0:0:1
17:16:59.059 6FB5A29ABEA2B6235BC9CFF95A38416E [INFO ] LogInterceptor.java: input params: null
17:16:59.059 6FB5A29ABEA2B6235BC9CFF95A38416E [INFO ] LogInterceptor.java: output results: 
17:16:59.059 6FB5A29ABEA2B6235BC9CFF95A38416E [INFO ] LogInterceptor.java: GET for '/springboot-demo/csrf' end, cost 2ms
17:16:59.059 9B2D18AC12EC3E3DC99171736CC868F9 [INFO ] LogInterceptor.java: GET for '/springboot-demo/error' start... ip:0:0:0:0:0:0:0:1
17:16:59.059 9B2D18AC12EC3E3DC99171736CC868F9 [INFO ] LogInterceptor.java: input params: null
17:16:59.059 9B2D18AC12EC3E3DC99171736CC868F9 [INFO ] LogInterceptor.java: GET for '/springboot-demo/error' end, cost 3ms
17:17:02.002 7C41BBA80C786FCBFA2A83C82A2F69C7 [INFO ] LogInterceptor.java: GET for '/springboot-demo/webjars/springfox-swagger-ui/fonts/source-code-pro-v7-latin-600.woff2' start... ip:0:0:0:0:0:0:0:1
17:17:02.002 7C41BBA80C786FCBFA2A83C82A2F69C7 [INFO ] LogInterceptor.java: input params: null
17:17:02.002 7C41BBA80C786FCBFA2A83C82A2F69C7 [INFO ] LogInterceptor.java: output results: 
17:17:02.002 7C41BBA80C786FCBFA2A83C82A2F69C7 [INFO ] LogInterceptor.java: GET for '/springboot-demo/webjars/springfox-swagger-ui/fonts/source-code-pro-v7-latin-600.woff2' end, cost 2ms
17:17:07.007 5338F904187E03CF3AB3AED2C8A95B5A [INFO ] LogInterceptor.java: GET for '/springboot-demo/webjars/springfox-swagger-ui/fonts/titillium-web-v6-latin-regular.woff2' start... ip:0:0:0:0:0:0:0:1
17:17:07.007 5338F904187E03CF3AB3AED2C8A95B5A [INFO ] LogInterceptor.java: input params: null
17:17:07.007 5338F904187E03CF3AB3AED2C8A95B5A [INFO ] LogInterceptor.java: output results: 
17:17:07.007 5338F904187E03CF3AB3AED2C8A95B5A [INFO ] LogInterceptor.java: GET for '/springboot-demo/webjars/springfox-swagger-ui/fonts/titillium-web-v6-latin-regular.woff2' end, cost 3ms
17:23:59.059 617D3C24E8A9C21C27A445C609DDB294 [INFO ] LogInterceptor.java: GET for '/springboot-demo/mqtest/m1' start... ip:0:0:0:0:0:0:0:1
17:23:59.059 617D3C24E8A9C21C27A445C609DDB294 [INFO ] LogInterceptor.java: input params: {"message":"hello rabbitmq"}
17:23:59.059 617D3C24E8A9C21C27A445C609DDB294 [INFO ] LogInterceptor.java: output results: {"code":200,"msg":"success"}
17:23:59.059 617D3C24E8A9C21C27A445C609DDB294 [INFO ] LogInterceptor.java: GET for '/springboot-demo/mqtest/m1' end, cost 88ms
17:23:59.059 AF2EA53F888E11EF711F21C53BBBDD4C [INFO ] LogInterceptor.java: GET for '/springboot-demo/webjars/springfox-swagger-ui/fonts/titillium-web-v6-latin-600.woff2' start... ip:0:0:0:0:0:0:0:1
17:23:59.059 AF2EA53F888E11EF711F21C53BBBDD4C [INFO ] LogInterceptor.java: input params: null
17:23:59.059 AF2EA53F888E11EF711F21C53BBBDD4C [INFO ] LogInterceptor.java: output results: 
17:23:59.059 AF2EA53F888E11EF711F21C53BBBDD4C [INFO ] LogInterceptor.java: GET for '/springboot-demo/webjars/springfox-swagger-ui/fonts/titillium-web-v6-latin-600.woff2' end, cost 2ms
17:29:29.029 8C787E470D1ED3CAF21D53840B5FF4CB [INFO ] LogInterceptor.java: GET for '/springboot-demo/mqtest/m1' start... ip:0:0:0:0:0:0:0:1
17:29:29.029 8C787E470D1ED3CAF21D53840B5FF4CB [INFO ] LogInterceptor.java: input params: {"message":"hello rabbitmq2"}
17:29:29.029 8C787E470D1ED3CAF21D53840B5FF4CB [INFO ] LogInterceptor.java: output results: {"code":200,"msg":"success"}
17:29:29.029 8C787E470D1ED3CAF21D53840B5FF4CB [INFO ] LogInterceptor.java: GET for '/springboot-demo/mqtest/m1' end, cost 1ms
17:29:45.045 5F5AD1B02C0E87140FE3AC5E9B49F4F0 [INFO ] LogInterceptor.java: GET for '/springboot-demo/mqtest/m1' start... ip:0:0:0:0:0:0:0:1
17:29:45.045 5F5AD1B02C0E87140FE3AC5E9B49F4F0 [INFO ] LogInterceptor.java: input params: {"message":"hello rabbitmq3"}
17:29:45.045 5F5AD1B02C0E87140FE3AC5E9B49F4F0 [INFO ] LogInterceptor.java: output results: {"code":200,"msg":"success"}
17:29:45.045 5F5AD1B02C0E87140FE3AC5E9B49F4F0 [INFO ] LogInterceptor.java: GET for '/springboot-demo/mqtest/m1' end, cost 2ms
17:29:47.047 FE56EDA2272B21CAF4B0286EF45F4EDA [INFO ] LogInterceptor.java: GET for '/springboot-demo/mqtest/m1' start... ip:0:0:0:0:0:0:0:1
17:29:47.047 FE56EDA2272B21CAF4B0286EF45F4EDA [INFO ] LogInterceptor.java: input params: {"message":"hello rabbitmq4"}
17:29:47.047 FE56EDA2272B21CAF4B0286EF45F4EDA [INFO ] LogInterceptor.java: output results: {"code":200,"msg":"success"}
17:29:47.047 FE56EDA2272B21CAF4B0286EF45F4EDA [INFO ] LogInterceptor.java: GET for '/springboot-demo/mqtest/m1' end, cost 2ms
18:21:41.041  [INFO ] CommonFilter.java: [commonFilter] destroy...
18:21:41.041  [INFO ] StartupInfoLogger.java: Starting DemoApplication on lee with PID 9616 (D:\java\workspace2\springboot-demo\target\classes started by lee in D:\java\workspace2\springboot-demo)
18:21:41.041  [DEBUG] StartupInfoLogger.java: Running with Spring Boot v2.1.4.RELEASE, Spring v5.1.6.RELEASE
18:21:41.041  [INFO ] SpringApplication.java: The following profiles are active: dev
18:21:42.042  [INFO ] CommonFilter.java: [commonFilter] init...
18:21:43.043  [INFO ] StartupInfoLogger.java: Started DemoApplication in 1.731 seconds (JVM running for 3965.885)
18:22:11.011 F065C517A078133A0A7D44E2A4E3A655 [INFO ] LogInterceptor.java: GET for '/springboot-demo/swagger-ui.html' start... ip:0:0:0:0:0:0:0:1
18:22:11.011 F065C517A078133A0A7D44E2A4E3A655 [INFO ] LogInterceptor.java: input params: null
18:22:11.011 F065C517A078133A0A7D44E2A4E3A655 [INFO ] LogInterceptor.java: output results: 
18:22:11.011 F065C517A078133A0A7D44E2A4E3A655 [INFO ] LogInterceptor.java: GET for '/springboot-demo/swagger-ui.html' end, cost 4ms
18:22:11.011 7DEDBE4D63C36FDF35F3184241CE48AE [INFO ] LogInterceptor.java: GET for '/springboot-demo/webjars/springfox-swagger-ui/swagger-ui-bundle.js' start... ip:0:0:0:0:0:0:0:1
18:22:11.011 289E98522B177C6FC9937980A84BB3DC [INFO ] LogInterceptor.java: GET for '/springboot-demo/webjars/springfox-swagger-ui/swagger-ui-standalone-preset.js' start... ip:0:0:0:0:0:0:0:1
18:22:11.011 7DEDBE4D63C36FDF35F3184241CE48AE [INFO ] LogInterceptor.java: input params: {"v":"2.9.2"}
18:22:11.011 289E98522B177C6FC9937980A84BB3DC [INFO ] LogInterceptor.java: input params: {"v":"2.9.2"}
18:22:11.011 8882330B8F840EF64CC584DC426C307F [INFO ] LogInterceptor.java: GET for '/springboot-demo/webjars/springfox-swagger-ui/springfox.js' start... ip:0:0:0:0:0:0:0:1
18:22:11.011 8882330B8F840EF64CC584DC426C307F [INFO ] LogInterceptor.java: input params: {"v":"2.9.2"}
18:22:11.011 7DEDBE4D63C36FDF35F3184241CE48AE [INFO ] LogInterceptor.java: output results: 
18:22:11.011 7DEDBE4D63C36FDF35F3184241CE48AE [INFO ] LogInterceptor.java: GET for '/springboot-demo/webjars/springfox-swagger-ui/swagger-ui-bundle.js' end, cost 2ms
18:22:11.011 289E98522B177C6FC9937980A84BB3DC [INFO ] LogInterceptor.java: output results: 
18:22:11.011 289E98522B177C6FC9937980A84BB3DC [INFO ] LogInterceptor.java: GET for '/springboot-demo/webjars/springfox-swagger-ui/swagger-ui-standalone-preset.js' end, cost 1ms
18:22:11.011 8882330B8F840EF64CC584DC426C307F [INFO ] LogInterceptor.java: output results: 
18:22:11.011 8882330B8F840EF64CC584DC426C307F [INFO ] LogInterceptor.java: GET for '/springboot-demo/webjars/springfox-swagger-ui/springfox.js' end, cost 2ms
18:22:11.011 EDF11E150CA876F1258F22B1FFD616F5 [INFO ] LogInterceptor.java: GET for '/springboot-demo/swagger-resources/configuration/ui' start... ip:0:0:0:0:0:0:0:1
18:22:11.011 D8D46FEE4FD62511F65363A3FAB80F14 [INFO ] LogInterceptor.java: GET for '/springboot-demo/webjars/springfox-swagger-ui/favicon-32x32.png' start... ip:0:0:0:0:0:0:0:1
18:22:11.011 D8D46FEE4FD62511F65363A3FAB80F14 [INFO ] LogInterceptor.java: input params: {"v":"2.9.2"}
18:22:11.011 D8D46FEE4FD62511F65363A3FAB80F14 [INFO ] LogInterceptor.java: GET for '/springboot-demo/webjars/springfox-swagger-ui/favicon-32x32.png' end, cost 2ms
18:22:11.011 EDF11E150CA876F1258F22B1FFD616F5 [INFO ] LogInterceptor.java: input params: null
18:22:11.011 86C81608EC6DAA72DD70FFD5D3EBF3B9 [INFO ] LogInterceptor.java: GET for '/springboot-demo/webjars/springfox-swagger-ui/favicon-16x16.png' start... ip:0:0:0:0:0:0:0:1
18:22:11.011 86C81608EC6DAA72DD70FFD5D3EBF3B9 [INFO ] LogInterceptor.java: input params: {"v":"2.9.2"}
18:22:11.011 86C81608EC6DAA72DD70FFD5D3EBF3B9 [INFO ] LogInterceptor.java: GET for '/springboot-demo/webjars/springfox-swagger-ui/favicon-16x16.png' end, cost 3ms
18:22:11.011 EDF11E150CA876F1258F22B1FFD616F5 [INFO ] LogInterceptor.java: output results: {"deepLinking":true,"displayOperationId":false,"defaultModelsExpandDepth":1,"defaultModelExpandDepth":1,"defaultModelRendering":"example","displayRequestDuration":false,"docExpansion":"none","filter":false,"operationsSorter":"alpha","showExtensions":false,"tagsSorter":"alpha","validatorUrl":"","apisSorter":"alpha","jsonEditor":false,"showRequestHeaders":false,"supportedSubmitMethods":["get","put","post","delete","options","head","patch","trace"]}
18:22:11.011 EDF11E150CA876F1258F22B1FFD616F5 [INFO ] LogInterceptor.java: GET for '/springboot-demo/swagger-resources/configuration/ui' end, cost 14ms
18:22:11.011 65121F52BB69E367261BDE616EF87208 [INFO ] LogInterceptor.java: GET for '/springboot-demo/swagger-resources/configuration/security' start... ip:0:0:0:0:0:0:0:1
18:22:11.011 65121F52BB69E367261BDE616EF87208 [INFO ] LogInterceptor.java: input params: null
18:22:11.011 65121F52BB69E367261BDE616EF87208 [INFO ] LogInterceptor.java: output results: {}
18:22:11.011 65121F52BB69E367261BDE616EF87208 [INFO ] LogInterceptor.java: GET for '/springboot-demo/swagger-resources/configuration/security' end, cost 4ms
18:22:11.011 0352889195A76486F0AC86843D4C8FE7 [INFO ] LogInterceptor.java: GET for '/springboot-demo/swagger-resources' start... ip:0:0:0:0:0:0:0:1
18:22:11.011 0352889195A76486F0AC86843D4C8FE7 [INFO ] LogInterceptor.java: input params: null
18:22:11.011 0352889195A76486F0AC86843D4C8FE7 [INFO ] LogInterceptor.java: output results: [{"name":"default","url":"/v2/api-docs","swaggerVersion":"2.0","location":"/v2/api-docs"}]
18:22:11.011 0352889195A76486F0AC86843D4C8FE7 [INFO ] LogInterceptor.java: GET for '/springboot-demo/swagger-resources' end, cost 4ms
18:22:11.011 42713D552D0FBC3DBB64DEBC6AAFD31A [INFO ] LogInterceptor.java: GET for '/springboot-demo/webjars/springfox-swagger-ui/fonts/titillium-web-v6-latin-700.woff2' start... ip:0:0:0:0:0:0:0:1
18:22:11.011 42713D552D0FBC3DBB64DEBC6AAFD31A [INFO ] LogInterceptor.java: input params: null
18:22:11.011 42713D552D0FBC3DBB64DEBC6AAFD31A [INFO ] LogInterceptor.java: output results: 
18:22:11.011 D32D57AB4EE9DE3A991625F58930B2F6 [INFO ] LogInterceptor.java: GET for '/springboot-demo/webjars/springfox-swagger-ui/fonts/open-sans-v15-latin-regular.woff2' start... ip:0:0:0:0:0:0:0:1
18:22:11.011 42713D552D0FBC3DBB64DEBC6AAFD31A [INFO ] LogInterceptor.java: GET for '/springboot-demo/webjars/springfox-swagger-ui/fonts/titillium-web-v6-latin-700.woff2' end, cost 2ms
18:22:11.011 D32D57AB4EE9DE3A991625F58930B2F6 [INFO ] LogInterceptor.java: input params: null
18:22:11.011 D32D57AB4EE9DE3A991625F58930B2F6 [INFO ] LogInterceptor.java: output results: 
18:22:11.011 D32D57AB4EE9DE3A991625F58930B2F6 [INFO ] LogInterceptor.java: GET for '/springboot-demo/webjars/springfox-swagger-ui/fonts/open-sans-v15-latin-regular.woff2' end, cost 2ms
18:22:11.011 5E5CA258ED714F86CFC9964CCD143D7A [INFO ] LogInterceptor.java: GET for '/springboot-demo/csrf' start... ip:0:0:0:0:0:0:0:1
18:22:11.011 5E5CA258ED714F86CFC9964CCD143D7A [INFO ] LogInterceptor.java: input params: null
18:22:11.011 5E5CA258ED714F86CFC9964CCD143D7A [INFO ] LogInterceptor.java: output results: 
18:22:11.011 5E5CA258ED714F86CFC9964CCD143D7A [INFO ] LogInterceptor.java: GET for '/springboot-demo/csrf' end, cost 2ms
18:22:11.011 98663A5B9F8E920F10CE06B7DE52F344 [INFO ] LogInterceptor.java: GET for '/springboot-demo/error' start... ip:0:0:0:0:0:0:0:1
18:22:11.011 98663A5B9F8E920F10CE06B7DE52F344 [INFO ] LogInterceptor.java: input params: null
18:22:11.011 98663A5B9F8E920F10CE06B7DE52F344 [INFO ] LogInterceptor.java: GET for '/springboot-demo/error' end, cost 3ms
18:22:11.011 2A917EA5740A9FA9C0749880C2D9E1CC [INFO ] LogInterceptor.java: GET for '/springboot-demo/webjars/springfox-swagger-ui/fonts/source-code-pro-v7-latin-300.woff2' start... ip:0:0:0:0:0:0:0:1
18:22:11.011 A352139092C58BE985EC5DE4DB6176E4 [INFO ] LogInterceptor.java: GET for '/springboot-demo/webjars/springfox-swagger-ui/fonts/open-sans-v15-latin-700.woff2' start... ip:0:0:0:0:0:0:0:1
18:22:11.011 2A917EA5740A9FA9C0749880C2D9E1CC [INFO ] LogInterceptor.java: input params: null
18:22:11.011 A352139092C58BE985EC5DE4DB6176E4 [INFO ] LogInterceptor.java: input params: null
18:22:11.011 2A917EA5740A9FA9C0749880C2D9E1CC [INFO ] LogInterceptor.java: output results: 
18:22:11.011 A352139092C58BE985EC5DE4DB6176E4 [INFO ] LogInterceptor.java: output results: 
18:22:11.011 A352139092C58BE985EC5DE4DB6176E4 [INFO ] LogInterceptor.java: GET for '/springboot-demo/webjars/springfox-swagger-ui/fonts/open-sans-v15-latin-700.woff2' end, cost 2ms
18:22:11.011 2A917EA5740A9FA9C0749880C2D9E1CC [INFO ] LogInterceptor.java: GET for '/springboot-demo/webjars/springfox-swagger-ui/fonts/source-code-pro-v7-latin-300.woff2' end, cost 2ms
18:22:35.035 AD73B9D7E50ACC7C6CCF31DC598EC744 [INFO ] LogInterceptor.java: GET for '/springboot-demo/webjars/springfox-swagger-ui/fonts/source-code-pro-v7-latin-600.woff2' start... ip:0:0:0:0:0:0:0:1
18:22:35.035 AD73B9D7E50ACC7C6CCF31DC598EC744 [INFO ] LogInterceptor.java: input params: null
18:22:35.035 AD73B9D7E50ACC7C6CCF31DC598EC744 [INFO ] LogInterceptor.java: output results: 
18:22:35.035 AD73B9D7E50ACC7C6CCF31DC598EC744 [INFO ] LogInterceptor.java: GET for '/springboot-demo/webjars/springfox-swagger-ui/fonts/source-code-pro-v7-latin-600.woff2' end, cost 3ms
18:22:36.036 544E9A26E42137D959F7BA9BDDB4D0CB [INFO ] LogInterceptor.java: GET for '/springboot-demo/webjars/springfox-swagger-ui/fonts/titillium-web-v6-latin-regular.woff2' start... ip:0:0:0:0:0:0:0:1
18:22:36.036 544E9A26E42137D959F7BA9BDDB4D0CB [INFO ] LogInterceptor.java: input params: null
18:22:36.036 544E9A26E42137D959F7BA9BDDB4D0CB [INFO ] LogInterceptor.java: output results: 
18:22:36.036 544E9A26E42137D959F7BA9BDDB4D0CB [INFO ] LogInterceptor.java: GET for '/springboot-demo/webjars/springfox-swagger-ui/fonts/titillium-web-v6-latin-regular.woff2' end, cost 2ms
18:23:04.004 87AB2920AA13F9F9853305BD1A4C27AD [INFO ] LogInterceptor.java: GET for '/springboot-demo/mqtest/m1' start... ip:0:0:0:0:0:0:0:1
18:23:04.004 87AB2920AA13F9F9853305BD1A4C27AD [INFO ] LogInterceptor.java: input params: {"message":"点对点测试"}
18:23:04.004 87AB2920AA13F9F9853305BD1A4C27AD [INFO ] LogInterceptor.java: output results: {"code":200,"msg":"success"}
18:23:04.004 87AB2920AA13F9F9853305BD1A4C27AD [INFO ] LogInterceptor.java: GET for '/springboot-demo/mqtest/m1' end, cost 20ms
18:23:04.004 97C2E12051D00D1EF802376AEBB9C9D2 [INFO ] LogInterceptor.java: GET for '/springboot-demo/webjars/springfox-swagger-ui/fonts/titillium-web-v6-latin-600.woff2' start... ip:0:0:0:0:0:0:0:1
18:23:04.004 97C2E12051D00D1EF802376AEBB9C9D2 [INFO ] LogInterceptor.java: input params: null
18:23:04.004 97C2E12051D00D1EF802376AEBB9C9D2 [INFO ] LogInterceptor.java: output results: 
18:23:04.004 97C2E12051D00D1EF802376AEBB9C9D2 [INFO ] LogInterceptor.java: GET for '/springboot-demo/webjars/springfox-swagger-ui/fonts/titillium-web-v6-latin-600.woff2' end, cost 2ms
18:23:15.015 5284199765D6BBDB29EABE11EE58E539 [INFO ] LogInterceptor.java: GET for '/springboot-demo/mqtest/m1' start... ip:0:0:0:0:0:0:0:1
18:23:15.015 5284199765D6BBDB29EABE11EE58E539 [INFO ] LogInterceptor.java: input params: {"message":"点对点测试2"}
18:23:15.015 5284199765D6BBDB29EABE11EE58E539 [INFO ] LogInterceptor.java: output results: {"code":200,"msg":"success"}
18:23:15.015 5284199765D6BBDB29EABE11EE58E539 [INFO ] LogInterceptor.java: GET for '/springboot-demo/mqtest/m1' end, cost 2ms
18:23:26.026 3C11F2F0650746C4354AF2660D194E8E [INFO ] LogInterceptor.java: GET for '/springboot-demo/mqtest/m1' start... ip:0:0:0:0:0:0:0:1
18:23:26.026 3C11F2F0650746C4354AF2660D194E8E [INFO ] LogInterceptor.java: input params: {"message":"点对点测试3"}
18:23:26.026 3C11F2F0650746C4354AF2660D194E8E [INFO ] LogInterceptor.java: output results: {"code":200,"msg":"success"}
18:23:26.026 3C11F2F0650746C4354AF2660D194E8E [INFO ] LogInterceptor.java: GET for '/springboot-demo/mqtest/m1' end, cost 2ms
18:24:58.058  [INFO ] CommonFilter.java: [commonFilter] destroy...
18:24:58.058  [INFO ] StartupInfoLogger.java: Starting DemoApplication on lee with PID 9616 (D:\java\workspace2\springboot-demo\target\classes started by lee in D:\java\workspace2\springboot-demo)
18:24:58.058  [DEBUG] StartupInfoLogger.java: Running with Spring Boot v2.1.4.RELEASE, Spring v5.1.6.RELEASE
18:24:58.058  [INFO ] SpringApplication.java: The following profiles are active: dev
18:24:59.059  [INFO ] CommonFilter.java: [commonFilter] init...
18:25:00.000  [INFO ] StartupInfoLogger.java: Started DemoApplication in 2.063 seconds (JVM running for 4163.291)
18:25:10.010 592815434BDD747D8ABC897B1776C6BA [INFO ] LogInterceptor.java: GET for '/springboot-demo/swagger-ui.html' start... ip:0:0:0:0:0:0:0:1
18:25:10.010 592815434BDD747D8ABC897B1776C6BA [INFO ] LogInterceptor.java: input params: null
18:25:10.010 592815434BDD747D8ABC897B1776C6BA [INFO ] LogInterceptor.java: output results: 
18:25:10.010 592815434BDD747D8ABC897B1776C6BA [INFO ] LogInterceptor.java: GET for '/springboot-demo/swagger-ui.html' end, cost 2ms
18:25:10.010 A2EF4F4F39D36915AFF5482A558D4EDD [INFO ] LogInterceptor.java: GET for '/springboot-demo/webjars/springfox-swagger-ui/swagger-ui-bundle.js' start... ip:0:0:0:0:0:0:0:1
18:25:10.010 F6FEF593A49677E0D5D9FD4954276645 [INFO ] LogInterceptor.java: GET for '/springboot-demo/webjars/springfox-swagger-ui/swagger-ui-standalone-preset.js' start... ip:0:0:0:0:0:0:0:1
18:25:10.010 F6FEF593A49677E0D5D9FD4954276645 [INFO ] LogInterceptor.java: input params: {"v":"2.9.2"}
18:25:10.010 A2EF4F4F39D36915AFF5482A558D4EDD [INFO ] LogInterceptor.java: input params: {"v":"2.9.2"}
18:25:10.010 25937D5E0C64AC80142BE01AEC7EBEB2 [INFO ] LogInterceptor.java: GET for '/springboot-demo/webjars/springfox-swagger-ui/springfox.js' start... ip:0:0:0:0:0:0:0:1
18:25:10.010 25937D5E0C64AC80142BE01AEC7EBEB2 [INFO ] LogInterceptor.java: input params: {"v":"2.9.2"}
18:25:10.010 F6FEF593A49677E0D5D9FD4954276645 [INFO ] LogInterceptor.java: output results: 
18:25:10.010 A2EF4F4F39D36915AFF5482A558D4EDD [INFO ] LogInterceptor.java: output results: 
18:25:10.010 A2EF4F4F39D36915AFF5482A558D4EDD [INFO ] LogInterceptor.java: GET for '/springboot-demo/webjars/springfox-swagger-ui/swagger-ui-bundle.js' end, cost 5ms
18:25:10.010 F6FEF593A49677E0D5D9FD4954276645 [INFO ] LogInterceptor.java: GET for '/springboot-demo/webjars/springfox-swagger-ui/swagger-ui-standalone-preset.js' end, cost 4ms
18:25:10.010 25937D5E0C64AC80142BE01AEC7EBEB2 [INFO ] LogInterceptor.java: output results: 
18:25:10.010 25937D5E0C64AC80142BE01AEC7EBEB2 [INFO ] LogInterceptor.java: GET for '/springboot-demo/webjars/springfox-swagger-ui/springfox.js' end, cost 6ms
18:25:10.010 B2FCB140020B9F36EBE894B8E5611323 [INFO ] LogInterceptor.java: GET for '/springboot-demo/swagger-resources/configuration/ui' start... ip:0:0:0:0:0:0:0:1
18:25:10.010 EC10BC00B7494C9A747CFA9FEB7423D5 [INFO ] LogInterceptor.java: GET for '/springboot-demo/webjars/springfox-swagger-ui/favicon-32x32.png' start... ip:0:0:0:0:0:0:0:1
18:25:10.010 EC10BC00B7494C9A747CFA9FEB7423D5 [INFO ] LogInterceptor.java: input params: {"v":"2.9.2"}
18:25:10.010 EC10BC00B7494C9A747CFA9FEB7423D5 [INFO ] LogInterceptor.java: GET for '/springboot-demo/webjars/springfox-swagger-ui/favicon-32x32.png' end, cost 2ms
18:25:10.010 B2FCB140020B9F36EBE894B8E5611323 [INFO ] LogInterceptor.java: input params: null
18:25:10.010 B2FCB140020B9F36EBE894B8E5611323 [INFO ] LogInterceptor.java: output results: {"deepLinking":true,"displayOperationId":false,"defaultModelsExpandDepth":1,"defaultModelExpandDepth":1,"defaultModelRendering":"example","displayRequestDuration":false,"docExpansion":"none","filter":false,"operationsSorter":"alpha","showExtensions":false,"tagsSorter":"alpha","validatorUrl":"","apisSorter":"alpha","jsonEditor":false,"showRequestHeaders":false,"supportedSubmitMethods":["get","put","post","delete","options","head","patch","trace"]}
18:25:10.010 B2FCB140020B9F36EBE894B8E5611323 [INFO ] LogInterceptor.java: GET for '/springboot-demo/swagger-resources/configuration/ui' end, cost 10ms
18:25:10.010 AE4A81FF9EC677F26C8964A97293F562 [INFO ] LogInterceptor.java: GET for '/springboot-demo/swagger-resources/configuration/security' start... ip:0:0:0:0:0:0:0:1
18:25:10.010 AE4A81FF9EC677F26C8964A97293F562 [INFO ] LogInterceptor.java: input params: null
18:25:10.010 AE4A81FF9EC677F26C8964A97293F562 [INFO ] LogInterceptor.java: output results: {}
18:25:10.010 AE4A81FF9EC677F26C8964A97293F562 [INFO ] LogInterceptor.java: GET for '/springboot-demo/swagger-resources/configuration/security' end, cost 4ms
18:25:10.010 DC80116E80FCA37C7CBABF5AC3EA630A [INFO ] LogInterceptor.java: GET for '/springboot-demo/swagger-resources' start... ip:0:0:0:0:0:0:0:1
18:25:10.010 DC80116E80FCA37C7CBABF5AC3EA630A [INFO ] LogInterceptor.java: input params: null
18:25:10.010 DC80116E80FCA37C7CBABF5AC3EA630A [INFO ] LogInterceptor.java: output results: [{"name":"default","url":"/v2/api-docs","swaggerVersion":"2.0","location":"/v2/api-docs"}]
18:25:10.010 DC80116E80FCA37C7CBABF5AC3EA630A [INFO ] LogInterceptor.java: GET for '/springboot-demo/swagger-resources' end, cost 2ms
18:25:10.010 FB4BF578F3FB31E286264DB85BA7EAB6 [INFO ] LogInterceptor.java: GET for '/springboot-demo/webjars/springfox-swagger-ui/fonts/titillium-web-v6-latin-700.woff2' start... ip:0:0:0:0:0:0:0:1
18:25:10.010 FB4BF578F3FB31E286264DB85BA7EAB6 [INFO ] LogInterceptor.java: input params: null
18:25:10.010 1BB9396343EFF74B77FC5941C1342C72 [INFO ] LogInterceptor.java: GET for '/springboot-demo/webjars/springfox-swagger-ui/fonts/open-sans-v15-latin-regular.woff2' start... ip:0:0:0:0:0:0:0:1
18:25:10.010 1BB9396343EFF74B77FC5941C1342C72 [INFO ] LogInterceptor.java: input params: null
18:25:10.010 FB4BF578F3FB31E286264DB85BA7EAB6 [INFO ] LogInterceptor.java: output results: 
18:25:10.010 FB4BF578F3FB31E286264DB85BA7EAB6 [INFO ] LogInterceptor.java: GET for '/springboot-demo/webjars/springfox-swagger-ui/fonts/titillium-web-v6-latin-700.woff2' end, cost 2ms
18:25:10.010 1BB9396343EFF74B77FC5941C1342C72 [INFO ] LogInterceptor.java: output results: 
18:25:10.010 1BB9396343EFF74B77FC5941C1342C72 [INFO ] LogInterceptor.java: GET for '/springboot-demo/webjars/springfox-swagger-ui/fonts/open-sans-v15-latin-regular.woff2' end, cost 5ms
18:25:10.010 4419D868355C01EDF9F67DC53E41FE45 [INFO ] LogInterceptor.java: GET for '/springboot-demo/csrf' start... ip:0:0:0:0:0:0:0:1
18:25:10.010 4419D868355C01EDF9F67DC53E41FE45 [INFO ] LogInterceptor.java: input params: null
18:25:10.010 4419D868355C01EDF9F67DC53E41FE45 [INFO ] LogInterceptor.java: output results: 
18:25:10.010 4419D868355C01EDF9F67DC53E41FE45 [INFO ] LogInterceptor.java: GET for '/springboot-demo/csrf' end, cost 2ms
18:25:10.010 512CB56837C52E7371036B675FDEF927 [INFO ] LogInterceptor.java: GET for '/springboot-demo/error' start... ip:0:0:0:0:0:0:0:1
18:25:10.010 512CB56837C52E7371036B675FDEF927 [INFO ] LogInterceptor.java: input params: null
18:25:10.010 512CB56837C52E7371036B675FDEF927 [INFO ] LogInterceptor.java: GET for '/springboot-demo/error' end, cost 3ms
18:25:11.011 CE73E79ED806FE2986FA7E80895165F5 [INFO ] LogInterceptor.java: GET for '/springboot-demo/webjars/springfox-swagger-ui/fonts/open-sans-v15-latin-700.woff2' start... ip:0:0:0:0:0:0:0:1
18:25:11.011 F8E6F30315D821BEEF7BE0517E041C69 [INFO ] LogInterceptor.java: GET for '/springboot-demo/webjars/springfox-swagger-ui/fonts/source-code-pro-v7-latin-300.woff2' start... ip:0:0:0:0:0:0:0:1
18:25:11.011 CE73E79ED806FE2986FA7E80895165F5 [INFO ] LogInterceptor.java: input params: null
18:25:11.011 F8E6F30315D821BEEF7BE0517E041C69 [INFO ] LogInterceptor.java: input params: null
18:25:11.011 F8E6F30315D821BEEF7BE0517E041C69 [INFO ] LogInterceptor.java: output results: 
18:25:11.011 CE73E79ED806FE2986FA7E80895165F5 [INFO ] LogInterceptor.java: output results: 
18:25:11.011 F8E6F30315D821BEEF7BE0517E041C69 [INFO ] LogInterceptor.java: GET for '/springboot-demo/webjars/springfox-swagger-ui/fonts/source-code-pro-v7-latin-300.woff2' end, cost 3ms
18:25:11.011 CE73E79ED806FE2986FA7E80895165F5 [INFO ] LogInterceptor.java: GET for '/springboot-demo/webjars/springfox-swagger-ui/fonts/open-sans-v15-latin-700.woff2' end, cost 3ms
18:25:16.016 255C13EC571FAFEE1486061CEC016D37 [INFO ] LogInterceptor.java: GET for '/springboot-demo/webjars/springfox-swagger-ui/fonts/source-code-pro-v7-latin-600.woff2' start... ip:0:0:0:0:0:0:0:1
18:25:16.016 255C13EC571FAFEE1486061CEC016D37 [INFO ] LogInterceptor.java: input params: null
18:25:16.016 255C13EC571FAFEE1486061CEC016D37 [INFO ] LogInterceptor.java: output results: 
18:25:16.016 255C13EC571FAFEE1486061CEC016D37 [INFO ] LogInterceptor.java: GET for '/springboot-demo/webjars/springfox-swagger-ui/fonts/source-code-pro-v7-latin-600.woff2' end, cost 2ms
18:25:18.018 008E4C236B51AEFF64D019B74B33A66E [INFO ] LogInterceptor.java: GET for '/springboot-demo/webjars/springfox-swagger-ui/fonts/titillium-web-v6-latin-regular.woff2' start... ip:0:0:0:0:0:0:0:1
18:25:18.018 008E4C236B51AEFF64D019B74B33A66E [INFO ] LogInterceptor.java: input params: null
18:25:18.018 008E4C236B51AEFF64D019B74B33A66E [INFO ] LogInterceptor.java: output results: 
18:25:18.018 008E4C236B51AEFF64D019B74B33A66E [INFO ] LogInterceptor.java: GET for '/springboot-demo/webjars/springfox-swagger-ui/fonts/titillium-web-v6-latin-regular.woff2' end, cost 2ms
18:25:27.027 D36E2CEB3ADE1C2A3ECDBB01F30EB90E [INFO ] LogInterceptor.java: GET for '/springboot-demo/mqtest/m2' start... ip:0:0:0:0:0:0:0:1
18:25:27.027 D36E2CEB3ADE1C2A3ECDBB01F30EB90E [INFO ] LogInterceptor.java: input params: {"message":"广播测试1"}
18:25:27.027 D36E2CEB3ADE1C2A3ECDBB01F30EB90E [INFO ] LogInterceptor.java: output results: {"code":200,"msg":"success"}
18:25:27.027 D36E2CEB3ADE1C2A3ECDBB01F30EB90E [INFO ] LogInterceptor.java: GET for '/springboot-demo/mqtest/m2' end, cost 18ms
18:25:27.027 965B7AE2845E9F60A16AF58C5845E513 [INFO ] LogInterceptor.java: GET for '/springboot-demo/webjars/springfox-swagger-ui/fonts/titillium-web-v6-latin-600.woff2' start... ip:0:0:0:0:0:0:0:1
18:25:27.027 965B7AE2845E9F60A16AF58C5845E513 [INFO ] LogInterceptor.java: input params: null
18:25:27.027 965B7AE2845E9F60A16AF58C5845E513 [INFO ] LogInterceptor.java: output results: 
18:25:27.027 965B7AE2845E9F60A16AF58C5845E513 [INFO ] LogInterceptor.java: GET for '/springboot-demo/webjars/springfox-swagger-ui/fonts/titillium-web-v6-latin-600.woff2' end, cost 2ms
18:28:46.046  [INFO ] CommonFilter.java: [commonFilter] destroy...
18:28:46.046  [INFO ] StartupInfoLogger.java: Starting DemoApplication on lee with PID 9616 (D:\java\workspace2\springboot-demo\target\classes started by lee in D:\java\workspace2\springboot-demo)
18:28:46.046  [DEBUG] StartupInfoLogger.java: Running with Spring Boot v2.1.4.RELEASE, Spring v5.1.6.RELEASE
18:28:46.046  [INFO ] SpringApplication.java: The following profiles are active: dev
18:28:47.047  [INFO ] CommonFilter.java: [commonFilter] init...
18:28:48.048  [INFO ] StartupInfoLogger.java: Started DemoApplication in 1.728 seconds (JVM running for 4390.72)
18:30:28.028 FCAA5CC0370FBFEA0F0F9144D026845C [INFO ] LogInterceptor.java: GET for '/springboot-demo/mqtest/m2' start... ip:0:0:0:0:0:0:0:1
18:30:28.028 FCAA5CC0370FBFEA0F0F9144D026845C [INFO ] LogInterceptor.java: input params: {"message":"广播测试2"}
18:30:28.028 FCAA5CC0370FBFEA0F0F9144D026845C [INFO ] LogInterceptor.java: output results: {"code":200,"msg":"success"}
18:30:28.028 FCAA5CC0370FBFEA0F0F9144D026845C [INFO ] LogInterceptor.java: GET for '/springboot-demo/mqtest/m2' end, cost 19ms
18:33:42.042 717123E58E4E92963FF9D08F9BC5367A [INFO ] LogInterceptor.java: GET for '/springboot-demo/mqtest/m3' start... ip:0:0:0:0:0:0:0:1
18:33:42.042 717123E58E4E92963FF9D08F9BC5367A [INFO ] LogInterceptor.java: input params: {"message":"广播消息ss"}
18:33:42.042 717123E58E4E92963FF9D08F9BC5367A [INFO ] LogInterceptor.java: output results: {"code":200,"msg":"success"}
18:33:42.042 717123E58E4E92963FF9D08F9BC5367A [INFO ] LogInterceptor.java: GET for '/springboot-demo/mqtest/m3' end, cost 3ms
18:33:59.059 27D57A42C0ED54225F899DEE38EE5CAF [INFO ] LogInterceptor.java: GET for '/springboot-demo/mqtest/m2' start... ip:0:0:0:0:0:0:0:1
18:33:59.059 27D57A42C0ED54225F899DEE38EE5CAF [INFO ] LogInterceptor.java: input params: {"message":"广播测试2"}
18:33:59.059 27D57A42C0ED54225F899DEE38EE5CAF [INFO ] LogInterceptor.java: output results: {"code":200,"msg":"success"}
18:33:59.059 27D57A42C0ED54225F899DEE38EE5CAF [INFO ] LogInterceptor.java: GET for '/springboot-demo/mqtest/m2' end, cost 1ms
18:46:15.015  [INFO ] CommonFilter.java: [commonFilter] destroy...
18:46:15.015  [INFO ] StartupInfoLogger.java: Starting DemoApplication on lee with PID 9616 (D:\java\workspace2\springboot-demo\target\classes started by lee in D:\java\workspace2\springboot-demo)
18:46:15.015  [DEBUG] StartupInfoLogger.java: Running with Spring Boot v2.1.4.RELEASE, Spring v5.1.6.RELEASE
18:46:15.015  [INFO ] SpringApplication.java: The following profiles are active: dev
18:46:16.016  [INFO ] CommonFilter.java: [commonFilter] init...
18:46:17.017  [INFO ] StartupInfoLogger.java: Started DemoApplication in 1.862 seconds (JVM running for 5439.72)
18:46:55.055 28C626443C4CD1EFF1EE17D534A7FA23 [INFO ] LogInterceptor.java: GET for '/springboot-demo/mqtest/m2' start... ip:0:0:0:0:0:0:0:1
18:46:55.055 28C626443C4CD1EFF1EE17D534A7FA23 [INFO ] LogInterceptor.java: input params: {"message":"广播测试2"}
18:46:55.055 28C626443C4CD1EFF1EE17D534A7FA23 [INFO ] LogInterceptor.java: output results: {"code":200,"msg":"success"}
18:46:55.055 28C626443C4CD1EFF1EE17D534A7FA23 [INFO ] LogInterceptor.java: GET for '/springboot-demo/mqtest/m2' end, cost 24ms
18:47:06.006 4722D4808344B3EF67C1A4256D4627BC [INFO ] LogInterceptor.java: GET for '/springboot-demo/mqtest/m3' start... ip:0:0:0:0:0:0:0:1
18:47:06.006 4722D4808344B3EF67C1A4256D4627BC [INFO ] LogInterceptor.java: input params: {"message":"广播消息ss"}
18:47:06.006 4722D4808344B3EF67C1A4256D4627BC [INFO ] LogInterceptor.java: output results: {"code":200,"msg":"success"}
18:47:06.006 4722D4808344B3EF67C1A4256D4627BC [INFO ] LogInterceptor.java: GET for '/springboot-demo/mqtest/m3' end, cost 2ms
18:47:59.059  [INFO ] CommonFilter.java: [commonFilter] destroy...
18:48:00.000  [INFO ] StartupInfoLogger.java: Starting DemoApplication on lee with PID 9616 (D:\java\workspace2\springboot-demo\target\classes started by lee in D:\java\workspace2\springboot-demo)
18:48:00.000  [DEBUG] StartupInfoLogger.java: Running with Spring Boot v2.1.4.RELEASE, Spring v5.1.6.RELEASE
18:48:00.000  [INFO ] SpringApplication.java: The following profiles are active: dev
18:48:00.000  [INFO ] CommonFilter.java: [commonFilter] init...
18:48:00.000  [INFO ] CommonFilter.java: [commonFilter] destroy...
18:50:07.007  [INFO ] StartupInfoLogger.java: Starting DemoApplication on lee with PID 10664 (D:\java\workspace2\springboot-demo\target\classes started by lee in D:\java\workspace2\springboot-demo)
18:50:07.007  [DEBUG] StartupInfoLogger.java: Running with Spring Boot v2.1.4.RELEASE, Spring v5.1.6.RELEASE
18:50:07.007  [INFO ] SpringApplication.java: The following profiles are active: dev
18:50:09.009  [INFO ] CommonFilter.java: [commonFilter] init...
18:50:12.012  [INFO ] StartupInfoLogger.java: Started DemoApplication in 5.276 seconds (JVM running for 6.312)
18:50:20.020 6C35A6A516C0AFD614241C14E8BCAF5D [INFO ] LogInterceptor.java: GET for '/springboot-demo/mqtest/m2' start... ip:0:0:0:0:0:0:0:1
18:50:20.020 6C35A6A516C0AFD614241C14E8BCAF5D [INFO ] LogInterceptor.java: input params: {"message":"广播测试2"}
18:50:20.020 6C35A6A516C0AFD614241C14E8BCAF5D [INFO ] LogInterceptor.java: output results: {"code":200,"msg":"success"}
18:50:20.020 6C35A6A516C0AFD614241C14E8BCAF5D [INFO ] LogInterceptor.java: GET for '/springboot-demo/mqtest/m2' end, cost 126ms
18:50:25.025 5E1456F4B229812937FB93292FD9C2BD [INFO ] LogInterceptor.java: GET for '/springboot-demo/mqtest/m3' start... ip:0:0:0:0:0:0:0:1
18:50:25.025 5E1456F4B229812937FB93292FD9C2BD [INFO ] LogInterceptor.java: input params: {"message":"广播消息ss"}
18:50:25.025 5E1456F4B229812937FB93292FD9C2BD [INFO ] LogInterceptor.java: output results: {"code":200,"msg":"success"}
18:50:25.025 5E1456F4B229812937FB93292FD9C2BD [INFO ] LogInterceptor.java: GET for '/springboot-demo/mqtest/m3' end, cost 3ms
19:22:55.055  [INFO ] CommonFilter.java: [commonFilter] destroy...
19:22:55.055  [INFO ] StartupInfoLogger.java: Starting DemoApplication on lee with PID 10664 (D:\java\workspace2\springboot-demo\target\classes started by lee in D:\java\workspace2\springboot-demo)
19:22:55.055  [DEBUG] StartupInfoLogger.java: Running with Spring Boot v2.1.4.RELEASE, Spring v5.1.6.RELEASE
19:22:55.055  [INFO ] SpringApplication.java: The following profiles are active: dev
19:22:56.056  [INFO ] CommonFilter.java: [commonFilter] init...
19:22:57.057  [INFO ] StartupInfoLogger.java: Started DemoApplication in 1.876 seconds (JVM running for 1971.404)
19:23:09.009 447950202820BAF1FEA7D1047E732B5B [INFO ] LogInterceptor.java: GET for '/springboot-demo/swagger-ui.html' start... ip:0:0:0:0:0:0:0:1
19:23:09.009 447950202820BAF1FEA7D1047E732B5B [INFO ] LogInterceptor.java: input params: null
19:23:09.009 447950202820BAF1FEA7D1047E732B5B [INFO ] LogInterceptor.java: output results: 
19:23:09.009 447950202820BAF1FEA7D1047E732B5B [INFO ] LogInterceptor.java: GET for '/springboot-demo/swagger-ui.html' end, cost 7ms
19:23:09.009 85E4604BAE812C9710456AF07A578C67 [INFO ] LogInterceptor.java: GET for '/springboot-demo/webjars/springfox-swagger-ui/swagger-ui-bundle.js' start... ip:0:0:0:0:0:0:0:1
19:23:09.009 35A10D8D2BDBA2F8C86401E6AA926029 [INFO ] LogInterceptor.java: GET for '/springboot-demo/webjars/springfox-swagger-ui/springfox.js' start... ip:0:0:0:0:0:0:0:1
19:23:09.009 6BF5D053C36314259DA87AE7B7A57BC1 [INFO ] LogInterceptor.java: GET for '/springboot-demo/webjars/springfox-swagger-ui/swagger-ui-standalone-preset.js' start... ip:0:0:0:0:0:0:0:1
19:23:09.009 85E4604BAE812C9710456AF07A578C67 [INFO ] LogInterceptor.java: input params: {"v":"2.9.2"}
19:23:09.009 6BF5D053C36314259DA87AE7B7A57BC1 [INFO ] LogInterceptor.java: input params: {"v":"2.9.2"}
19:23:09.009 35A10D8D2BDBA2F8C86401E6AA926029 [INFO ] LogInterceptor.java: input params: {"v":"2.9.2"}
19:23:09.009 85E4604BAE812C9710456AF07A578C67 [INFO ] LogInterceptor.java: output results: 
19:23:09.009 6BF5D053C36314259DA87AE7B7A57BC1 [INFO ] LogInterceptor.java: output results: 
19:23:09.009 35A10D8D2BDBA2F8C86401E6AA926029 [INFO ] LogInterceptor.java: output results: 
19:23:09.009 85E4604BAE812C9710456AF07A578C67 [INFO ] LogInterceptor.java: GET for '/springboot-demo/webjars/springfox-swagger-ui/swagger-ui-bundle.js' end, cost 4ms
19:23:09.009 6BF5D053C36314259DA87AE7B7A57BC1 [INFO ] LogInterceptor.java: GET for '/springboot-demo/webjars/springfox-swagger-ui/swagger-ui-standalone-preset.js' end, cost 3ms
19:23:09.009 35A10D8D2BDBA2F8C86401E6AA926029 [INFO ] LogInterceptor.java: GET for '/springboot-demo/webjars/springfox-swagger-ui/springfox.js' end, cost 3ms
19:23:09.009 36DDCA08A424E32CC3EC34403E82F18A [INFO ] LogInterceptor.java: GET for '/springboot-demo/swagger-resources/configuration/ui' start... ip:0:0:0:0:0:0:0:1
19:23:09.009 202E6A33C8C58F11E025116A3F60958A [INFO ] LogInterceptor.java: GET for '/springboot-demo/webjars/springfox-swagger-ui/favicon-32x32.png' start... ip:0:0:0:0:0:0:0:1
19:23:09.009 202E6A33C8C58F11E025116A3F60958A [INFO ] LogInterceptor.java: input params: {"v":"2.9.2"}
19:23:09.009 202E6A33C8C58F11E025116A3F60958A [INFO ] LogInterceptor.java: GET for '/springboot-demo/webjars/springfox-swagger-ui/favicon-32x32.png' end, cost 4ms
19:23:09.009 36DDCA08A424E32CC3EC34403E82F18A [INFO ] LogInterceptor.java: input params: null
19:23:09.009 36DDCA08A424E32CC3EC34403E82F18A [INFO ] LogInterceptor.java: output results: {"deepLinking":true,"displayOperationId":false,"defaultModelsExpandDepth":1,"defaultModelExpandDepth":1,"defaultModelRendering":"example","displayRequestDuration":false,"docExpansion":"none","filter":false,"operationsSorter":"alpha","showExtensions":false,"tagsSorter":"alpha","validatorUrl":"","apisSorter":"alpha","jsonEditor":false,"showRequestHeaders":false,"supportedSubmitMethods":["get","put","post","delete","options","head","patch","trace"]}
19:23:09.009 36DDCA08A424E32CC3EC34403E82F18A [INFO ] LogInterceptor.java: GET for '/springboot-demo/swagger-resources/configuration/ui' end, cost 34ms
19:23:09.009 7EDA22880BE56AF8495EE2B4477E617C [INFO ] LogInterceptor.java: GET for '/springboot-demo/swagger-resources/configuration/security' start... ip:0:0:0:0:0:0:0:1
19:23:09.009 7EDA22880BE56AF8495EE2B4477E617C [INFO ] LogInterceptor.java: input params: null
19:23:09.009 7EDA22880BE56AF8495EE2B4477E617C [INFO ] LogInterceptor.java: output results: {}
19:23:09.009 7EDA22880BE56AF8495EE2B4477E617C [INFO ] LogInterceptor.java: GET for '/springboot-demo/swagger-resources/configuration/security' end, cost 8ms
19:23:09.009 413E0FBD6820F9F37EF007CF3015CCF0 [INFO ] LogInterceptor.java: GET for '/springboot-demo/swagger-resources' start... ip:0:0:0:0:0:0:0:1
19:23:09.009 413E0FBD6820F9F37EF007CF3015CCF0 [INFO ] LogInterceptor.java: input params: null
19:23:09.009 413E0FBD6820F9F37EF007CF3015CCF0 [INFO ] LogInterceptor.java: output results: [{"name":"default","url":"/v2/api-docs","swaggerVersion":"2.0","location":"/v2/api-docs"}]
19:23:09.009 413E0FBD6820F9F37EF007CF3015CCF0 [INFO ] LogInterceptor.java: GET for '/springboot-demo/swagger-resources' end, cost 9ms
19:23:09.009 EFBC030BED68665FFF0681F3C513AA9F [INFO ] LogInterceptor.java: GET for '/springboot-demo/webjars/springfox-swagger-ui/fonts/titillium-web-v6-latin-700.woff2' start... ip:0:0:0:0:0:0:0:1
19:23:09.009 EFBC030BED68665FFF0681F3C513AA9F [INFO ] LogInterceptor.java: input params: null
19:23:09.009 12E634829370C09BFB41AF085A41124B [INFO ] LogInterceptor.java: GET for '/springboot-demo/webjars/springfox-swagger-ui/fonts/open-sans-v15-latin-regular.woff2' start... ip:0:0:0:0:0:0:0:1
19:23:09.009 12E634829370C09BFB41AF085A41124B [INFO ] LogInterceptor.java: input params: null
19:23:09.009 12E634829370C09BFB41AF085A41124B [INFO ] LogInterceptor.java: output results: 
19:23:09.009 12E634829370C09BFB41AF085A41124B [INFO ] LogInterceptor.java: GET for '/springboot-demo/webjars/springfox-swagger-ui/fonts/open-sans-v15-latin-regular.woff2' end, cost 3ms
19:23:09.009 EFBC030BED68665FFF0681F3C513AA9F [INFO ] LogInterceptor.java: output results: 
19:23:09.009 EFBC030BED68665FFF0681F3C513AA9F [INFO ] LogInterceptor.java: GET for '/springboot-demo/webjars/springfox-swagger-ui/fonts/titillium-web-v6-latin-700.woff2' end, cost 15ms
19:23:10.010 3C4CB23BF6BD2ACB750BA31E68ABF27B [INFO ] LogInterceptor.java: GET for '/springboot-demo/webjars/springfox-swagger-ui/fonts/open-sans-v15-latin-700.woff2' start... ip:0:0:0:0:0:0:0:1
19:23:10.010 3C4CB23BF6BD2ACB750BA31E68ABF27B [INFO ] LogInterceptor.java: input params: null
19:23:10.010 3450865381EB738FFEA7F9BE51A69DB1 [INFO ] LogInterceptor.java: GET for '/springboot-demo/webjars/springfox-swagger-ui/fonts/source-code-pro-v7-latin-300.woff2' start... ip:0:0:0:0:0:0:0:1
19:23:10.010 3450865381EB738FFEA7F9BE51A69DB1 [INFO ] LogInterceptor.java: input params: null
19:23:10.010 3C4CB23BF6BD2ACB750BA31E68ABF27B [INFO ] LogInterceptor.java: output results: 
19:23:10.010 3C4CB23BF6BD2ACB750BA31E68ABF27B [INFO ] LogInterceptor.java: GET for '/springboot-demo/webjars/springfox-swagger-ui/fonts/open-sans-v15-latin-700.woff2' end, cost 2ms
19:23:10.010 3450865381EB738FFEA7F9BE51A69DB1 [INFO ] LogInterceptor.java: output results: 
19:23:10.010 3450865381EB738FFEA7F9BE51A69DB1 [INFO ] LogInterceptor.java: GET for '/springboot-demo/webjars/springfox-swagger-ui/fonts/source-code-pro-v7-latin-300.woff2' end, cost 2ms
19:23:10.010 F4F5C0DC5D499CC4E8FC736ACED1D43A [INFO ] LogInterceptor.java: GET for '/springboot-demo/csrf' start... ip:0:0:0:0:0:0:0:1
19:23:10.010 F4F5C0DC5D499CC4E8FC736ACED1D43A [INFO ] LogInterceptor.java: input params: null
19:23:10.010 F4F5C0DC5D499CC4E8FC736ACED1D43A [INFO ] LogInterceptor.java: output results: 
19:23:10.010 F4F5C0DC5D499CC4E8FC736ACED1D43A [INFO ] LogInterceptor.java: GET for '/springboot-demo/csrf' end, cost 2ms
19:23:10.010 B4E2C2E054A8D7744DD3F08FBAFBAAEE [INFO ] LogInterceptor.java: GET for '/springboot-demo/error' start... ip:0:0:0:0:0:0:0:1
19:23:10.010 B4E2C2E054A8D7744DD3F08FBAFBAAEE [INFO ] LogInterceptor.java: input params: null
19:23:10.010 B4E2C2E054A8D7744DD3F08FBAFBAAEE [INFO ] LogInterceptor.java: GET for '/springboot-demo/error' end, cost 4ms
19:23:12.012 A23533699D60B8F82E28D2FAC9BC2BB6 [INFO ] LogInterceptor.java: GET for '/springboot-demo/webjars/springfox-swagger-ui/fonts/source-code-pro-v7-latin-600.woff2' start... ip:0:0:0:0:0:0:0:1
19:23:12.012 A23533699D60B8F82E28D2FAC9BC2BB6 [INFO ] LogInterceptor.java: input params: null
19:23:12.012 A23533699D60B8F82E28D2FAC9BC2BB6 [INFO ] LogInterceptor.java: output results: 
19:23:12.012 A23533699D60B8F82E28D2FAC9BC2BB6 [INFO ] LogInterceptor.java: GET for '/springboot-demo/webjars/springfox-swagger-ui/fonts/source-code-pro-v7-latin-600.woff2' end, cost 3ms
19:23:19.019 B8750007DA910D774D2C44A28E3A59F8 [INFO ] LogInterceptor.java: GET for '/springboot-demo/webjars/springfox-swagger-ui/fonts/titillium-web-v6-latin-regular.woff2' start... ip:0:0:0:0:0:0:0:1
19:23:19.019 B8750007DA910D774D2C44A28E3A59F8 [INFO ] LogInterceptor.java: input params: null
19:23:19.019 B8750007DA910D774D2C44A28E3A59F8 [INFO ] LogInterceptor.java: output results: 
19:23:19.019 B8750007DA910D774D2C44A28E3A59F8 [INFO ] LogInterceptor.java: GET for '/springboot-demo/webjars/springfox-swagger-ui/fonts/titillium-web-v6-latin-regular.woff2' end, cost 1ms
19:23:36.036 7D58A2B0CB0A955096C53AD8EB6C4EE5 [INFO ] LogInterceptor.java: GET for '/springboot-demo/mqtest/m4' start... ip:0:0:0:0:0:0:0:1
19:23:36.036 7D58A2B0CB0A955096C53AD8EB6C4EE5 [INFO ] LogInterceptor.java: input params: {"message":"测试1"}
19:23:36.036 7D58A2B0CB0A955096C53AD8EB6C4EE5 [INFO ] LogInterceptor.java: output results: {"code":200,"msg":"success"}
19:23:36.036 7D58A2B0CB0A955096C53AD8EB6C4EE5 [INFO ] LogInterceptor.java: GET for '/springboot-demo/mqtest/m4' end, cost 74ms
19:23:36.036 ABF7D40B0F21BB93C6A24A53B1D6B8B8 [INFO ] LogInterceptor.java: GET for '/springboot-demo/webjars/springfox-swagger-ui/fonts/titillium-web-v6-latin-600.woff2' start... ip:0:0:0:0:0:0:0:1
19:23:36.036 ABF7D40B0F21BB93C6A24A53B1D6B8B8 [INFO ] LogInterceptor.java: input params: null
19:23:36.036 ABF7D40B0F21BB93C6A24A53B1D6B8B8 [INFO ] LogInterceptor.java: output results: 
19:23:36.036 ABF7D40B0F21BB93C6A24A53B1D6B8B8 [INFO ] LogInterceptor.java: GET for '/springboot-demo/webjars/springfox-swagger-ui/fonts/titillium-web-v6-latin-600.woff2' end, cost 2ms
19:25:12.012  [INFO ] CommonFilter.java: [commonFilter] destroy...
19:25:12.012  [INFO ] StartupInfoLogger.java: Starting DemoApplication on lee with PID 10664 (D:\java\workspace2\springboot-demo\target\classes started by lee in D:\java\workspace2\springboot-demo)
19:25:12.012  [DEBUG] StartupInfoLogger.java: Running with Spring Boot v2.1.4.RELEASE, Spring v5.1.6.RELEASE
19:25:12.012  [INFO ] SpringApplication.java: The following profiles are active: dev
19:25:13.013  [INFO ] CommonFilter.java: [commonFilter] init...
19:25:14.014  [INFO ] StartupInfoLogger.java: Started DemoApplication in 1.948 seconds (JVM running for 2108.001)
19:25:48.048 D82A81AE73D7DA5F786DA3E74C43C137 [INFO ] LogInterceptor.java: GET for '/springboot-demo/mqtest/m4' start... ip:0:0:0:0:0:0:0:1
19:25:48.048 D82A81AE73D7DA5F786DA3E74C43C137 [INFO ] LogInterceptor.java: input params: {"message":"测试2"}
19:25:48.048 D82A81AE73D7DA5F786DA3E74C43C137 [INFO ] LogInterceptor.java: output results: {"code":200,"msg":"success"}
19:25:48.048 D82A81AE73D7DA5F786DA3E74C43C137 [INFO ] LogInterceptor.java: GET for '/springboot-demo/mqtest/m4' end, cost 21ms
19:35:13.013  [INFO ] CommonFilter.java: [commonFilter] destroy...
19:35:14.014  [INFO ] StartupInfoLogger.java: Starting DemoApplication on lee with PID 10664 (D:\java\workspace2\springboot-demo\target\classes started by lee in D:\java\workspace2\springboot-demo)
19:35:14.014  [DEBUG] StartupInfoLogger.java: Running with Spring Boot v2.1.4.RELEASE, Spring v5.1.6.RELEASE
19:35:14.014  [INFO ] SpringApplication.java: The following profiles are active: dev
19:35:14.014  [INFO ] CommonFilter.java: [commonFilter] init...
19:35:16.016  [INFO ] StartupInfoLogger.java: Started DemoApplication in 1.82 seconds (JVM running for 2709.767)
19:35:27.027 40AFA971CB26AE8294C3FFA8CC1363D9 [INFO ] LogInterceptor.java: GET for '/springboot-demo/mqtest/m4' start... ip:0:0:0:0:0:0:0:1
19:35:27.027 40AFA971CB26AE8294C3FFA8CC1363D9 [INFO ] LogInterceptor.java: input params: {"message":"测试3"}
19:35:27.027 40AFA971CB26AE8294C3FFA8CC1363D9 [INFO ] LogInterceptor.java: output results: {"code":200,"msg":"success"}
19:35:27.027 40AFA971CB26AE8294C3FFA8CC1363D9 [INFO ] LogInterceptor.java: GET for '/springboot-demo/mqtest/m4' end, cost 22ms
19:35:38.038 2692675AE68BD51B3342E16783FF059F [INFO ] LogInterceptor.java: GET for '/springboot-demo/mqtest/m4' start... ip:0:0:0:0:0:0:0:1
19:35:38.038 2692675AE68BD51B3342E16783FF059F [INFO ] LogInterceptor.java: input params: {"message":"测试3"}
19:35:38.038 2692675AE68BD51B3342E16783FF059F [INFO ] LogInterceptor.java: output results: {"code":200,"msg":"success"}
19:35:38.038 2692675AE68BD51B3342E16783FF059F [INFO ] LogInterceptor.java: GET for '/springboot-demo/mqtest/m4' end, cost 2ms
19:35:45.045 88FCE5638EFBA37FE59353A184E79D96 [INFO ] LogInterceptor.java: GET for '/springboot-demo/mqtest/m4' start... ip:0:0:0:0:0:0:0:1
19:35:45.045 88FCE5638EFBA37FE59353A184E79D96 [INFO ] LogInterceptor.java: input params: {"message":"测试4"}
19:35:45.045 88FCE5638EFBA37FE59353A184E79D96 [INFO ] LogInterceptor.java: output results: {"code":200,"msg":"success"}
19:35:45.045 88FCE5638EFBA37FE59353A184E79D96 [INFO ] LogInterceptor.java: GET for '/springboot-demo/mqtest/m4' end, cost 1ms
22:16:57.057  [INFO ] CommonFilter.java: [commonFilter] destroy...
22:16:58.058  [INFO ] StartupInfoLogger.java: Starting DemoApplication on lee with PID 10664 (D:\java\workspace2\springboot-demo\target\classes started by lee in D:\java\workspace2\springboot-demo)
22:16:58.058  [DEBUG] StartupInfoLogger.java: Running with Spring Boot v2.1.4.RELEASE, Spring v5.1.6.RELEASE
22:16:58.058  [INFO ] SpringApplication.java: The following profiles are active: dev
22:19:11.011  [INFO ] StartupInfoLogger.java: Starting DemoApplication on lee with PID 10664 (D:\java\workspace2\springboot-demo\target\classes started by lee in D:\java\workspace2\springboot-demo)
22:19:11.011  [DEBUG] StartupInfoLogger.java: Running with Spring Boot v2.1.4.RELEASE, Spring v5.1.6.RELEASE
22:19:11.011  [INFO ] SpringApplication.java: The following profiles are active: dev
22:19:12.012  [INFO ] CommonFilter.java: [commonFilter] init...
22:19:13.013  [INFO ] StartupInfoLogger.java: Started DemoApplication in 2.223 seconds (JVM running for 12547.707)
22:20:10.010 CA6CCF0C07603FF008470B298F7ABC03 [INFO ] LogInterceptor.java: GET for '/springboot-demo/swagger-ui.html' start... ip:0:0:0:0:0:0:0:1
22:20:10.010 CA6CCF0C07603FF008470B298F7ABC03 [INFO ] LogInterceptor.java: input params: null
22:20:10.010 CA6CCF0C07603FF008470B298F7ABC03 [INFO ] LogInterceptor.java: output results: 
22:20:10.010 CA6CCF0C07603FF008470B298F7ABC03 [INFO ] LogInterceptor.java: GET for '/springboot-demo/swagger-ui.html' end, cost 3ms
22:20:10.010 5B45AB66B6A178050A3C41B4D56A3301 [INFO ] LogInterceptor.java: GET for '/springboot-demo/webjars/springfox-swagger-ui/swagger-ui-bundle.js' start... ip:0:0:0:0:0:0:0:1
22:20:10.010 7EB205E629F9A68A3C1652837FAFA791 [INFO ] LogInterceptor.java: GET for '/springboot-demo/webjars/springfox-swagger-ui/swagger-ui-standalone-preset.js' start... ip:0:0:0:0:0:0:0:1
22:20:10.010 8504609BF491133A0C4EF3D93B17133A [INFO ] LogInterceptor.java: GET for '/springboot-demo/webjars/springfox-swagger-ui/springfox.js' start... ip:0:0:0:0:0:0:0:1
22:20:10.010 8504609BF491133A0C4EF3D93B17133A [INFO ] LogInterceptor.java: input params: {"v":"2.9.2"}
22:20:10.010 7EB205E629F9A68A3C1652837FAFA791 [INFO ] LogInterceptor.java: input params: {"v":"2.9.2"}
22:20:10.010 5B45AB66B6A178050A3C41B4D56A3301 [INFO ] LogInterceptor.java: input params: {"v":"2.9.2"}
22:20:10.010 8504609BF491133A0C4EF3D93B17133A [INFO ] LogInterceptor.java: output results: 
22:20:10.010 7EB205E629F9A68A3C1652837FAFA791 [INFO ] LogInterceptor.java: output results: 
22:20:10.010 5B45AB66B6A178050A3C41B4D56A3301 [INFO ] LogInterceptor.java: output results: 
22:20:10.010 8504609BF491133A0C4EF3D93B17133A [INFO ] LogInterceptor.java: GET for '/springboot-demo/webjars/springfox-swagger-ui/springfox.js' end, cost 2ms
22:20:10.010 7EB205E629F9A68A3C1652837FAFA791 [INFO ] LogInterceptor.java: GET for '/springboot-demo/webjars/springfox-swagger-ui/swagger-ui-standalone-preset.js' end, cost 2ms
22:20:10.010 5B45AB66B6A178050A3C41B4D56A3301 [INFO ] LogInterceptor.java: GET for '/springboot-demo/webjars/springfox-swagger-ui/swagger-ui-bundle.js' end, cost 2ms
22:20:10.010 1B53BD240A73C5A5CBAE8BA4ED4BF8CA [INFO ] LogInterceptor.java: GET for '/springboot-demo/swagger-resources/configuration/ui' start... ip:0:0:0:0:0:0:0:1
22:20:10.010 8CDE4A4C021C9831469EB53F87258BDE [INFO ] LogInterceptor.java: GET for '/springboot-demo/webjars/springfox-swagger-ui/favicon-32x32.png' start... ip:0:0:0:0:0:0:0:1
22:20:10.010 8CDE4A4C021C9831469EB53F87258BDE [INFO ] LogInterceptor.java: input params: {"v":"2.9.2"}
22:20:10.010 1B53BD240A73C5A5CBAE8BA4ED4BF8CA [INFO ] LogInterceptor.java: input params: null
22:20:10.010 8CDE4A4C021C9831469EB53F87258BDE [INFO ] LogInterceptor.java: GET for '/springboot-demo/webjars/springfox-swagger-ui/favicon-32x32.png' end, cost 4ms
22:20:10.010 1B53BD240A73C5A5CBAE8BA4ED4BF8CA [INFO ] LogInterceptor.java: output results: {"deepLinking":true,"displayOperationId":false,"defaultModelsExpandDepth":1,"defaultModelExpandDepth":1,"defaultModelRendering":"example","displayRequestDuration":false,"docExpansion":"none","filter":false,"operationsSorter":"alpha","showExtensions":false,"tagsSorter":"alpha","validatorUrl":"","apisSorter":"alpha","jsonEditor":false,"showRequestHeaders":false,"supportedSubmitMethods":["get","put","post","delete","options","head","patch","trace"]}
22:20:10.010 1B53BD240A73C5A5CBAE8BA4ED4BF8CA [INFO ] LogInterceptor.java: GET for '/springboot-demo/swagger-resources/configuration/ui' end, cost 12ms
22:20:10.010 A88021223547114AC76811D93576C376 [INFO ] LogInterceptor.java: GET for '/springboot-demo/swagger-resources/configuration/security' start... ip:0:0:0:0:0:0:0:1
22:20:10.010 A88021223547114AC76811D93576C376 [INFO ] LogInterceptor.java: input params: null
22:20:10.010 A88021223547114AC76811D93576C376 [INFO ] LogInterceptor.java: output results: {}
22:20:10.010 A88021223547114AC76811D93576C376 [INFO ] LogInterceptor.java: GET for '/springboot-demo/swagger-resources/configuration/security' end, cost 5ms
22:20:10.010 5D8A9811B5C60EB00A1F82EDFB5C109F [INFO ] LogInterceptor.java: GET for '/springboot-demo/swagger-resources' start... ip:0:0:0:0:0:0:0:1
22:20:10.010 5D8A9811B5C60EB00A1F82EDFB5C109F [INFO ] LogInterceptor.java: input params: null
22:20:10.010 5D8A9811B5C60EB00A1F82EDFB5C109F [INFO ] LogInterceptor.java: output results: [{"name":"default","url":"/v2/api-docs","swaggerVersion":"2.0","location":"/v2/api-docs"}]
22:20:10.010 5D8A9811B5C60EB00A1F82EDFB5C109F [INFO ] LogInterceptor.java: GET for '/springboot-demo/swagger-resources' end, cost 3ms
22:20:10.010 F928088427D9E142CE4866935F426CD3 [INFO ] LogInterceptor.java: GET for '/springboot-demo/webjars/springfox-swagger-ui/fonts/titillium-web-v6-latin-700.woff2' start... ip:0:0:0:0:0:0:0:1
22:20:10.010 F928088427D9E142CE4866935F426CD3 [INFO ] LogInterceptor.java: input params: null
22:20:10.010 F928088427D9E142CE4866935F426CD3 [INFO ] LogInterceptor.java: output results: 
22:20:10.010 F928088427D9E142CE4866935F426CD3 [INFO ] LogInterceptor.java: GET for '/springboot-demo/webjars/springfox-swagger-ui/fonts/titillium-web-v6-latin-700.woff2' end, cost 2ms
22:20:10.010 9D41E5877C640540A46CF94E951B7885 [INFO ] LogInterceptor.java: GET for '/springboot-demo/webjars/springfox-swagger-ui/fonts/open-sans-v15-latin-regular.woff2' start... ip:0:0:0:0:0:0:0:1
22:20:10.010 9D41E5877C640540A46CF94E951B7885 [INFO ] LogInterceptor.java: input params: null
22:20:10.010 9D41E5877C640540A46CF94E951B7885 [INFO ] LogInterceptor.java: output results: 
22:20:10.010 9D41E5877C640540A46CF94E951B7885 [INFO ] LogInterceptor.java: GET for '/springboot-demo/webjars/springfox-swagger-ui/fonts/open-sans-v15-latin-regular.woff2' end, cost 7ms
22:20:10.010 87FFFD3D27A0FEA326142ECC1D10207B [INFO ] LogInterceptor.java: GET for '/springboot-demo/csrf' start... ip:0:0:0:0:0:0:0:1
22:20:10.010 87FFFD3D27A0FEA326142ECC1D10207B [INFO ] LogInterceptor.java: input params: null
22:20:10.010 87FFFD3D27A0FEA326142ECC1D10207B [INFO ] LogInterceptor.java: output results: 
22:20:10.010 87FFFD3D27A0FEA326142ECC1D10207B [INFO ] LogInterceptor.java: GET for '/springboot-demo/csrf' end, cost 3ms
22:20:10.010 9589A71EB36C11C3C3986A181CDEFD19 [INFO ] LogInterceptor.java: GET for '/springboot-demo/error' start... ip:0:0:0:0:0:0:0:1
22:20:10.010 9589A71EB36C11C3C3986A181CDEFD19 [INFO ] LogInterceptor.java: input params: null
22:20:10.010 9589A71EB36C11C3C3986A181CDEFD19 [INFO ] LogInterceptor.java: GET for '/springboot-demo/error' end, cost 4ms
22:20:11.011 33254AD1DDB16F9E9B6BD0C5EE59825C [INFO ] LogInterceptor.java: GET for '/springboot-demo/webjars/springfox-swagger-ui/fonts/open-sans-v15-latin-700.woff2' start... ip:0:0:0:0:0:0:0:1
22:20:11.011 7E0F4C0C5DDFCD3FCABED8D5D20EB078 [INFO ] LogInterceptor.java: GET for '/springboot-demo/webjars/springfox-swagger-ui/fonts/source-code-pro-v7-latin-300.woff2' start... ip:0:0:0:0:0:0:0:1
22:20:11.011 33254AD1DDB16F9E9B6BD0C5EE59825C [INFO ] LogInterceptor.java: input params: null
22:20:11.011 7E0F4C0C5DDFCD3FCABED8D5D20EB078 [INFO ] LogInterceptor.java: input params: null
22:20:11.011 7E0F4C0C5DDFCD3FCABED8D5D20EB078 [INFO ] LogInterceptor.java: output results: 
22:20:11.011 33254AD1DDB16F9E9B6BD0C5EE59825C [INFO ] LogInterceptor.java: output results: 
22:20:11.011 7E0F4C0C5DDFCD3FCABED8D5D20EB078 [INFO ] LogInterceptor.java: GET for '/springboot-demo/webjars/springfox-swagger-ui/fonts/source-code-pro-v7-latin-300.woff2' end, cost 2ms
22:20:11.011 33254AD1DDB16F9E9B6BD0C5EE59825C [INFO ] LogInterceptor.java: GET for '/springboot-demo/webjars/springfox-swagger-ui/fonts/open-sans-v15-latin-700.woff2' end, cost 2ms
22:20:39.039 21F64F26224232AB85D6A31106E0E214 [INFO ] LogInterceptor.java: GET for '/springboot-demo/webjars/springfox-swagger-ui/fonts/source-code-pro-v7-latin-600.woff2' start... ip:0:0:0:0:0:0:0:1
22:20:39.039 21F64F26224232AB85D6A31106E0E214 [INFO ] LogInterceptor.java: input params: null
22:20:39.039 21F64F26224232AB85D6A31106E0E214 [INFO ] LogInterceptor.java: output results: 
22:20:39.039 21F64F26224232AB85D6A31106E0E214 [INFO ] LogInterceptor.java: GET for '/springboot-demo/webjars/springfox-swagger-ui/fonts/source-code-pro-v7-latin-600.woff2' end, cost 2ms
22:20:40.040 B4DA10838312A1798E529E6DE6446BB7 [INFO ] LogInterceptor.java: GET for '/springboot-demo/webjars/springfox-swagger-ui/fonts/titillium-web-v6-latin-regular.woff2' start... ip:0:0:0:0:0:0:0:1
22:20:40.040 B4DA10838312A1798E529E6DE6446BB7 [INFO ] LogInterceptor.java: input params: null
22:20:40.040 B4DA10838312A1798E529E6DE6446BB7 [INFO ] LogInterceptor.java: output results: 
22:20:40.040 B4DA10838312A1798E529E6DE6446BB7 [INFO ] LogInterceptor.java: GET for '/springboot-demo/webjars/springfox-swagger-ui/fonts/titillium-web-v6-latin-regular.woff2' end, cost 2ms
22:21:52.052 7BBA3DB995FADF6FC2FA14FAC806324C [INFO ] LogInterceptor.java: GET for '/springboot-demo/mqtest/m5' start... ip:0:0:0:0:0:0:0:1
22:21:52.052 7BBA3DB995FADF6FC2FA14FAC806324C [INFO ] LogInterceptor.java: input params: {"delaytime":"5000","message":"hello delay queue"}
22:21:52.052 7BBA3DB995FADF6FC2FA14FAC806324C [INFO ] MessageDelayQueue.java: Send to delay queue: body=hello delay queue, expire=5000
22:21:52.052 7BBA3DB995FADF6FC2FA14FAC806324C [INFO ] LogInterceptor.java: output results: {"code":200,"msg":"success"}
22:21:52.052 7BBA3DB995FADF6FC2FA14FAC806324C [INFO ] LogInterceptor.java: GET for '/springboot-demo/mqtest/m5' end, cost 23ms
22:21:52.052 D88078AB69385BECEA6B679B1E46B798 [INFO ] LogInterceptor.java: GET for '/springboot-demo/webjars/springfox-swagger-ui/fonts/titillium-web-v6-latin-600.woff2' start... ip:0:0:0:0:0:0:0:1
22:21:52.052 D88078AB69385BECEA6B679B1E46B798 [INFO ] LogInterceptor.java: input params: null
22:21:52.052 D88078AB69385BECEA6B679B1E46B798 [INFO ] LogInterceptor.java: output results: 
22:21:52.052 D88078AB69385BECEA6B679B1E46B798 [INFO ] LogInterceptor.java: GET for '/springboot-demo/webjars/springfox-swagger-ui/fonts/titillium-web-v6-latin-600.woff2' end, cost 1ms
22:23:41.041  [INFO ] CommonFilter.java: [commonFilter] destroy...
22:23:41.041  [INFO ] StartupInfoLogger.java: Starting DemoApplication on lee with PID 10664 (D:\java\workspace2\springboot-demo\target\classes started by lee in D:\java\workspace2\springboot-demo)
22:23:41.041  [DEBUG] StartupInfoLogger.java: Running with Spring Boot v2.1.4.RELEASE, Spring v5.1.6.RELEASE
22:23:41.041  [INFO ] SpringApplication.java: The following profiles are active: dev
22:23:42.042  [INFO ] CommonFilter.java: [commonFilter] init...
22:23:43.043  [INFO ] StartupInfoLogger.java: Started DemoApplication in 2.042 seconds (JVM running for 12817.546)
22:23:50.050 09C49AFEAD4F479244C87355845AE478 [INFO ] LogInterceptor.java: GET for '/springboot-demo/mqtest/m5' start... ip:0:0:0:0:0:0:0:1
22:23:50.050 09C49AFEAD4F479244C87355845AE478 [INFO ] LogInterceptor.java: input params: {"delaytime":"5000","message":"hello delay queue"}
22:23:50.050 09C49AFEAD4F479244C87355845AE478 [INFO ] MessageDelayQueue.java: Send to delay queue: body=hello delay queue, expire=5000
22:23:50.050 09C49AFEAD4F479244C87355845AE478 [INFO ] LogInterceptor.java: output results: {"code":200,"msg":"success"}
22:23:50.050 09C49AFEAD4F479244C87355845AE478 [INFO ] LogInterceptor.java: GET for '/springboot-demo/mqtest/m5' end, cost 23ms
22:23:55.055  [INFO ] DelayQueueListener.java: delay queue receive: hello delay queue
22:24:20.020 CAFD20EF5A28E4ACE55D9655AC190070 [INFO ] LogInterceptor.java: GET for '/springboot-demo/mqtest/m5' start... ip:0:0:0:0:0:0:0:1
22:24:20.020 CAFD20EF5A28E4ACE55D9655AC190070 [INFO ] LogInterceptor.java: input params: {"delaytime":"10000","message":"hello delay queue"}
22:24:20.020 CAFD20EF5A28E4ACE55D9655AC190070 [INFO ] MessageDelayQueue.java: Send to delay queue: body=hello delay queue, expire=10000
22:24:20.020 CAFD20EF5A28E4ACE55D9655AC190070 [INFO ] LogInterceptor.java: output results: {"code":200,"msg":"success"}
22:24:20.020 CAFD20EF5A28E4ACE55D9655AC190070 [INFO ] LogInterceptor.java: GET for '/springboot-demo/mqtest/m5' end, cost 2ms
22:24:30.030  [INFO ] DelayQueueListener.java: delay queue receive: hello delay queue
22:25:49.049 9403505165F12E3DB7635B3D9687B8EA [INFO ] LogInterceptor.java: POST for '/springboot-demo/mqtest/m6/6000' start... ip:0:0:0:0:0:0:0:1
22:25:49.049 9403505165F12E3DB7635B3D9687B8EA [INFO ] LogInterceptor.java: input params: {"account":"123456","age":20,"id":5,"name":"lynn"}
22:25:49.049 9403505165F12E3DB7635B3D9687B8EA [INFO ] MessageDelayQueue.java: Send to delay queue: body=UserInfo(id=5, name=lynn, age=20, pwd=null, phone=123456, createTime=null, updateTime=null), expire=6000
22:25:49.049 9403505165F12E3DB7635B3D9687B8EA [ERROR] AppExceptionHandler.java: system error: 
java.lang.IllegalArgumentException: SimpleMessageConverter only supports String, byte[] and Serializable payloads, received: com.example.demo.entity.UserInfo
	at org.springframework.amqp.support.converter.SimpleMessageConverter.createMessage(SimpleMessageConverter.java:161)
	at org.springframework.amqp.support.converter.AbstractMessageConverter.createMessage(AbstractMessageConverter.java:88)
	at org.springframework.amqp.support.converter.AbstractMessageConverter.toMessage(AbstractMessageConverter.java:70)
	at org.springframework.amqp.support.converter.AbstractMessageConverter.toMessage(AbstractMessageConverter.java:58)
	at org.springframework.amqp.rabbit.core.RabbitTemplate.convertMessageIfNecessary(RabbitTemplate.java:1738)
	at org.springframework.amqp.rabbit.core.RabbitTemplate.convertAndSend(RabbitTemplate.java:1098)
	at org.springframework.amqp.rabbit.core.RabbitTemplate.convertAndSend(RabbitTemplate.java:1071)
	at com.example.demo.mq.service.MessageDelayQueue.send(MessageDelayQueue.java:20)
	at com.example.demo.controller.MQController.m6(MQController.java:88)
	at sun.reflect.NativeMethodAccessorImpl.invoke0(Native Method)
	at sun.reflect.NativeMethodAccessorImpl.invoke(NativeMethodAccessorImpl.java:62)
	at sun.reflect.DelegatingMethodAccessorImpl.invoke(DelegatingMethodAccessorImpl.java:43)
	at java.lang.reflect.Method.invoke(Method.java:497)
	at org.springframework.web.method.support.InvocableHandlerMethod.doInvoke(InvocableHandlerMethod.java:189)
	at org.springframework.web.method.support.InvocableHandlerMethod.invokeForRequest(InvocableHandlerMethod.java:138)
	at org.springframework.web.servlet.mvc.method.annotation.ServletInvocableHandlerMethod.invokeAndHandle(ServletInvocableHandlerMethod.java:102)
	at org.springframework.web.servlet.mvc.method.annotation.RequestMappingHandlerAdapter.invokeHandlerMethod(RequestMappingHandlerAdapter.java:892)
	at org.springframework.web.servlet.mvc.method.annotation.RequestMappingHandlerAdapter.handleInternal(RequestMappingHandlerAdapter.java:797)
	at org.springframework.web.servlet.mvc.method.AbstractHandlerMethodAdapter.handle(AbstractHandlerMethodAdapter.java:87)
	at org.springframework.web.servlet.DispatcherServlet.doDispatch(DispatcherServlet.java:1038)
	at org.springframework.web.servlet.DispatcherServlet.doService(DispatcherServlet.java:942)
	at org.springframework.web.servlet.FrameworkServlet.processRequest(FrameworkServlet.java:1005)
	at org.springframework.web.servlet.FrameworkServlet.doPost(FrameworkServlet.java:908)
	at javax.servlet.http.HttpServlet.service(HttpServlet.java:660)
	at org.springframework.web.servlet.FrameworkServlet.service(FrameworkServlet.java:882)
	at javax.servlet.http.HttpServlet.service(HttpServlet.java:741)
	at org.apache.catalina.core.ApplicationFilterChain.internalDoFilter(ApplicationFilterChain.java:231)
	at org.apache.catalina.core.ApplicationFilterChain.doFilter(ApplicationFilterChain.java:166)
	at org.apache.tomcat.websocket.server.WsFilter.doFilter(WsFilter.java:53)
	at org.apache.catalina.core.ApplicationFilterChain.internalDoFilter(ApplicationFilterChain.java:193)
	at org.apache.catalina.core.ApplicationFilterChain.doFilter(ApplicationFilterChain.java:166)
	at com.example.demo.filter.CommonFilter.doFilter(CommonFilter.java:45)
	at org.apache.catalina.core.ApplicationFilterChain.internalDoFilter(ApplicationFilterChain.java:193)
	at org.apache.catalina.core.ApplicationFilterChain.doFilter(ApplicationFilterChain.java:166)
	at org.springframework.web.filter.RequestContextFilter.doFilterInternal(RequestContextFilter.java:99)
	at org.springframework.web.filter.OncePerRequestFilter.doFilter(OncePerRequestFilter.java:107)
	at org.apache.catalina.core.ApplicationFilterChain.internalDoFilter(ApplicationFilterChain.java:193)
	at org.apache.catalina.core.ApplicationFilterChain.doFilter(ApplicationFilterChain.java:166)
	at org.springframework.web.filter.FormContentFilter.doFilterInternal(FormContentFilter.java:92)
	at org.springframework.web.filter.OncePerRequestFilter.doFilter(OncePerRequestFilter.java:107)
	at org.apache.catalina.core.ApplicationFilterChain.internalDoFilter(ApplicationFilterChain.java:193)
	at org.apache.catalina.core.ApplicationFilterChain.doFilter(ApplicationFilterChain.java:166)
	at org.springframework.web.filter.HiddenHttpMethodFilter.doFilterInternal(HiddenHttpMethodFilter.java:93)
	at org.springframework.web.filter.OncePerRequestFilter.doFilter(OncePerRequestFilter.java:107)
	at org.apache.catalina.core.ApplicationFilterChain.internalDoFilter(ApplicationFilterChain.java:193)
	at org.apache.catalina.core.ApplicationFilterChain.doFilter(ApplicationFilterChain.java:166)
	at org.springframework.web.filter.CharacterEncodingFilter.doFilterInternal(CharacterEncodingFilter.java:200)
	at org.springframework.web.filter.OncePerRequestFilter.doFilter(OncePerRequestFilter.java:107)
	at org.apache.catalina.core.ApplicationFilterChain.internalDoFilter(ApplicationFilterChain.java:193)
	at org.apache.catalina.core.ApplicationFilterChain.doFilter(ApplicationFilterChain.java:166)
	at org.apache.catalina.core.StandardWrapperValve.invoke(StandardWrapperValve.java:200)
	at org.apache.catalina.core.StandardContextValve.invoke(StandardContextValve.java:96)
	at org.apache.catalina.authenticator.AuthenticatorBase.invoke(AuthenticatorBase.java:490)
	at org.apache.catalina.core.StandardHostValve.invoke(StandardHostValve.java:139)
	at org.apache.catalina.valves.ErrorReportValve.invoke(ErrorReportValve.java:92)
	at org.apache.catalina.core.StandardEngineValve.invoke(StandardEngineValve.java:74)
	at org.apache.catalina.connector.CoyoteAdapter.service(CoyoteAdapter.java:343)
	at org.apache.coyote.http11.Http11Processor.service(Http11Processor.java:408)
	at org.apache.coyote.AbstractProcessorLight.process(AbstractProcessorLight.java:66)
	at org.apache.coyote.AbstractProtocol$ConnectionHandler.process(AbstractProtocol.java:834)
	at org.apache.tomcat.util.net.NioEndpoint$SocketProcessor.doRun(NioEndpoint.java:1415)
	at org.apache.tomcat.util.net.SocketProcessorBase.run(SocketProcessorBase.java:49)
	at java.util.concurrent.ThreadPoolExecutor.runWorker(ThreadPoolExecutor.java:1142)
	at java.util.concurrent.ThreadPoolExecutor$Worker.run(ThreadPoolExecutor.java:617)
	at org.apache.tomcat.util.threads.TaskThread$WrappingRunnable.run(TaskThread.java:61)
	at java.lang.Thread.run(Thread.java:745)
22:25:49.049 9403505165F12E3DB7635B3D9687B8EA [INFO ] LogInterceptor.java: output results: {"code":9999,"msg":"An exception has occurred here. Please contact the service provider."}
22:25:49.049 9403505165F12E3DB7635B3D9687B8EA [INFO ] LogInterceptor.java: POST for '/springboot-demo/mqtest/m6/6000' end, cost 45ms
22:26:36.036  [INFO ] CommonFilter.java: [commonFilter] destroy...
22:26:36.036  [INFO ] StartupInfoLogger.java: Starting DemoApplication on lee with PID 10664 (D:\java\workspace2\springboot-demo\target\classes started by lee in D:\java\workspace2\springboot-demo)
22:26:36.036  [DEBUG] StartupInfoLogger.java: Running with Spring Boot v2.1.4.RELEASE, Spring v5.1.6.RELEASE
22:26:36.036  [INFO ] SpringApplication.java: The following profiles are active: dev
22:26:37.037  [INFO ] CommonFilter.java: [commonFilter] init...
22:26:38.038  [INFO ] StartupInfoLogger.java: Started DemoApplication in 2.125 seconds (JVM running for 12992.315)
22:26:46.046 5F5353835C82EF06800F5290C66CA0EF [INFO ] LogInterceptor.java: POST for '/springboot-demo/mqtest/m6/6000' start... ip:0:0:0:0:0:0:0:1
22:26:46.046 5F5353835C82EF06800F5290C66CA0EF [INFO ] LogInterceptor.java: input params: {"account":"123456","age":20,"id":5,"name":"lynn"}
22:26:46.046 5F5353835C82EF06800F5290C66CA0EF [INFO ] MessageDelayQueue.java: Send to delay queue: body=UserInfo(id=5, name=lynn, age=20, pwd=null, phone=123456, createTime=null, updateTime=null), expire=6000
22:26:46.046 5F5353835C82EF06800F5290C66CA0EF [INFO ] LogInterceptor.java: output results: {"code":200,"msg":"success"}
22:26:46.046 5F5353835C82EF06800F5290C66CA0EF [INFO ] LogInterceptor.java: POST for '/springboot-demo/mqtest/m6/6000' end, cost 30ms
22:27:02.002  [INFO ] CommonFilter.java: [commonFilter] destroy...
23:21:07.007  [INFO ] StartupInfoLogger.java: Starting DemoApplication on lee with PID 13260 (D:\java\workspace2\springboot-demo\target\classes started by lee in D:\java\workspace2\springboot-demo)
23:21:07.007  [DEBUG] StartupInfoLogger.java: Running with Spring Boot v2.1.4.RELEASE, Spring v5.1.6.RELEASE
23:21:07.007  [INFO ] SpringApplication.java: The following profiles are active: dev
23:21:09.009  [INFO ] CommonFilter.java: [commonFilter] init...
23:21:11.011  [INFO ] DelayQueueListener.java: delay queue receive: (Body:'[B@429c4acd(byte[193])' MessageProperties [headers={x-first-death-exchange=, x-death=[{reason=expired, original-expiration=6000, count=1, exchange=, time=Fri May 03 22:26:50 CST 2019, routing-keys=[queue_ttl], queue=queue_ttl}], x-first-death-reason=expired, x-first-death-queue=queue_ttl}, contentType=application/x-java-serialized-object, contentLength=0, receivedDeliveryMode=PERSISTENT, priority=0, redelivered=true, receivedExchange=exchange_dlx, receivedRoutingKey=queue_delay, deliveryTag=1, consumerTag=amq.ctag-LnBNmJlrKs0QFxstVH6VRw, consumerQueue=queue_delay])
23:21:12.012  [INFO ] StartupInfoLogger.java: Started DemoApplication in 5.334 seconds (JVM running for 6.334)
23:21:23.023 3FCB21FDCC09F97AF452AC39376BBD0E [INFO ] LogInterceptor.java: POST for '/springboot-demo/mqtest/m6/6000' start... ip:0:0:0:0:0:0:0:1
23:21:23.023 3FCB21FDCC09F97AF452AC39376BBD0E [INFO ] LogInterceptor.java: input params: {"account":"123456","age":20,"id":5,"name":"lynn"}
23:21:23.023 3FCB21FDCC09F97AF452AC39376BBD0E [INFO ] MessageDelayQueue.java: Send to delay queue: body=UserInfo(id=5, name=lynn, age=20, pwd=null, phone=123456, createTime=null, updateTime=null), expire=6000
23:21:23.023 3FCB21FDCC09F97AF452AC39376BBD0E [INFO ] LogInterceptor.java: output results: {"code":200,"msg":"success"}
23:21:23.023 3FCB21FDCC09F97AF452AC39376BBD0E [INFO ] LogInterceptor.java: POST for '/springboot-demo/mqtest/m6/6000' end, cost 153ms
23:21:29.029  [INFO ] DelayQueueListener.java: delay queue receive: (Body:'[B@4fde959a(byte[193])' MessageProperties [headers={x-first-death-exchange=, x-death=[{reason=expired, original-expiration=6000, count=1, exchange=, time=Fri May 03 23:21:26 CST 2019, routing-keys=[queue_ttl], queue=queue_ttl}], x-first-death-reason=expired, x-first-death-queue=queue_ttl}, contentType=application/x-java-serialized-object, contentLength=0, receivedDeliveryMode=PERSISTENT, priority=0, redelivered=false, receivedExchange=exchange_dlx, receivedRoutingKey=queue_delay, deliveryTag=2, consumerTag=amq.ctag-LnBNmJlrKs0QFxstVH6VRw, consumerQueue=queue_delay])
