21:42:41.041  [INFO ] StartupInfoLogger.java: Starting DemoApplication on lee with PID 9704 (D:\java\workspace2\springboot-demo\target\classes started by lee in D:\java\workspace2\springboot-demo)
21:42:41.041  [DEBUG] StartupInfoLogger.java: Running with Spring Boot v2.1.4.RELEASE, Spring v5.1.6.RELEASE
21:42:41.041  [INFO ] SpringApplication.java: The following profiles are active: dev
21:42:43.043  [INFO ] CommonFilter.java: [commonFilter] init...
21:42:45.045  [INFO ] StartupInfoLogger.java: Started DemoApplication in 4.467 seconds (JVM running for 5.441)
21:44:15.015 196A7A2F8B7CBE746BCDD2D8F6349C17 [INFO ] LogInterceptor.java: GET for '/springboot-demo/swagger-ui.html' start... ip:0:0:0:0:0:0:0:1
21:44:15.015 196A7A2F8B7CBE746BCDD2D8F6349C17 [INFO ] LogInterceptor.java: input params: null
21:44:15.015 196A7A2F8B7CBE746BCDD2D8F6349C17 [INFO ] LogInterceptor.java: GET for '/springboot-demo/swagger-ui.html' end, cost 11ms
21:44:15.015 57A997EE5EC6B307E9C9F2583C032362 [INFO ] LogInterceptor.java: GET for '/springboot-demo/webjars/springfox-swagger-ui/springfox.css' start... ip:0:0:0:0:0:0:0:1
21:44:15.015 A4BCEF8F8C8F9899EDBB8F736D591AC8 [INFO ] LogInterceptor.java: GET for '/springboot-demo/webjars/springfox-swagger-ui/swagger-ui.css' start... ip:0:0:0:0:0:0:0:1
21:44:15.015 4497C4BD1AE624158F5A87635EC54215 [INFO ] LogInterceptor.java: GET for '/springboot-demo/webjars/springfox-swagger-ui/swagger-ui-bundle.js' start... ip:0:0:0:0:0:0:0:1
21:44:15.015 91B06DBF537926A6B4899E1EC12E6EED [INFO ] LogInterceptor.java: GET for '/springboot-demo/webjars/springfox-swagger-ui/swagger-ui-standalone-preset.js' start... ip:0:0:0:0:0:0:0:1
21:44:15.015 4D83C76B75073AADF2C4F275F81F4373 [INFO ] LogInterceptor.java: GET for '/springboot-demo/webjars/springfox-swagger-ui/springfox.js' start... ip:0:0:0:0:0:0:0:1
21:44:15.015 57A997EE5EC6B307E9C9F2583C032362 [INFO ] LogInterceptor.java: input params: {"v":"2.9.2"}
21:44:15.015 4D83C76B75073AADF2C4F275F81F4373 [INFO ] LogInterceptor.java: input params: {"v":"2.9.2"}
21:44:15.015 91B06DBF537926A6B4899E1EC12E6EED [INFO ] LogInterceptor.java: input params: {"v":"2.9.2"}
21:44:15.015 4497C4BD1AE624158F5A87635EC54215 [INFO ] LogInterceptor.java: input params: {"v":"2.9.2"}
21:44:15.015 A4BCEF8F8C8F9899EDBB8F736D591AC8 [INFO ] LogInterceptor.java: input params: {"v":"2.9.2"}
21:44:15.015 57A997EE5EC6B307E9C9F2583C032362 [INFO ] LogInterceptor.java: GET for '/springboot-demo/webjars/springfox-swagger-ui/springfox.css' end, cost 59ms
21:44:15.015 4D83C76B75073AADF2C4F275F81F4373 [INFO ] LogInterceptor.java: GET for '/springboot-demo/webjars/springfox-swagger-ui/springfox.js' end, cost 64ms
21:44:15.015 A4BCEF8F8C8F9899EDBB8F736D591AC8 [INFO ] LogInterceptor.java: GET for '/springboot-demo/webjars/springfox-swagger-ui/swagger-ui.css' end, cost 65ms
21:44:15.015 91B06DBF537926A6B4899E1EC12E6EED [INFO ] LogInterceptor.java: GET for '/springboot-demo/webjars/springfox-swagger-ui/swagger-ui-standalone-preset.js' end, cost 75ms
21:44:15.015 4497C4BD1AE624158F5A87635EC54215 [INFO ] LogInterceptor.java: GET for '/springboot-demo/webjars/springfox-swagger-ui/swagger-ui-bundle.js' end, cost 102ms
21:44:16.016 D87A1DB3A0C9F174F3CBD93716417280 [INFO ] LogInterceptor.java: GET for '/springboot-demo/webjars/springfox-swagger-ui/favicon-32x32.png' start... ip:0:0:0:0:0:0:0:1
21:44:16.016 FD96476B3DC67BCE609B5BC3F4D10CE0 [INFO ] LogInterceptor.java: GET for '/springboot-demo/swagger-resources/configuration/ui' start... ip:0:0:0:0:0:0:0:1
21:44:16.016 D87A1DB3A0C9F174F3CBD93716417280 [INFO ] LogInterceptor.java: input params: {"v":"2.9.2"}
21:44:16.016 D87A1DB3A0C9F174F3CBD93716417280 [INFO ] LogInterceptor.java: GET for '/springboot-demo/webjars/springfox-swagger-ui/favicon-32x32.png' end, cost 2ms
21:44:16.016 21E804CBC08290F77EB207B8EB4CB553 [INFO ] LogInterceptor.java: GET for '/springboot-demo/webjars/springfox-swagger-ui/favicon-16x16.png' start... ip:0:0:0:0:0:0:0:1
21:44:16.016 21E804CBC08290F77EB207B8EB4CB553 [INFO ] LogInterceptor.java: input params: {"v":"2.9.2"}
21:44:16.016 21E804CBC08290F77EB207B8EB4CB553 [INFO ] LogInterceptor.java: GET for '/springboot-demo/webjars/springfox-swagger-ui/favicon-16x16.png' end, cost 3ms
21:44:16.016 FD96476B3DC67BCE609B5BC3F4D10CE0 [INFO ] LogInterceptor.java: input params: null
21:44:16.016 FD96476B3DC67BCE609B5BC3F4D10CE0 [INFO ] LogInterceptor.java: output results: {"deepLinking":true,"displayOperationId":false,"defaultModelsExpandDepth":1,"defaultModelExpandDepth":1,"defaultModelRendering":"example","displayRequestDuration":false,"docExpansion":"none","filter":false,"operationsSorter":"alpha","showExtensions":false,"tagsSorter":"alpha","validatorUrl":"","apisSorter":"alpha","jsonEditor":false,"showRequestHeaders":false,"supportedSubmitMethods":["get","put","post","delete","options","head","patch","trace"]}
21:44:16.016 FD96476B3DC67BCE609B5BC3F4D10CE0 [INFO ] LogInterceptor.java: GET for '/springboot-demo/swagger-resources/configuration/ui' end, cost 50ms
21:44:16.016 FAB8C5CBD21A1656D085AEFB6BCB5760 [INFO ] LogInterceptor.java: GET for '/springboot-demo/swagger-resources/configuration/security' start... ip:0:0:0:0:0:0:0:1
21:44:16.016 FAB8C5CBD21A1656D085AEFB6BCB5760 [INFO ] LogInterceptor.java: input params: null
21:44:16.016 FAB8C5CBD21A1656D085AEFB6BCB5760 [INFO ] LogInterceptor.java: output results: {}
21:44:16.016 FAB8C5CBD21A1656D085AEFB6BCB5760 [INFO ] LogInterceptor.java: GET for '/springboot-demo/swagger-resources/configuration/security' end, cost 0ms
21:44:16.016 4B3FDEBAA495C16C6211EA1C439382EE [INFO ] LogInterceptor.java: GET for '/springboot-demo/swagger-resources' start... ip:0:0:0:0:0:0:0:1
21:44:16.016 4B3FDEBAA495C16C6211EA1C439382EE [INFO ] LogInterceptor.java: input params: null
21:44:16.016 4B3FDEBAA495C16C6211EA1C439382EE [INFO ] LogInterceptor.java: output results: [{"name":"default","url":"/v2/api-docs","swaggerVersion":"2.0","location":"/v2/api-docs"}]
21:44:16.016 4B3FDEBAA495C16C6211EA1C439382EE [INFO ] LogInterceptor.java: GET for '/springboot-demo/swagger-resources' end, cost 0ms
21:44:16.016 A28A5FABD6B8F2668235217884C15E1C [INFO ] LogInterceptor.java: GET for '/springboot-demo/webjars/springfox-swagger-ui/fonts/titillium-web-v6-latin-700.woff2' start... ip:0:0:0:0:0:0:0:1
21:44:16.016 A28A5FABD6B8F2668235217884C15E1C [INFO ] LogInterceptor.java: input params: null
21:44:16.016 ADF760F594ED88EEFF4B115ADE5E3322 [INFO ] LogInterceptor.java: GET for '/springboot-demo/webjars/springfox-swagger-ui/fonts/open-sans-v15-latin-regular.woff2' start... ip:0:0:0:0:0:0:0:1
21:44:16.016 ADF760F594ED88EEFF4B115ADE5E3322 [INFO ] LogInterceptor.java: input params: null
21:44:16.016 A28A5FABD6B8F2668235217884C15E1C [INFO ] LogInterceptor.java: GET for '/springboot-demo/webjars/springfox-swagger-ui/fonts/titillium-web-v6-latin-700.woff2' end, cost 8ms
21:44:16.016 ADF760F594ED88EEFF4B115ADE5E3322 [INFO ] LogInterceptor.java: GET for '/springboot-demo/webjars/springfox-swagger-ui/fonts/open-sans-v15-latin-regular.woff2' end, cost 6ms
21:44:16.016 5D2D7A147BC8CCE3F93DAE83BCC02043 [INFO ] LogInterceptor.java: GET for '/springboot-demo/webjars/springfox-swagger-ui/fonts/source-code-pro-v7-latin-300.woff2' start... ip:0:0:0:0:0:0:0:1
21:44:16.016 6BA2AA798782A058001A61C9A6A1FBD7 [INFO ] LogInterceptor.java: GET for '/springboot-demo/webjars/springfox-swagger-ui/fonts/open-sans-v15-latin-700.woff2' start... ip:0:0:0:0:0:0:0:1
21:44:16.016 5D2D7A147BC8CCE3F93DAE83BCC02043 [INFO ] LogInterceptor.java: input params: null
21:44:16.016 6BA2AA798782A058001A61C9A6A1FBD7 [INFO ] LogInterceptor.java: input params: null
21:44:16.016 5D2D7A147BC8CCE3F93DAE83BCC02043 [INFO ] LogInterceptor.java: GET for '/springboot-demo/webjars/springfox-swagger-ui/fonts/source-code-pro-v7-latin-300.woff2' end, cost 4ms
21:44:16.016 6BA2AA798782A058001A61C9A6A1FBD7 [INFO ] LogInterceptor.java: GET for '/springboot-demo/webjars/springfox-swagger-ui/fonts/open-sans-v15-latin-700.woff2' end, cost 4ms
21:44:16.016 69C606AB0ADBD7FDAAE860D826FF7DC5 [INFO ] LogInterceptor.java: GET for '/springboot-demo/csrf' start... ip:0:0:0:0:0:0:0:1
21:44:16.016 69C606AB0ADBD7FDAAE860D826FF7DC5 [INFO ] LogInterceptor.java: input params: null
21:44:16.016 69C606AB0ADBD7FDAAE860D826FF7DC5 [INFO ] LogInterceptor.java: output results: 
21:44:16.016 69C606AB0ADBD7FDAAE860D826FF7DC5 [INFO ] LogInterceptor.java: GET for '/springboot-demo/csrf' end, cost 3ms
21:44:16.016 E5DB57D221FF1325C17B6F61E40BC6BD [INFO ] LogInterceptor.java: GET for '/springboot-demo/error' start... ip:0:0:0:0:0:0:0:1
21:44:16.016 E5DB57D221FF1325C17B6F61E40BC6BD [INFO ] LogInterceptor.java: input params: null
21:44:16.016 E5DB57D221FF1325C17B6F61E40BC6BD [INFO ] LogInterceptor.java: GET for '/springboot-demo/error' end, cost 5ms
21:45:20.020 32892250BCF9C2F0489B086D796AA519 [INFO ] LogInterceptor.java: GET for '/springboot-demo/webjars/springfox-swagger-ui/fonts/source-code-pro-v7-latin-600.woff2' start... ip:0:0:0:0:0:0:0:1
21:45:20.020 32892250BCF9C2F0489B086D796AA519 [INFO ] LogInterceptor.java: input params: null
21:45:20.020 32892250BCF9C2F0489B086D796AA519 [INFO ] LogInterceptor.java: GET for '/springboot-demo/webjars/springfox-swagger-ui/fonts/source-code-pro-v7-latin-600.woff2' end, cost 4ms
21:45:43.043 23A71DA59155D11A2C26B41C00EBFA45 [INFO ] LogInterceptor.java: GET for '/springboot-demo/webjars/springfox-swagger-ui/fonts/titillium-web-v6-latin-regular.woff2' start... ip:0:0:0:0:0:0:0:1
21:45:43.043 23A71DA59155D11A2C26B41C00EBFA45 [INFO ] LogInterceptor.java: input params: null
21:45:43.043 23A71DA59155D11A2C26B41C00EBFA45 [INFO ] LogInterceptor.java: GET for '/springboot-demo/webjars/springfox-swagger-ui/fonts/titillium-web-v6-latin-regular.woff2' end, cost 2ms
21:46:29.029 D6B65233CCED68619FDD2193576FABDB [INFO ] LogInterceptor.java: GET for '/springboot-demo/webjars/springfox-swagger-ui/fonts/titillium-web-v6-latin-600.woff2' start... ip:0:0:0:0:0:0:0:1
21:46:29.029 D6B65233CCED68619FDD2193576FABDB [INFO ] LogInterceptor.java: input params: null
21:46:29.029 D6B65233CCED68619FDD2193576FABDB [INFO ] LogInterceptor.java: GET for '/springboot-demo/webjars/springfox-swagger-ui/fonts/titillium-web-v6-latin-600.woff2' end, cost 3ms
21:49:18.018 F5851DD91CCE4B6BA4D7726C9B75F2D2 [INFO ] LogInterceptor.java: POST for '/springboot-demo/post/m1' start... ip:0:0:0:0:0:0:0:1
21:49:18.018 F5851DD91CCE4B6BA4D7726C9B75F2D2 [INFO ] LogInterceptor.java: input params: {"name":"lynn","age":20}
21:49:18.018 F5851DD91CCE4B6BA4D7726C9B75F2D2 [INFO ] PostController.java: req1 params={"name":"lynn","age":20}
21:49:18.018 F5851DD91CCE4B6BA4D7726C9B75F2D2 [INFO ] PostController.java: res1={code=200, data={"name":"lynn","age":20}, message=success}
21:49:18.018 F5851DD91CCE4B6BA4D7726C9B75F2D2 [INFO ] LogInterceptor.java: output results: {"code":"200","data":"{\"name\":\"lynn\",\"age\":20}","message":"success"}
21:49:18.018 F5851DD91CCE4B6BA4D7726C9B75F2D2 [INFO ] LogInterceptor.java: POST for '/springboot-demo/post/m1' end, cost 29ms
21:51:20.020 1774392384D6B5D093FCBE1159683B6A [INFO ] LogInterceptor.java: POST for '/springboot-demo/post/m1' start... ip:0:0:0:0:0:0:0:1
21:51:20.020 1774392384D6B5D093FCBE1159683B6A [INFO ] LogInterceptor.java: input params: null
21:51:20.020 1774392384D6B5D093FCBE1159683B6A [INFO ] PostController.java: req1 params="{\"name\":\"lynn\",\"age\":20}"
21:51:20.020 1774392384D6B5D093FCBE1159683B6A [INFO ] PostController.java: res1={code=200, data="{\"name\":\"lynn\",\"age\":20}", message=success}
21:51:20.020 1774392384D6B5D093FCBE1159683B6A [INFO ] LogInterceptor.java: output results: {"code":"200","data":"\"{\\\"name\\\":\\\"lynn\\\",\\\"age\\\":20}\"","message":"success"}
21:51:20.020 1774392384D6B5D093FCBE1159683B6A [INFO ] LogInterceptor.java: POST for '/springboot-demo/post/m1' end, cost 4ms
21:57:28.028 516002078179602E421284250B4BA42D [INFO ] LogInterceptor.java: POST for '/springboot-demo/post/m3' start... ip:0:0:0:0:0:0:0:1
21:57:28.028 516002078179602E421284250B4BA42D [INFO ] LogInterceptor.java: input params: {"account":"qwrt","age":18,"createTime":"2019-05-01T13:54:54.680Z","id":15,"name":"string","updateTime":"2019-05-01T13:54:54.680Z"}
21:57:28.028 516002078179602E421284250B4BA42D [ERROR] AppExceptionHandler.java: system error: 
org.springframework.http.converter.HttpMessageNotReadableException: JSON parse error: Cannot deserialize value of type `java.util.Date` from String "2019-05-01T13:54:54.680Z": expected format "yyyy-MM-dd HH:mm:ss"; nested exception is com.fasterxml.jackson.databind.exc.InvalidFormatException: Cannot deserialize value of type `java.util.Date` from String "2019-05-01T13:54:54.680Z": expected format "yyyy-MM-dd HH:mm:ss"
 at [Source: (PushbackInputStream); line: 1, column: 50] (through reference chain: com.example.demo.entity.UserInfo["createTime"])
	at org.springframework.http.converter.json.AbstractJackson2HttpMessageConverter.readJavaType(AbstractJackson2HttpMessageConverter.java:245)
	at org.springframework.http.converter.json.AbstractJackson2HttpMessageConverter.read(AbstractJackson2HttpMessageConverter.java:227)
	at org.springframework.web.servlet.mvc.method.annotation.AbstractMessageConverterMethodArgumentResolver.readWithMessageConverters(AbstractMessageConverterMethodArgumentResolver.java:204)
	at org.springframework.web.servlet.mvc.method.annotation.RequestResponseBodyMethodProcessor.readWithMessageConverters(RequestResponseBodyMethodProcessor.java:157)
	at org.springframework.web.servlet.mvc.method.annotation.RequestResponseBodyMethodProcessor.resolveArgument(RequestResponseBodyMethodProcessor.java:130)
	at org.springframework.web.method.support.HandlerMethodArgumentResolverComposite.resolveArgument(HandlerMethodArgumentResolverComposite.java:126)
	at org.springframework.web.method.support.InvocableHandlerMethod.getMethodArgumentValues(InvocableHandlerMethod.java:166)
	at org.springframework.web.method.support.InvocableHandlerMethod.invokeForRequest(InvocableHandlerMethod.java:134)
	at org.springframework.web.servlet.mvc.method.annotation.ServletInvocableHandlerMethod.invokeAndHandle(ServletInvocableHandlerMethod.java:102)
	at org.springframework.web.servlet.mvc.method.annotation.RequestMappingHandlerAdapter.invokeHandlerMethod(RequestMappingHandlerAdapter.java:892)
	at org.springframework.web.servlet.mvc.method.annotation.RequestMappingHandlerAdapter.handleInternal(RequestMappingHandlerAdapter.java:797)
	at org.springframework.web.servlet.mvc.method.AbstractHandlerMethodAdapter.handle(AbstractHandlerMethodAdapter.java:87)
	at org.springframework.web.servlet.DispatcherServlet.doDispatch(DispatcherServlet.java:1038)
	at org.springframework.web.servlet.DispatcherServlet.doService(DispatcherServlet.java:942)
	at org.springframework.web.servlet.FrameworkServlet.processRequest(FrameworkServlet.java:1005)
	at org.springframework.web.servlet.FrameworkServlet.doPost(FrameworkServlet.java:908)
	at javax.servlet.http.HttpServlet.service(HttpServlet.java:660)
	at org.springframework.web.servlet.FrameworkServlet.service(FrameworkServlet.java:882)
	at javax.servlet.http.HttpServlet.service(HttpServlet.java:741)
	at org.apache.catalina.core.ApplicationFilterChain.internalDoFilter(ApplicationFilterChain.java:231)
	at org.apache.catalina.core.ApplicationFilterChain.doFilter(ApplicationFilterChain.java:166)
	at org.apache.tomcat.websocket.server.WsFilter.doFilter(WsFilter.java:53)
	at org.apache.catalina.core.ApplicationFilterChain.internalDoFilter(ApplicationFilterChain.java:193)
	at org.apache.catalina.core.ApplicationFilterChain.doFilter(ApplicationFilterChain.java:166)
	at com.example.demo.filter.CommonFilter.doFilter(CommonFilter.java:45)
	at org.apache.catalina.core.ApplicationFilterChain.internalDoFilter(ApplicationFilterChain.java:193)
	at org.apache.catalina.core.ApplicationFilterChain.doFilter(ApplicationFilterChain.java:166)
	at org.springframework.web.filter.RequestContextFilter.doFilterInternal(RequestContextFilter.java:99)
	at org.springframework.web.filter.OncePerRequestFilter.doFilter(OncePerRequestFilter.java:107)
	at org.apache.catalina.core.ApplicationFilterChain.internalDoFilter(ApplicationFilterChain.java:193)
	at org.apache.catalina.core.ApplicationFilterChain.doFilter(ApplicationFilterChain.java:166)
	at org.springframework.web.filter.FormContentFilter.doFilterInternal(FormContentFilter.java:92)
	at org.springframework.web.filter.OncePerRequestFilter.doFilter(OncePerRequestFilter.java:107)
	at org.apache.catalina.core.ApplicationFilterChain.internalDoFilter(ApplicationFilterChain.java:193)
	at org.apache.catalina.core.ApplicationFilterChain.doFilter(ApplicationFilterChain.java:166)
	at org.springframework.web.filter.HiddenHttpMethodFilter.doFilterInternal(HiddenHttpMethodFilter.java:93)
	at org.springframework.web.filter.OncePerRequestFilter.doFilter(OncePerRequestFilter.java:107)
	at org.apache.catalina.core.ApplicationFilterChain.internalDoFilter(ApplicationFilterChain.java:193)
	at org.apache.catalina.core.ApplicationFilterChain.doFilter(ApplicationFilterChain.java:166)
	at org.springframework.web.filter.CharacterEncodingFilter.doFilterInternal(CharacterEncodingFilter.java:200)
	at org.springframework.web.filter.OncePerRequestFilter.doFilter(OncePerRequestFilter.java:107)
	at org.apache.catalina.core.ApplicationFilterChain.internalDoFilter(ApplicationFilterChain.java:193)
	at org.apache.catalina.core.ApplicationFilterChain.doFilter(ApplicationFilterChain.java:166)
	at org.apache.catalina.core.StandardWrapperValve.invoke(StandardWrapperValve.java:200)
	at org.apache.catalina.core.StandardContextValve.invoke(StandardContextValve.java:96)
	at org.apache.catalina.authenticator.AuthenticatorBase.invoke(AuthenticatorBase.java:490)
	at org.apache.catalina.core.StandardHostValve.invoke(StandardHostValve.java:139)
	at org.apache.catalina.valves.ErrorReportValve.invoke(ErrorReportValve.java:92)
	at org.apache.catalina.core.StandardEngineValve.invoke(StandardEngineValve.java:74)
	at org.apache.catalina.connector.CoyoteAdapter.service(CoyoteAdapter.java:343)
	at org.apache.coyote.http11.Http11Processor.service(Http11Processor.java:408)
	at org.apache.coyote.AbstractProcessorLight.process(AbstractProcessorLight.java:66)
	at org.apache.coyote.AbstractProtocol$ConnectionHandler.process(AbstractProtocol.java:834)
	at org.apache.tomcat.util.net.NioEndpoint$SocketProcessor.doRun(NioEndpoint.java:1415)
	at org.apache.tomcat.util.net.SocketProcessorBase.run(SocketProcessorBase.java:49)
	at java.util.concurrent.ThreadPoolExecutor.runWorker(ThreadPoolExecutor.java:1142)
	at java.util.concurrent.ThreadPoolExecutor$Worker.run(ThreadPoolExecutor.java:617)
	at org.apache.tomcat.util.threads.TaskThread$WrappingRunnable.run(TaskThread.java:61)
	at java.lang.Thread.run(Thread.java:745)
Caused by: com.fasterxml.jackson.databind.exc.InvalidFormatException: Cannot deserialize value of type `java.util.Date` from String "2019-05-01T13:54:54.680Z": expected format "yyyy-MM-dd HH:mm:ss"
 at [Source: (PushbackInputStream); line: 1, column: 50] (through reference chain: com.example.demo.entity.UserInfo["createTime"])
	at com.fasterxml.jackson.databind.exc.InvalidFormatException.from(InvalidFormatException.java:67)
	at com.fasterxml.jackson.databind.DeserializationContext.weirdStringException(DeserializationContext.java:1549)
	at com.fasterxml.jackson.databind.DeserializationContext.handleWeirdStringValue(DeserializationContext.java:911)
	at com.fasterxml.jackson.databind.deser.std.DateDeserializers$DateBasedDeserializer._parseDate(DateDeserializers.java:189)
	at com.fasterxml.jackson.databind.deser.std.DateDeserializers$DateDeserializer.deserialize(DateDeserializers.java:285)
	at com.fasterxml.jackson.databind.deser.std.DateDeserializers$DateDeserializer.deserialize(DateDeserializers.java:268)
	at com.fasterxml.jackson.databind.deser.impl.MethodProperty.deserializeAndSet(MethodProperty.java:127)
	at com.fasterxml.jackson.databind.deser.BeanDeserializer.deserializeFromObject(BeanDeserializer.java:369)
	at com.fasterxml.jackson.databind.deser.BeanDeserializer.deserialize(BeanDeserializer.java:159)
	at com.fasterxml.jackson.databind.ObjectMapper._readMapAndClose(ObjectMapper.java:4013)
	at com.fasterxml.jackson.databind.ObjectMapper.readValue(ObjectMapper.java:3084)
	at org.springframework.http.converter.json.AbstractJackson2HttpMessageConverter.readJavaType(AbstractJackson2HttpMessageConverter.java:239)
	... 58 common frames omitted
21:57:28.028 516002078179602E421284250B4BA42D [INFO ] LogInterceptor.java: output results: {"code":9999,"msg":"An exception has occurred here. Please contact the service provider."}
21:57:28.028 516002078179602E421284250B4BA42D [INFO ] LogInterceptor.java: POST for '/springboot-demo/post/m3' end, cost 31ms
21:58:44.044 512430FD75E3BE92B6B9D7D3BCDB2439 [INFO ] LogInterceptor.java: POST for '/springboot-demo/post/m3' start... ip:0:0:0:0:0:0:0:1
21:58:44.044 512430FD75E3BE92B6B9D7D3BCDB2439 [INFO ] LogInterceptor.java: input params: {"account":"qwrt","age":18,"id":15,"name":"string"}
21:58:44.044 512430FD75E3BE92B6B9D7D3BCDB2439 [INFO ] PostController.java: req3 params=UserInfo(id=15, name=string, age=18, pwd=null, phone=qwrt, createTime=null, updateTime=null)
21:58:44.044 512430FD75E3BE92B6B9D7D3BCDB2439 [INFO ] PostController.java: res3={code=200, data=UserInfo(id=15, name=string, age=18, pwd=null, phone=qwrt, createTime=null, updateTime=null), message=success}
21:58:44.044 512430FD75E3BE92B6B9D7D3BCDB2439 [INFO ] LogInterceptor.java: output results: {"code":"200","data":{"id":15,"name":"string","age":18,"createTime":null,"updateTime":null,"account":"qwrt"},"message":"success"}
21:58:44.044 512430FD75E3BE92B6B9D7D3BCDB2439 [INFO ] LogInterceptor.java: POST for '/springboot-demo/post/m3' end, cost 7ms
22:00:17.017 1C018C84C105B3725B8CB3B4BB8CC2A4 [INFO ] LogInterceptor.java: POST for '/springboot-demo/file/upload' start... ip:0:0:0:0:0:0:0:1
22:00:17.017 1C018C84C105B3725B8CB3B4BB8CC2A4 [INFO ] LogInterceptor.java: input params: null
22:00:17.017 1C018C84C105B3725B8CB3B4BB8CC2A4 [INFO ] FileController.java: 上传文件：name=null, size=897kb
22:00:17.017 1C018C84C105B3725B8CB3B4BB8CC2A4 [INFO ] FileServiceImpl.java: allowFieTypes:[xls, xlsx, jpg, png, jpeg, txt, mp4, mp3]
22:00:17.017 1C018C84C105B3725B8CB3B4BB8CC2A4 [INFO ] FileServiceImpl.java: map:{uid=zhangsan, pwd=12345}
22:00:17.017 1C018C84C105B3725B8CB3B4BB8CC2A4 [INFO ] FileServiceImpl.java: 存储文件：D:/java/workspace2/springboot-demo/app_temps/9373a43b8571346c70ae1d313b3e4568.jpg
22:00:17.017  [INFO ] FileServiceImpl.java: 异步读取文件，处理数据中。。。
22:00:17.017 1C018C84C105B3725B8CB3B4BB8CC2A4 [INFO ] LogInterceptor.java: output results: {"code":200,"msg":"success","data":"D:/java/workspace2/springboot-demo/app_temps/9373a43b8571346c70ae1d313b3e4568.jpg"}
22:00:17.017 1C018C84C105B3725B8CB3B4BB8CC2A4 [INFO ] LogInterceptor.java: POST for '/springboot-demo/file/upload' end, cost 9ms
